 ---------------------------------------------------------------
 Surface and Strip Forces by surface

  Sref =  1.2850       Cref = 0.25900       Bref =  4.9540    
  Xref =-0.65000E-01   Yref =  0.0000       Zref =  0.0000    

  Surface # 1     Wing                                    
     # Chordwise = 12   # Spanwise = 50     First strip =  1
     Surface area Ssurf =    0.641762     Ave. chord Cave =    0.259089

 Forces referred to Sref, Cref, Bref about Xref, Yref, Zref
 Standard axis orientation,  X fwd, Z down         
     CLsurf  =   0.42697     Clsurf  =  -0.09445
     CYsurf  =  -0.00103     Cmsurf  =  -0.26833
     CDsurf  =   0.00612     Cnsurf  =  -0.00727
     CDisurf =   0.00612     CDvsurf =   0.00000

 Forces referred to Ssurf, Cave 
     CLsurf  =   0.85492     CDsurf  =   0.01225

 Strip Forces referred to Strip Area, Chord
    j     Xle      Yle      Zle      Chord    Area     c_cl     ai     cl_norm    cl       cd       cdv    cm_c/4     cm_LE   C.P.x/c
     1   0.0000   0.0255   0.0000   0.2900   0.0148   0.2573   0.0209   0.8901   0.8901   0.0093   0.0000  -0.0821  -0.3039    0.342
     2   0.0000   0.0760   0.0000   0.2900   0.0145   0.2572   0.0209   0.8900   0.8900   0.0093   0.0000  -0.0821  -0.3039    0.342
     3   0.0000   0.1265   0.0000   0.2900   0.0148   0.2572   0.0210   0.8899   0.8899   0.0093   0.0000  -0.0821  -0.3038    0.342
     4   0.0000   0.1770   0.0000   0.2900   0.0145   0.2571   0.0210   0.8896   0.8896   0.0093   0.0000  -0.0821  -0.3038    0.342
     5   0.0000   0.2275   0.0000   0.2900   0.0148   0.2570   0.0211   0.8893   0.8893   0.0094   0.0000  -0.0821  -0.3037    0.342
     6   0.0000   0.2780   0.0000   0.2900   0.0145   0.2569   0.0212   0.8889   0.8889   0.0094   0.0000  -0.0821  -0.3036    0.342
     7   0.0000   0.3285   0.0000   0.2900   0.0148   0.2568   0.0214   0.8884   0.8884   0.0095   0.0000  -0.0821  -0.3034    0.342
     8   0.0000   0.3790   0.0000   0.2900   0.0145   0.2566   0.0215   0.8878   0.8878   0.0095   0.0000  -0.0821  -0.3033    0.342
     9   0.0000   0.4295   0.0000   0.2900   0.0148   0.2564   0.0217   0.8872   0.8872   0.0096   0.0000  -0.0821  -0.3031    0.343
    10   0.0000   0.4805   0.0000   0.2900   0.0148   0.2562   0.0219   0.8864   0.8864   0.0097   0.0000  -0.0821  -0.3029    0.343
    11   0.0000   0.5310   0.0000   0.2900   0.0145   0.2559   0.0222   0.8855   0.8855   0.0098   0.0000  -0.0820  -0.3027    0.343
    12   0.0000   0.5815   0.0000   0.2900   0.0148   0.2556   0.0224   0.8845   0.8845   0.0099   0.0000  -0.0820  -0.3024    0.343
    13   0.0000   0.6320   0.0000   0.2900   0.0145   0.2553   0.0227   0.8834   0.8834   0.0100   0.0000  -0.0820  -0.3021    0.343
    14   0.0000   0.6825   0.0000   0.2900   0.0148   0.2550   0.0231   0.8821   0.8821   0.0102   0.0000  -0.0820  -0.3018    0.343
    15   0.0000   0.7330   0.0000   0.2900   0.0145   0.2546   0.0235   0.8807   0.8807   0.0103   0.0000  -0.0819  -0.3014    0.343
    16   0.0000   0.7835   0.0000   0.2900   0.0148   0.2541   0.0239   0.8792   0.8792   0.0105   0.0000  -0.0819  -0.3010    0.343
    17   0.0000   0.8340   0.0000   0.2900   0.0145   0.2536   0.0243   0.8775   0.8775   0.0107   0.0000  -0.0819  -0.3005    0.343
    18   0.0000   0.8845   0.0000   0.2900   0.0148   0.2531   0.0248   0.8756   0.8756   0.0108   0.0000  -0.0818  -0.3000    0.343
    19   0.0000   0.9355   0.0000   0.2900   0.0148   0.2525   0.0254   0.8735   0.8735   0.0111   0.0000  -0.0818  -0.2995    0.344
    20   0.0000   0.9860   0.0000   0.2900   0.0145   0.2518   0.0260   0.8712   0.8712   0.0113   0.0000  -0.0817  -0.2988    0.344
    21   0.0000   1.0365   0.0000   0.2900   0.0148   0.2511   0.0267   0.8686   0.8686   0.0116   0.0000  -0.0817  -0.2981    0.344
    22   0.0000   1.0870   0.0000   0.2900   0.0145   0.2503   0.0275   0.8658   0.8658   0.0118   0.0000  -0.0816  -0.2974    0.344
    23   0.0000   1.1375   0.0000   0.2900   0.0148   0.2494   0.0283   0.8626   0.8626   0.0121   0.0000  -0.0815  -0.2965    0.344
    24   0.0000   1.1880   0.0000   0.2900   0.0145   0.2484   0.0293   0.8591   0.8591   0.0125   0.0000  -0.0814  -0.2955    0.345
    25   0.0000   1.2258   0.0000   0.2900   0.0074   0.2475   0.0301   0.8561   0.8561   0.0127   0.0000  -0.0813  -0.2947    0.345
    26   0.0000   1.2512   0.0000   0.2900   0.0074   0.2468   0.0307   0.8534   0.8534   0.0130   0.0000  -0.0812  -0.2939    0.345
    27   0.0000   1.2890   0.0000   0.2900   0.0145   0.2458   0.0318   0.8500   0.8500   0.0133   0.0000  -0.0810  -0.2929    0.345
    28   0.0000   1.3395   0.0000   0.2895   0.0148   0.2442   0.0327   0.8459   0.8459   0.0138   0.0000  -0.0810  -0.2919    0.346
    29   0.0005   1.3905   0.0000   0.2885   0.0147   0.2423   0.0340   0.8426   0.8424   0.0139   0.0000  -0.0807  -0.2906    0.346
    30   0.0010   1.4410   0.0000   0.2870   0.0144   0.2401   0.0351   0.8391   0.8391   0.0141   0.0000  -0.0804  -0.2896    0.346
    31   0.0015   1.4915   0.0000   0.2845   0.0145   0.2374   0.0352   0.8370   0.8370   0.0143   0.0000  -0.0805  -0.2891    0.346
    32   0.0020   1.5420   0.0000   0.2820   0.0141   0.2345   0.0359   0.8338   0.8337   0.0146   0.0000  -0.0804  -0.2883    0.346
    33   0.0025   1.5925   0.0000   0.2790   0.0142   0.2311   0.0364   0.8304   0.8304   0.0150   0.0000  -0.0804  -0.2874    0.347
    34   0.0035   1.6430   0.0000   0.2750   0.0137   0.2273   0.0367   0.8286   0.8286   0.0151   0.0000  -0.0803  -0.2869    0.347
    35   0.0045   1.6935   0.0000   0.2710   0.0138   0.2231   0.0375   0.8254   0.8254   0.0154   0.0000  -0.0802  -0.2859    0.347
    36   0.0060   1.7440   0.0000   0.2660   0.0133   0.2184   0.0381   0.8235   0.8234   0.0153   0.0000  -0.0798  -0.2849    0.347
    37   0.0075   1.7945   0.0000   0.2600   0.0133   0.2132   0.0379   0.8222   0.8222   0.0154   0.0000  -0.0798  -0.2848    0.347
    38   0.0090   1.8455   0.0000   0.2540   0.0130   0.2075   0.0386   0.8191   0.8191   0.0157   0.0000  -0.0797  -0.2837    0.347
    39   0.0110   1.8960   0.0000   0.2470   0.0124   0.2012   0.0391   0.8168   0.8168   0.0156   0.0000  -0.0793  -0.2827    0.347
    40   0.0130   1.9465   0.0000   0.2390   0.0122   0.1943   0.0391   0.8149   0.8149   0.0156   0.0000  -0.0791  -0.2821    0.347
    41   0.0150   1.9970   0.0000   0.2305   0.0115   0.1866   0.0392   0.8116   0.8116   0.0159   0.0000  -0.0789  -0.2811    0.347
    42   0.0175   2.0475   0.0000   0.2210   0.0113   0.1782   0.0399   0.8084   0.8083   0.0158   0.0000  -0.0784  -0.2795    0.347
    43   0.0200   2.0980   0.0000   0.2100   0.0105   0.1687   0.0390   0.8056   0.8053   0.0160   0.0000  -0.0782  -0.2788    0.347
    44   0.0230   2.1485   0.0000   0.1980   0.0101   0.1583   0.0396   0.8018   0.8015   0.0159   0.0000  -0.0778  -0.2768    0.347
    45   0.0265   2.1990   0.0000   0.1845   0.0092   0.1465   0.0396   0.7964   0.7962   0.0157   0.0000  -0.0766  -0.2747    0.346
    46   0.0300   2.2495   0.0000   0.1685   0.0086   0.1330   0.0381   0.7913   0.7913   0.0159   0.0000  -0.0763  -0.2728    0.346
    47   0.0345   2.3005   0.0000   0.1500   0.0077   0.1174   0.0370   0.7844   0.7844   0.0157   0.0000  -0.0752  -0.2695    0.346
    48   0.0405   2.3510   0.0000   0.1280   0.0064   0.0989   0.0360   0.7753   0.7750   0.0147   0.0000  -0.0728  -0.2635    0.344
    49   0.0480   2.4015   0.0000   0.0995   0.0051   0.0755   0.0310   0.7605   0.7605   0.0127   0.0000  -0.0680  -0.2545    0.339
    50   0.0620   2.4520   0.0000   0.0415   0.0021   0.0393  -0.0510   0.9519   0.9517  -0.0174   0.0000  -0.0569  -0.2724    0.310
 ---------------------------------------------------------------
