 ---------------------------------------------------------------
 Surface and Strip Forces by surface

  Sref =  1.2850       Cref = 0.25900       Bref =  4.9540    
  Xref =-0.65000E-01   Yref =  0.0000       Zref =  0.0000    

  Surface # 1     Wing                                    
     # Chordwise = 12   # Spanwise = 50     First strip =  1
     Surface area Ssurf =    0.641762     Ave. chord Cave =    0.259089

 Forces referred to Sref, Cref, Bref about Xref, Yref, Zref
 Standard axis orientation,  X fwd, Z down         
     CLsurf  =   0.67894     Clsurf  =  -0.14866
     CYsurf  =  -0.00387     Cmsurf  =  -0.39653
     CDsurf  =   0.01535     Cnsurf  =  -0.02388
     CDisurf =   0.01535     CDvsurf =   0.00000

 Forces referred to Ssurf, Cave 
     CLsurf  =   1.35945     CDsurf  =   0.03074

 Strip Forces referred to Strip Area, Chord
    j     Xle      Yle      Zle      Chord    Area     c_cl     ai     cl_norm    cl       cd       cdv    cm_c/4     cm_LE   C.P.x/c
     1   0.0000   0.0255   0.0000   0.2900   0.0148   0.4051   0.0334   1.4171   1.4171   0.0233   0.0000  -0.0798  -0.4290    0.306
     2   0.0000   0.0760   0.0000   0.2900   0.0145   0.4050   0.0334   1.4169   1.4169   0.0233   0.0000  -0.0798  -0.4289    0.306
     3   0.0000   0.1265   0.0000   0.2900   0.0148   0.4050   0.0335   1.4167   1.4167   0.0234   0.0000  -0.0798  -0.4289    0.306
     4   0.0000   0.1770   0.0000   0.2900   0.0145   0.4049   0.0336   1.4163   1.4163   0.0235   0.0000  -0.0798  -0.4288    0.306
     5   0.0000   0.2275   0.0000   0.2900   0.0148   0.4047   0.0337   1.4157   1.4157   0.0235   0.0000  -0.0798  -0.4286    0.306
     6   0.0000   0.2780   0.0000   0.2900   0.0145   0.4045   0.0339   1.4151   1.4151   0.0237   0.0000  -0.0797  -0.4285    0.306
     7   0.0000   0.3285   0.0000   0.2900   0.0148   0.4043   0.0341   1.4142   1.4142   0.0238   0.0000  -0.0797  -0.4283    0.306
     8   0.0000   0.3790   0.0000   0.2900   0.0145   0.4040   0.0344   1.4133   1.4133   0.0240   0.0000  -0.0797  -0.4280    0.306
     9   0.0000   0.4295   0.0000   0.2900   0.0148   0.4037   0.0347   1.4122   1.4122   0.0242   0.0000  -0.0797  -0.4277    0.306
    10   0.0000   0.4805   0.0000   0.2900   0.0148   0.4034   0.0350   1.4109   1.4109   0.0244   0.0000  -0.0797  -0.4274    0.306
    11   0.0000   0.5310   0.0000   0.2900   0.0145   0.4030   0.0354   1.4094   1.4094   0.0246   0.0000  -0.0796  -0.4270    0.307
    12   0.0000   0.5815   0.0000   0.2900   0.0148   0.4025   0.0358   1.4077   1.4077   0.0249   0.0000  -0.0796  -0.4266    0.307
    13   0.0000   0.6320   0.0000   0.2900   0.0145   0.4020   0.0363   1.4059   1.4059   0.0252   0.0000  -0.0796  -0.4261    0.307
    14   0.0000   0.6825   0.0000   0.2900   0.0148   0.4014   0.0369   1.4038   1.4038   0.0255   0.0000  -0.0795  -0.4256    0.307
    15   0.0000   0.7330   0.0000   0.2900   0.0145   0.4008   0.0375   1.4015   1.4015   0.0259   0.0000  -0.0795  -0.4250    0.307
    16   0.0000   0.7835   0.0000   0.2900   0.0148   0.4001   0.0381   1.3990   1.3990   0.0263   0.0000  -0.0794  -0.4243    0.307
    17   0.0000   0.8340   0.0000   0.2900   0.0145   0.3993   0.0389   1.3962   1.3962   0.0268   0.0000  -0.0794  -0.4236    0.307
    18   0.0000   0.8845   0.0000   0.2900   0.0148   0.3984   0.0397   1.3931   1.3931   0.0273   0.0000  -0.0793  -0.4228    0.307
    19   0.0000   0.9355   0.0000   0.2900   0.0148   0.3975   0.0406   1.3896   1.3896   0.0278   0.0000  -0.0792  -0.4219    0.307
    20   0.0000   0.9860   0.0000   0.2900   0.0145   0.3964   0.0416   1.3857   1.3857   0.0284   0.0000  -0.0791  -0.4209    0.307
    21   0.0000   1.0365   0.0000   0.2900   0.0148   0.3952   0.0426   1.3815   1.3815   0.0290   0.0000  -0.0790  -0.4198    0.307
    22   0.0000   1.0870   0.0000   0.2900   0.0145   0.3939   0.0439   1.3767   1.3767   0.0297   0.0000  -0.0789  -0.4185    0.307
    23   0.0000   1.1375   0.0000   0.2900   0.0148   0.3925   0.0452   1.3714   1.3714   0.0305   0.0000  -0.0788  -0.4171    0.307
    24   0.0000   1.1880   0.0000   0.2900   0.0145   0.3909   0.0467   1.3656   1.3656   0.0314   0.0000  -0.0786  -0.4156    0.308
    25   0.0000   1.2258   0.0000   0.2900   0.0074   0.3895   0.0480   1.3606   1.3606   0.0321   0.0000  -0.0785  -0.4142    0.308
    26   0.0000   1.2512   0.0000   0.2900   0.0074   0.3882   0.0490   1.3562   1.3562   0.0326   0.0000  -0.0783  -0.4130    0.308
    27   0.0000   1.2890   0.0000   0.2900   0.0145   0.3866   0.0506   1.3504   1.3504   0.0334   0.0000  -0.0781  -0.4114    0.308
    28   0.0000   1.3395   0.0000   0.2895   0.0148   0.3841   0.0520   1.3437   1.3436   0.0349   0.0000  -0.0782  -0.4099    0.308
    29   0.0005   1.3905   0.0000   0.2885   0.0147   0.3812   0.0540   1.3381   1.3379   0.0350   0.0000  -0.0776  -0.4078    0.308
    30   0.0010   1.4410   0.0000   0.2870   0.0144   0.3776   0.0556   1.3325   1.3323   0.0355   0.0000  -0.0772  -0.4062    0.308
    31   0.0015   1.4915   0.0000   0.2845   0.0145   0.3734   0.0559   1.3289   1.3289   0.0361   0.0000  -0.0773  -0.4054    0.308
    32   0.0020   1.5420   0.0000   0.2820   0.0141   0.3687   0.0571   1.3237   1.3236   0.0369   0.0000  -0.0772  -0.4041    0.308
    33   0.0025   1.5925   0.0000   0.2790   0.0142   0.3634   0.0579   1.3182   1.3182   0.0380   0.0000  -0.0773  -0.4028    0.309
    34   0.0035   1.6430   0.0000   0.2750   0.0137   0.3574   0.0583   1.3153   1.3153   0.0381   0.0000  -0.0771  -0.4019    0.309
    35   0.0045   1.6935   0.0000   0.2710   0.0138   0.3508   0.0596   1.3100   1.3100   0.0388   0.0000  -0.0769  -0.4005    0.309
    36   0.0060   1.7440   0.0000   0.2660   0.0133   0.3435   0.0605   1.3070   1.3069   0.0385   0.0000  -0.0764  -0.3989    0.308
    37   0.0075   1.7945   0.0000   0.2600   0.0133   0.3353   0.0603   1.3051   1.3050   0.0387   0.0000  -0.0763  -0.3986    0.308
    38   0.0090   1.8455   0.0000   0.2540   0.0130   0.3263   0.0614   1.3001   1.3000   0.0394   0.0000  -0.0761  -0.3970    0.309
    39   0.0110   1.8960   0.0000   0.2470   0.0124   0.3165   0.0621   1.2965   1.2965   0.0390   0.0000  -0.0755  -0.3955    0.308
    40   0.0130   1.9465   0.0000   0.2390   0.0122   0.3055   0.0621   1.2936   1.2936   0.0391   0.0000  -0.0753  -0.3946    0.308
    41   0.0150   1.9970   0.0000   0.2305   0.0115   0.2935   0.0624   1.2884   1.2884   0.0398   0.0000  -0.0751  -0.3931    0.308
    42   0.0175   2.0475   0.0000   0.2210   0.0113   0.2803   0.0633   1.2835   1.2834   0.0394   0.0000  -0.0743  -0.3907    0.308
    43   0.0200   2.0980   0.0000   0.2100   0.0105   0.2655   0.0622   1.2794   1.2789   0.0399   0.0000  -0.0740  -0.3897    0.308
    44   0.0230   2.1485   0.0000   0.1980   0.0101   0.2491   0.0630   1.2735   1.2730   0.0396   0.0000  -0.0734  -0.3868    0.308
    45   0.0265   2.1990   0.0000   0.1845   0.0092   0.2307   0.0630   1.2654   1.2652   0.0389   0.0000  -0.0717  -0.3837    0.307
    46   0.0300   2.2495   0.0000   0.1685   0.0086   0.2095   0.0608   1.2581   1.2581   0.0393   0.0000  -0.0713  -0.3810    0.307
    47   0.0345   2.3005   0.0000   0.1500   0.0077   0.1851   0.0592   1.2482   1.2482   0.0386   0.0000  -0.0698  -0.3764    0.306
    48   0.0405   2.3510   0.0000   0.1280   0.0064   0.1562   0.0576   1.2353   1.2348   0.0356   0.0000  -0.0664  -0.3679    0.304
    49   0.0480   2.4015   0.0000   0.0995   0.0051   0.1194   0.0499   1.2158   1.2157   0.0304   0.0000  -0.0600  -0.3557    0.299
    50   0.0620   2.4520   0.0000   0.0415   0.0021   0.0631  -0.0745   1.5568   1.5564  -0.0486   0.0000  -0.0457  -0.3954    0.279
 ---------------------------------------------------------------
