 ---------------------------------------------------------------
 Surface and Strip Forces by surface

  Sref =  1.2850       Cref = 0.25900       Bref =  4.9540    
  Xref =-0.65000E-01   Yref =  0.0000       Zref =  0.0000    

  Surface # 1     Wing                                    
     # Chordwise = 12   # Spanwise = 50     First strip =  1
     Surface area Ssurf =    0.641762     Ave. chord Cave =    0.259089

 Forces referred to Sref, Cref, Bref about Xref, Yref, Zref
 Standard axis orientation,  X fwd, Z down         
     CLsurf  =   1.24330     Clsurf  =  -0.25744
     CYsurf  =  -0.01680     Cmsurf  =  -0.65062
     CDsurf  =   0.04927     Cnsurf  =  -0.09711
     CDisurf =   0.04927     CDvsurf =   0.00000

 Forces referred to Ssurf, Cave 
     CLsurf  =   2.48946     CDsurf  =   0.09866

 Strip Forces referred to Strip Area, Chord
    j     Xle      Yle      Zle      Chord    Area     c_cl     ai     cl_norm    cl       cd       cdv    cm_c/4     cm_LE   C.P.x/c
     1   0.0000   0.0255   0.0000   0.2900   0.0148   0.7017   0.0620   2.6048   2.6048   0.0750   0.0000  -0.0690  -0.6739    0.276
     2   0.0000   0.0760   0.0000   0.2900   0.0145   0.7016   0.0620   2.6045   2.6045   0.0751   0.0000  -0.0690  -0.6739    0.276
     3   0.0000   0.1265   0.0000   0.2900   0.0148   0.7015   0.0622   2.6040   2.6040   0.0752   0.0000  -0.0690  -0.6738    0.277
     4   0.0000   0.1770   0.0000   0.2900   0.0145   0.7013   0.0624   2.6032   2.6032   0.0754   0.0000  -0.0690  -0.6736    0.277
     5   0.0000   0.2275   0.0000   0.2900   0.0148   0.7011   0.0626   2.6021   2.6021   0.0757   0.0000  -0.0690  -0.6733    0.277
     6   0.0000   0.2780   0.0000   0.2900   0.0145   0.7007   0.0630   2.6007   2.6007   0.0761   0.0000  -0.0690  -0.6730    0.277
     7   0.0000   0.3285   0.0000   0.2900   0.0148   0.7003   0.0634   2.5990   2.5990   0.0765   0.0000  -0.0689  -0.6727    0.277
     8   0.0000   0.3790   0.0000   0.2900   0.0145   0.6999   0.0638   2.5970   2.5970   0.0770   0.0000  -0.0689  -0.6722    0.277
     9   0.0000   0.4295   0.0000   0.2900   0.0148   0.6993   0.0644   2.5947   2.5947   0.0776   0.0000  -0.0689  -0.6717    0.277
    10   0.0000   0.4805   0.0000   0.2900   0.0148   0.6987   0.0650   2.5921   2.5921   0.0783   0.0000  -0.0688  -0.6712    0.277
    11   0.0000   0.5310   0.0000   0.2900   0.0145   0.6980   0.0658   2.5891   2.5891   0.0791   0.0000  -0.0688  -0.6705    0.277
    12   0.0000   0.5815   0.0000   0.2900   0.0148   0.6972   0.0666   2.5857   2.5857   0.0800   0.0000  -0.0687  -0.6698    0.277
    13   0.0000   0.6320   0.0000   0.2900   0.0145   0.6963   0.0675   2.5819   2.5819   0.0810   0.0000  -0.0687  -0.6689    0.277
    14   0.0000   0.6825   0.0000   0.2900   0.0148   0.6953   0.0685   2.5777   2.5777   0.0821   0.0000  -0.0686  -0.6680    0.277
    15   0.0000   0.7330   0.0000   0.2900   0.0145   0.6942   0.0696   2.5730   2.5730   0.0833   0.0000  -0.0685  -0.6670    0.277
    16   0.0000   0.7835   0.0000   0.2900   0.0148   0.6930   0.0708   2.5678   2.5678   0.0846   0.0000  -0.0684  -0.6658    0.277
    17   0.0000   0.8340   0.0000   0.2900   0.0145   0.6916   0.0722   2.5620   2.5620   0.0860   0.0000  -0.0683  -0.6645    0.277
    18   0.0000   0.8845   0.0000   0.2900   0.0148   0.6901   0.0737   2.5556   2.5556   0.0876   0.0000  -0.0682  -0.6631    0.277
    19   0.0000   0.9355   0.0000   0.2900   0.0148   0.6884   0.0754   2.5485   2.5485   0.0894   0.0000  -0.0681  -0.6615    0.277
    20   0.0000   0.9860   0.0000   0.2900   0.0145   0.6865   0.0772   2.5406   2.5406   0.0913   0.0000  -0.0679  -0.6597    0.277
    21   0.0000   1.0365   0.0000   0.2900   0.0148   0.6844   0.0792   2.5319   2.5319   0.0933   0.0000  -0.0677  -0.6578    0.277
    22   0.0000   1.0870   0.0000   0.2900   0.0145   0.6821   0.0814   2.5222   2.5222   0.0956   0.0000  -0.0675  -0.6556    0.277
    23   0.0000   1.1375   0.0000   0.2900   0.0148   0.6795   0.0839   2.5115   2.5115   0.0981   0.0000  -0.0673  -0.6531    0.277
    24   0.0000   1.1880   0.0000   0.2900   0.0145   0.6767   0.0866   2.4996   2.4996   0.1009   0.0000  -0.0670  -0.6504    0.277
    25   0.0000   1.2258   0.0000   0.2900   0.0074   0.6742   0.0890   2.4893   2.4893   0.1032   0.0000  -0.0668  -0.6480    0.277
    26   0.0000   1.2512   0.0000   0.2900   0.0074   0.6720   0.0907   2.4803   2.4803   0.1050   0.0000  -0.0666  -0.6459    0.277
    27   0.0000   1.2890   0.0000   0.2900   0.0145   0.6692   0.0936   2.4685   2.4685   0.1078   0.0000  -0.0663  -0.6432    0.277
    28   0.0000   1.3395   0.0000   0.2895   0.0148   0.6648   0.0962   2.4541   2.4540   0.1128   0.0000  -0.0664  -0.6405    0.277
    29   0.0005   1.3905   0.0000   0.2885   0.0147   0.6596   0.0998   2.4436   2.4432   0.1128   0.0000  -0.0655  -0.6370    0.277
    30   0.0010   1.4410   0.0000   0.2870   0.0144   0.6535   0.1027   2.4325   2.4323   0.1143   0.0000  -0.0649  -0.6341    0.277
    31   0.0015   1.4915   0.0000   0.2845   0.0145   0.6462   0.1034   2.4253   2.4253   0.1161   0.0000  -0.0649  -0.6326    0.277
    32   0.0020   1.5420   0.0000   0.2820   0.0141   0.6380   0.1055   2.4147   2.4144   0.1188   0.0000  -0.0648  -0.6304    0.277
    33   0.0025   1.5925   0.0000   0.2790   0.0142   0.6288   0.1070   2.4031   2.4031   0.1229   0.0000  -0.0650  -0.6283    0.277
    34   0.0035   1.6430   0.0000   0.2750   0.0137   0.6184   0.1079   2.3978   2.3978   0.1226   0.0000  -0.0646  -0.6267    0.277
    35   0.0045   1.6935   0.0000   0.2710   0.0138   0.6070   0.1101   2.3872   2.3872   0.1254   0.0000  -0.0643  -0.6242    0.277
    36   0.0060   1.7440   0.0000   0.2660   0.0133   0.5944   0.1119   2.3821   2.3819   0.1237   0.0000  -0.0634  -0.6216    0.277
    37   0.0075   1.7945   0.0000   0.2600   0.0133   0.5802   0.1116   2.3786   2.3784   0.1243   0.0000  -0.0633  -0.6210    0.277
    38   0.0090   1.8455   0.0000   0.2540   0.0130   0.5647   0.1135   2.3684   2.3682   0.1268   0.0000  -0.0631  -0.6184    0.277
    39   0.0110   1.8960   0.0000   0.2470   0.0124   0.5477   0.1148   2.3625   2.3625   0.1251   0.0000  -0.0620  -0.6158    0.276
    40   0.0130   1.9465   0.0000   0.2390   0.0122   0.5288   0.1149   2.3573   2.3573   0.1253   0.0000  -0.0616  -0.6143    0.276
    41   0.0150   1.9970   0.0000   0.2305   0.0115   0.5081   0.1155   2.3471   2.3471   0.1276   0.0000  -0.0613  -0.6118    0.276
    42   0.0175   2.0475   0.0000   0.2210   0.0113   0.4853   0.1171   2.3388   2.3386   0.1259   0.0000  -0.0600  -0.6079    0.276
    43   0.0200   2.0980   0.0000   0.2100   0.0105   0.4596   0.1153   2.3310   2.3302   0.1276   0.0000  -0.0596  -0.6063    0.276
    44   0.0230   2.1485   0.0000   0.1980   0.0101   0.4314   0.1165   2.3210   2.3202   0.1264   0.0000  -0.0585  -0.6015    0.275
    45   0.0265   2.1990   0.0000   0.1845   0.0092   0.3996   0.1166   2.3077   2.3072   0.1236   0.0000  -0.0560  -0.5964    0.274
    46   0.0300   2.2495   0.0000   0.1685   0.0086   0.3631   0.1129   2.2949   2.2949   0.1247   0.0000  -0.0553  -0.5923    0.274
    47   0.0345   2.3005   0.0000   0.1500   0.0077   0.3209   0.1100   2.2788   2.2788   0.1219   0.0000  -0.0529  -0.5849    0.273
    48   0.0405   2.3510   0.0000   0.1280   0.0064   0.2710   0.1070   2.2606   2.2598   0.1112   0.0000  -0.0477  -0.5715    0.271
    49   0.0480   2.4015   0.0000   0.0995   0.0051   0.2078   0.0932   2.2350   2.2349   0.0941   0.0000  -0.0382  -0.5534    0.267
    50   0.0620   2.4520   0.0000   0.0415   0.0021   0.1111  -0.1280   2.9922   2.9916  -0.1700   0.0000  -0.0178  -0.6380    0.256
 ---------------------------------------------------------------
