 ---------------------------------------------------------------
 Surface and Strip Forces by surface

  Sref =  1.2850       Cref = 0.25900       Bref =  4.9540    
  Xref =-0.65000E-01   Yref =  0.0000       Zref =  0.0000    

  Surface # 1     Wing                                    
     # Chordwise = 12   # Spanwise = 50     First strip =  1
     Surface area Ssurf =    0.641762     Ave. chord Cave =    0.259089

 Forces referred to Sref, Cref, Bref about Xref, Yref, Zref
 Standard axis orientation,  X fwd, Z down         
     CLsurf  =   0.99917     Clsurf  =  -0.21337
     CYsurf  =  -0.01002     Cmsurf  =  -0.54835
     CDsurf  =   0.03261     Cnsurf  =  -0.05899
     CDisurf =   0.03261     CDvsurf =   0.00000

 Forces referred to Ssurf, Cave 
     CLsurf  =   2.00065     CDsurf  =   0.06529

 Strip Forces referred to Strip Area, Chord
    j     Xle      Yle      Zle      Chord    Area     c_cl     ai     cl_norm    cl       cd       cdv    cm_c/4     cm_LE   C.P.x/c
     1   0.0000   0.0255   0.0000   0.2900   0.0148   0.5815   0.0495   2.0893   2.0893   0.0496   0.0000  -0.0747  -0.5760    0.286
     2   0.0000   0.0760   0.0000   0.2900   0.0145   0.5815   0.0495   2.0891   2.0891   0.0496   0.0000  -0.0747  -0.5759    0.286
     3   0.0000   0.1265   0.0000   0.2900   0.0148   0.5814   0.0496   2.0887   2.0887   0.0497   0.0000  -0.0746  -0.5758    0.286
     4   0.0000   0.1770   0.0000   0.2900   0.0145   0.5812   0.0498   2.0881   2.0881   0.0499   0.0000  -0.0746  -0.5757    0.286
     5   0.0000   0.2275   0.0000   0.2900   0.0148   0.5810   0.0500   2.0873   2.0873   0.0501   0.0000  -0.0746  -0.5755    0.286
     6   0.0000   0.2780   0.0000   0.2900   0.0145   0.5807   0.0502   2.0862   2.0862   0.0503   0.0000  -0.0746  -0.5752    0.286
     7   0.0000   0.3285   0.0000   0.2900   0.0148   0.5804   0.0506   2.0849   2.0849   0.0506   0.0000  -0.0746  -0.5749    0.286
     8   0.0000   0.3790   0.0000   0.2900   0.0145   0.5800   0.0509   2.0834   2.0834   0.0510   0.0000  -0.0746  -0.5746    0.286
     9   0.0000   0.4295   0.0000   0.2900   0.0148   0.5796   0.0514   2.0817   2.0817   0.0514   0.0000  -0.0745  -0.5742    0.286
    10   0.0000   0.4805   0.0000   0.2900   0.0148   0.5790   0.0519   2.0797   2.0797   0.0518   0.0000  -0.0745  -0.5737    0.286
    11   0.0000   0.5310   0.0000   0.2900   0.0145   0.5785   0.0525   2.0774   2.0774   0.0523   0.0000  -0.0745  -0.5731    0.286
    12   0.0000   0.5815   0.0000   0.2900   0.0148   0.5778   0.0531   2.0748   2.0748   0.0529   0.0000  -0.0744  -0.5725    0.286
    13   0.0000   0.6320   0.0000   0.2900   0.0145   0.5771   0.0538   2.0719   2.0719   0.0536   0.0000  -0.0744  -0.5718    0.286
    14   0.0000   0.6825   0.0000   0.2900   0.0148   0.5762   0.0546   2.0687   2.0687   0.0543   0.0000  -0.0743  -0.5711    0.286
    15   0.0000   0.7330   0.0000   0.2900   0.0145   0.5753   0.0555   2.0652   2.0652   0.0551   0.0000  -0.0742  -0.5702    0.286
    16   0.0000   0.7835   0.0000   0.2900   0.0148   0.5743   0.0565   2.0612   2.0612   0.0559   0.0000  -0.0742  -0.5693    0.286
    17   0.0000   0.8340   0.0000   0.2900   0.0145   0.5732   0.0576   2.0568   2.0568   0.0569   0.0000  -0.0741  -0.5682    0.286
    18   0.0000   0.8845   0.0000   0.2900   0.0148   0.5719   0.0588   2.0519   2.0519   0.0579   0.0000  -0.0740  -0.5670    0.286
    19   0.0000   0.9355   0.0000   0.2900   0.0148   0.5705   0.0601   2.0465   2.0465   0.0591   0.0000  -0.0739  -0.5657    0.286
    20   0.0000   0.9860   0.0000   0.2900   0.0145   0.5690   0.0616   2.0405   2.0405   0.0604   0.0000  -0.0737  -0.5642    0.286
    21   0.0000   1.0365   0.0000   0.2900   0.0148   0.5673   0.0632   2.0338   2.0338   0.0617   0.0000  -0.0736  -0.5626    0.286
    22   0.0000   1.0870   0.0000   0.2900   0.0145   0.5654   0.0650   2.0264   2.0264   0.0632   0.0000  -0.0734  -0.5608    0.286
    23   0.0000   1.1375   0.0000   0.2900   0.0148   0.5632   0.0670   2.0182   2.0182   0.0649   0.0000  -0.0732  -0.5588    0.286
    24   0.0000   1.1880   0.0000   0.2900   0.0145   0.5609   0.0692   2.0092   2.0092   0.0667   0.0000  -0.0730  -0.5565    0.286
    25   0.0000   1.2258   0.0000   0.2900   0.0074   0.5589   0.0710   2.0013   2.0013   0.0682   0.0000  -0.0728  -0.5546    0.286
    26   0.0000   1.2512   0.0000   0.2900   0.0074   0.5571   0.0725   1.9945   1.9945   0.0694   0.0000  -0.0726  -0.5528    0.286
    27   0.0000   1.2890   0.0000   0.2900   0.0145   0.5547   0.0748   1.9854   1.9854   0.0713   0.0000  -0.0724  -0.5506    0.286
    28   0.0000   1.3395   0.0000   0.2895   0.0148   0.5511   0.0768   1.9747   1.9747   0.0745   0.0000  -0.0724  -0.5483    0.287
    29   0.0005   1.3905   0.0000   0.2885   0.0147   0.5468   0.0798   1.9664   1.9660   0.0745   0.0000  -0.0717  -0.5454    0.286
    30   0.0010   1.4410   0.0000   0.2870   0.0144   0.5417   0.0821   1.9577   1.9576   0.0755   0.0000  -0.0712  -0.5431    0.286
    31   0.0015   1.4915   0.0000   0.2845   0.0145   0.5357   0.0826   1.9522   1.9522   0.0768   0.0000  -0.0712  -0.5418    0.286
    32   0.0020   1.5420   0.0000   0.2820   0.0141   0.5289   0.0843   1.9441   1.9440   0.0785   0.0000  -0.0711  -0.5400    0.287
    33   0.0025   1.5925   0.0000   0.2790   0.0142   0.5212   0.0855   1.9355   1.9355   0.0811   0.0000  -0.0712  -0.5382    0.287
    34   0.0035   1.6430   0.0000   0.2750   0.0137   0.5127   0.0862   1.9312   1.9312   0.0811   0.0000  -0.0710  -0.5369    0.287
    35   0.0045   1.6935   0.0000   0.2710   0.0138   0.5032   0.0880   1.9231   1.9231   0.0828   0.0000  -0.0707  -0.5348    0.287
    36   0.0060   1.7440   0.0000   0.2660   0.0133   0.4928   0.0894   1.9188   1.9186   0.0818   0.0000  -0.0699  -0.5326    0.286
    37   0.0075   1.7945   0.0000   0.2600   0.0133   0.4810   0.0891   1.9160   1.9159   0.0822   0.0000  -0.0698  -0.5322    0.286
    38   0.0090   1.8455   0.0000   0.2540   0.0130   0.4681   0.0907   1.9083   1.9081   0.0839   0.0000  -0.0696  -0.5300    0.286
    39   0.0110   1.8960   0.0000   0.2470   0.0124   0.4540   0.0918   1.9033   1.9033   0.0828   0.0000  -0.0687  -0.5278    0.286
    40   0.0130   1.9465   0.0000   0.2390   0.0122   0.4384   0.0918   1.8990   1.8990   0.0830   0.0000  -0.0684  -0.5265    0.286
    41   0.0150   1.9970   0.0000   0.2305   0.0115   0.4211   0.0922   1.8912   1.8912   0.0845   0.0000  -0.0681  -0.5245    0.286
    42   0.0175   2.0475   0.0000   0.2210   0.0113   0.4022   0.0936   1.8843   1.8841   0.0835   0.0000  -0.0671  -0.5212    0.286
    43   0.0200   2.0980   0.0000   0.2100   0.0105   0.3810   0.0920   1.8782   1.8775   0.0845   0.0000  -0.0667  -0.5198    0.286
    44   0.0230   2.1485   0.0000   0.1980   0.0101   0.3576   0.0931   1.8699   1.8692   0.0838   0.0000  -0.0658  -0.5157    0.285
    45   0.0265   2.1990   0.0000   0.1845   0.0092   0.3312   0.0931   1.8587   1.8583   0.0821   0.0000  -0.0636  -0.5115    0.284
    46   0.0300   2.2495   0.0000   0.1685   0.0086   0.3009   0.0901   1.8483   1.8483   0.0828   0.0000  -0.0631  -0.5079    0.284
    47   0.0345   2.3005   0.0000   0.1500   0.0077   0.2658   0.0878   1.8348   1.8348   0.0810   0.0000  -0.0610  -0.5017    0.283
    48   0.0405   2.3510   0.0000   0.1280   0.0064   0.2245   0.0854   1.8182   1.8175   0.0742   0.0000  -0.0565  -0.4902    0.281
    49   0.0480   2.4015   0.0000   0.0995   0.0051   0.1720   0.0743   1.7942   1.7941   0.0630   0.0000  -0.0482  -0.4745    0.277
    50   0.0620   2.4520   0.0000   0.0415   0.0021   0.0916  -0.1047   2.3532   2.3528  -0.1096   0.0000  -0.0303  -0.5405    0.263
 ---------------------------------------------------------------
