 ---------------------------------------------------------------
 Surface and Strip Forces by surface

  Sref =  1.2850       Cref = 0.25900       Bref =  4.9540    
  Xref =-0.65000E-01   Yref =  0.0000       Zref =  0.0000    

  Surface # 1     Wing                                    
     # Chordwise = 12   # Spanwise = 50     First strip =  1
     Surface area Ssurf =    0.641762     Ave. chord Cave =    0.259089

 Forces referred to Sref, Cref, Bref about Xref, Yref, Zref
 Standard axis orientation,  X fwd, Z down         
     CLsurf  =   0.21641     Clsurf  =  -0.04802
     CYsurf  =   0.00005     Cmsurf  =  -0.15795
     CDsurf  =   0.00158     Cnsurf  =  -0.00046
     CDisurf =   0.00158     CDvsurf =   0.00000

 Forces referred to Ssurf, Cave 
     CLsurf  =   0.43332     CDsurf  =   0.00316

 Strip Forces referred to Strip Area, Chord
    j     Xle      Yle      Zle      Chord    Area     c_cl     ai     cl_norm    cl       cd       cdv    cm_c/4     cm_LE   C.P.x/c
     1   0.0000   0.0255   0.0000   0.2900   0.0148   0.1307   0.0105   0.4506   0.4506   0.0024   0.0000  -0.0830  -0.1957    0.434
     2   0.0000   0.0760   0.0000   0.2900   0.0145   0.1306   0.0105   0.4505   0.4505   0.0024   0.0000  -0.0830  -0.1956    0.434
     3   0.0000   0.1265   0.0000   0.2900   0.0148   0.1306   0.0106   0.4505   0.4505   0.0024   0.0000  -0.0830  -0.1956    0.434
     4   0.0000   0.1770   0.0000   0.2900   0.0145   0.1306   0.0106   0.4503   0.4503   0.0024   0.0000  -0.0830  -0.1956    0.434
     5   0.0000   0.2275   0.0000   0.2900   0.0148   0.1305   0.0106   0.4502   0.4502   0.0024   0.0000  -0.0830  -0.1956    0.434
     6   0.0000   0.2780   0.0000   0.2900   0.0145   0.1305   0.0107   0.4500   0.4500   0.0024   0.0000  -0.0830  -0.1955    0.434
     7   0.0000   0.3285   0.0000   0.2900   0.0148   0.1304   0.0108   0.4498   0.4498   0.0024   0.0000  -0.0830  -0.1954    0.435
     8   0.0000   0.3790   0.0000   0.2900   0.0145   0.1303   0.0108   0.4495   0.4495   0.0024   0.0000  -0.0830  -0.1954    0.435
     9   0.0000   0.4295   0.0000   0.2900   0.0148   0.1302   0.0109   0.4491   0.4491   0.0025   0.0000  -0.0830  -0.1953    0.435
    10   0.0000   0.4805   0.0000   0.2900   0.0148   0.1301   0.0110   0.4488   0.4488   0.0025   0.0000  -0.0830  -0.1952    0.435
    11   0.0000   0.5310   0.0000   0.2900   0.0145   0.1300   0.0112   0.4483   0.4483   0.0025   0.0000  -0.0830  -0.1951    0.435
    12   0.0000   0.5815   0.0000   0.2900   0.0148   0.1299   0.0113   0.4479   0.4479   0.0025   0.0000  -0.0830  -0.1949    0.435
    13   0.0000   0.6320   0.0000   0.2900   0.0145   0.1297   0.0115   0.4473   0.4473   0.0026   0.0000  -0.0830  -0.1948    0.435
    14   0.0000   0.6825   0.0000   0.2900   0.0148   0.1295   0.0116   0.4467   0.4467   0.0026   0.0000  -0.0829  -0.1946    0.436
    15   0.0000   0.7330   0.0000   0.2900   0.0145   0.1294   0.0118   0.4461   0.4461   0.0026   0.0000  -0.0829  -0.1944    0.436
    16   0.0000   0.7835   0.0000   0.2900   0.0148   0.1291   0.0120   0.4453   0.4453   0.0027   0.0000  -0.0829  -0.1942    0.436
    17   0.0000   0.8340   0.0000   0.2900   0.0145   0.1289   0.0123   0.4445   0.4445   0.0027   0.0000  -0.0829  -0.1940    0.436
    18   0.0000   0.8845   0.0000   0.2900   0.0148   0.1286   0.0125   0.4436   0.4436   0.0028   0.0000  -0.0829  -0.1938    0.437
    19   0.0000   0.9355   0.0000   0.2900   0.0148   0.1283   0.0128   0.4426   0.4426   0.0028   0.0000  -0.0828  -0.1935    0.437
    20   0.0000   0.9860   0.0000   0.2900   0.0145   0.1280   0.0131   0.4415   0.4415   0.0029   0.0000  -0.0828  -0.1932    0.438
    21   0.0000   1.0365   0.0000   0.2900   0.0148   0.1277   0.0135   0.4403   0.4403   0.0030   0.0000  -0.0828  -0.1929    0.438
    22   0.0000   1.0870   0.0000   0.2900   0.0145   0.1273   0.0139   0.4389   0.4389   0.0030   0.0000  -0.0827  -0.1925    0.439
    23   0.0000   1.1375   0.0000   0.2900   0.0148   0.1269   0.0143   0.4374   0.4374   0.0031   0.0000  -0.0827  -0.1920    0.439
    24   0.0000   1.1880   0.0000   0.2900   0.0145   0.1264   0.0148   0.4358   0.4358   0.0032   0.0000  -0.0826  -0.1916    0.440
    25   0.0000   1.2258   0.0000   0.2900   0.0074   0.1260   0.0153   0.4344   0.4344   0.0033   0.0000  -0.0826  -0.1912    0.440
    26   0.0000   1.2512   0.0000   0.2900   0.0074   0.1256   0.0156   0.4331   0.4331   0.0033   0.0000  -0.0825  -0.1908    0.440
    27   0.0000   1.2890   0.0000   0.2900   0.0145   0.1251   0.0162   0.4315   0.4315   0.0034   0.0000  -0.0824  -0.1903    0.441
    28   0.0000   1.3395   0.0000   0.2895   0.0148   0.1244   0.0167   0.4296   0.4296   0.0035   0.0000  -0.0824  -0.1898    0.442
    29   0.0005   1.3905   0.0000   0.2885   0.0147   0.1235   0.0174   0.4280   0.4280   0.0035   0.0000  -0.0822  -0.1891    0.442
    30   0.0010   1.4410   0.0000   0.2870   0.0144   0.1224   0.0180   0.4264   0.4264   0.0036   0.0000  -0.0820  -0.1886    0.442
    31   0.0015   1.4915   0.0000   0.2845   0.0145   0.1210   0.0180   0.4253   0.4253   0.0037   0.0000  -0.0821  -0.1884    0.443
    32   0.0020   1.5420   0.0000   0.2820   0.0141   0.1195   0.0184   0.4238   0.4237   0.0037   0.0000  -0.0820  -0.1879    0.444
    33   0.0025   1.5925   0.0000   0.2790   0.0142   0.1178   0.0186   0.4221   0.4221   0.0038   0.0000  -0.0820  -0.1875    0.444
    34   0.0035   1.6430   0.0000   0.2750   0.0137   0.1158   0.0187   0.4212   0.4212   0.0039   0.0000  -0.0820  -0.1872    0.445
    35   0.0045   1.6935   0.0000   0.2710   0.0138   0.1137   0.0192   0.4196   0.4196   0.0039   0.0000  -0.0819  -0.1867    0.445
    36   0.0060   1.7440   0.0000   0.2660   0.0133   0.1113   0.0195   0.4186   0.4185   0.0039   0.0000  -0.0817  -0.1862    0.445
    37   0.0075   1.7945   0.0000   0.2600   0.0133   0.1086   0.0193   0.4179   0.4178   0.0040   0.0000  -0.0817  -0.1861    0.446
    38   0.0090   1.8455   0.0000   0.2540   0.0130   0.1057   0.0197   0.4163   0.4163   0.0040   0.0000  -0.0816  -0.1855    0.446
    39   0.0110   1.8960   0.0000   0.2470   0.0124   0.1025   0.0200   0.4151   0.4151   0.0040   0.0000  -0.0814  -0.1850    0.446
    40   0.0130   1.9465   0.0000   0.2390   0.0122   0.0989   0.0199   0.4140   0.4140   0.0041   0.0000  -0.0813  -0.1846    0.446
    41   0.0150   1.9970   0.0000   0.2305   0.0115   0.0950   0.0200   0.4122   0.4122   0.0041   0.0000  -0.0811  -0.1840    0.447
    42   0.0175   2.0475   0.0000   0.2210   0.0113   0.0907   0.0204   0.4105   0.4104   0.0041   0.0000  -0.0808  -0.1831    0.447
    43   0.0200   2.0980   0.0000   0.2100   0.0105   0.0858   0.0198   0.4088   0.4086   0.0042   0.0000  -0.0807  -0.1827    0.447
    44   0.0230   2.1485   0.0000   0.1980   0.0101   0.0805   0.0202   0.4066   0.4065   0.0042   0.0000  -0.0804  -0.1815    0.448
    45   0.0265   2.1990   0.0000   0.1845   0.0092   0.0744   0.0201   0.4035   0.4034   0.0042   0.0000  -0.0797  -0.1803    0.448
    46   0.0300   2.2495   0.0000   0.1685   0.0086   0.0675   0.0192   0.4003   0.4003   0.0043   0.0000  -0.0795  -0.1790    0.449
    47   0.0345   2.3005   0.0000   0.1500   0.0077   0.0594   0.0186   0.3961   0.3961   0.0043   0.0000  -0.0787  -0.1769    0.449
    48   0.0405   2.3510   0.0000   0.1280   0.0064   0.0499   0.0181   0.3903   0.3901   0.0041   0.0000  -0.0772  -0.1731    0.448
    49   0.0480   2.4015   0.0000   0.0995   0.0051   0.0378   0.0154   0.3800   0.3799   0.0037   0.0000  -0.0738  -0.1668    0.444
    50   0.0620   2.4520   0.0000   0.0415   0.0021   0.0189  -0.0314   0.4548   0.4546  -0.0034   0.0000  -0.0656  -0.1664    0.394
 ---------------------------------------------------------------
