 ---------------------------------------------------------------
 Surface and Strip Forces by surface

  Sref =  1.2850       Cref = 0.25900       Bref =  4.9540    
  Xref =-0.65000E-01   Yref =  0.0000       Zref =  0.0000    

  Surface # 1     Wing                                    
     # Chordwise = 12   # Spanwise = 50     First strip =  1
     Surface area Ssurf =    0.641762     Ave. chord Cave =    0.259089

 Forces referred to Sref, Cref, Bref about Xref, Yref, Zref
 Standard axis orientation,  X fwd, Z down         
     CLsurf  =   0.49010     Clsurf  =  -0.10821
     CYsurf  =  -0.00158     Cmsurf  =  -0.30095
     CDsurf  =   0.00805     Cnsurf  =  -0.01056
     CDisurf =   0.00805     CDvsurf =   0.00000

 Forces referred to Ssurf, Cave 
     CLsurf  =   0.98132     CDsurf  =   0.01612

 Strip Forces referred to Strip Area, Chord
    j     Xle      Yle      Zle      Chord    Area     c_cl     ai     cl_norm    cl       cd       cdv    cm_c/4     cm_LE   C.P.x/c
     1   0.0000   0.0255   0.0000   0.2900   0.0148   0.2948   0.0240   1.0220   1.0220   0.0122   0.0000  -0.0817  -0.3358    0.330
     2   0.0000   0.0760   0.0000   0.2900   0.0145   0.2948   0.0240   1.0219   1.0219   0.0122   0.0000  -0.0817  -0.3358    0.330
     3   0.0000   0.1265   0.0000   0.2900   0.0148   0.2947   0.0241   1.0217   1.0217   0.0123   0.0000  -0.0817  -0.3357    0.330
     4   0.0000   0.1770   0.0000   0.2900   0.0145   0.2946   0.0242   1.0215   1.0215   0.0123   0.0000  -0.0817  -0.3356    0.330
     5   0.0000   0.2275   0.0000   0.2900   0.0148   0.2945   0.0243   1.0211   1.0211   0.0123   0.0000  -0.0817  -0.3355    0.330
     6   0.0000   0.2780   0.0000   0.2900   0.0145   0.2944   0.0244   1.0206   1.0206   0.0124   0.0000  -0.0816  -0.3354    0.330
     7   0.0000   0.3285   0.0000   0.2900   0.0148   0.2942   0.0245   1.0200   1.0200   0.0125   0.0000  -0.0816  -0.3353    0.330
     8   0.0000   0.3790   0.0000   0.2900   0.0145   0.2940   0.0247   1.0194   1.0194   0.0126   0.0000  -0.0816  -0.3351    0.330
     9   0.0000   0.4295   0.0000   0.2900   0.0148   0.2938   0.0249   1.0186   1.0186   0.0127   0.0000  -0.0816  -0.3349    0.330
    10   0.0000   0.4805   0.0000   0.2900   0.0148   0.2935   0.0252   1.0177   1.0177   0.0128   0.0000  -0.0816  -0.3346    0.330
    11   0.0000   0.5310   0.0000   0.2900   0.0145   0.2933   0.0255   1.0166   1.0166   0.0129   0.0000  -0.0816  -0.3344    0.330
    12   0.0000   0.5815   0.0000   0.2900   0.0148   0.2929   0.0258   1.0155   1.0155   0.0130   0.0000  -0.0815  -0.3341    0.330
    13   0.0000   0.6320   0.0000   0.2900   0.0145   0.2926   0.0261   1.0142   1.0142   0.0132   0.0000  -0.0815  -0.3337    0.330
    14   0.0000   0.6825   0.0000   0.2900   0.0148   0.2921   0.0265   1.0127   1.0127   0.0134   0.0000  -0.0815  -0.3333    0.330
    15   0.0000   0.7330   0.0000   0.2900   0.0145   0.2917   0.0270   1.0111   1.0111   0.0136   0.0000  -0.0815  -0.3329    0.331
    16   0.0000   0.7835   0.0000   0.2900   0.0148   0.2912   0.0274   1.0094   1.0094   0.0138   0.0000  -0.0814  -0.3324    0.331
    17   0.0000   0.8340   0.0000   0.2900   0.0145   0.2906   0.0280   1.0074   1.0074   0.0140   0.0000  -0.0814  -0.3319    0.331
    18   0.0000   0.8845   0.0000   0.2900   0.0148   0.2900   0.0285   1.0052   1.0052   0.0143   0.0000  -0.0813  -0.3313    0.331
    19   0.0000   0.9355   0.0000   0.2900   0.0148   0.2893   0.0292   1.0028   1.0028   0.0146   0.0000  -0.0813  -0.3307    0.331
    20   0.0000   0.9860   0.0000   0.2900   0.0145   0.2885   0.0299   1.0001   1.0001   0.0149   0.0000  -0.0812  -0.3300    0.331
    21   0.0000   1.0365   0.0000   0.2900   0.0148   0.2877   0.0307   0.9971   0.9971   0.0152   0.0000  -0.0811  -0.3291    0.331
    22   0.0000   1.0870   0.0000   0.2900   0.0145   0.2868   0.0316   0.9938   0.9938   0.0156   0.0000  -0.0810  -0.3282    0.332
    23   0.0000   1.1375   0.0000   0.2900   0.0148   0.2857   0.0325   0.9901   0.9901   0.0160   0.0000  -0.0809  -0.3272    0.332
    24   0.0000   1.1880   0.0000   0.2900   0.0145   0.2846   0.0336   0.9860   0.9860   0.0164   0.0000  -0.0808  -0.3261    0.332
    25   0.0000   1.2258   0.0000   0.2900   0.0074   0.2836   0.0346   0.9825   0.9825   0.0168   0.0000  -0.0807  -0.3251    0.332
    26   0.0000   1.2512   0.0000   0.2900   0.0074   0.2827   0.0353   0.9794   0.9794   0.0171   0.0000  -0.0806  -0.3243    0.332
    27   0.0000   1.2890   0.0000   0.2900   0.0145   0.2815   0.0365   0.9754   0.9754   0.0175   0.0000  -0.0804  -0.3231    0.332
    28   0.0000   1.3395   0.0000   0.2895   0.0148   0.2797   0.0375   0.9707   0.9707   0.0182   0.0000  -0.0804  -0.3220    0.333
    29   0.0005   1.3905   0.0000   0.2885   0.0147   0.2776   0.0390   0.9668   0.9666   0.0183   0.0000  -0.0800  -0.3205    0.333
    30   0.0010   1.4410   0.0000   0.2870   0.0144   0.2750   0.0402   0.9628   0.9627   0.0185   0.0000  -0.0798  -0.3193    0.333
    31   0.0015   1.4915   0.0000   0.2845   0.0145   0.2720   0.0404   0.9603   0.9603   0.0189   0.0000  -0.0798  -0.3187    0.333
    32   0.0020   1.5420   0.0000   0.2820   0.0141   0.2685   0.0412   0.9566   0.9565   0.0193   0.0000  -0.0797  -0.3178    0.333
    33   0.0025   1.5925   0.0000   0.2790   0.0142   0.2647   0.0418   0.9528   0.9528   0.0198   0.0000  -0.0798  -0.3169    0.334
    34   0.0035   1.6430   0.0000   0.2750   0.0137   0.2603   0.0421   0.9506   0.9506   0.0199   0.0000  -0.0797  -0.3162    0.334
    35   0.0045   1.6935   0.0000   0.2710   0.0138   0.2555   0.0430   0.9470   0.9470   0.0203   0.0000  -0.0795  -0.3151    0.334
    36   0.0060   1.7440   0.0000   0.2660   0.0133   0.2502   0.0437   0.9448   0.9447   0.0201   0.0000  -0.0791  -0.3140    0.334
    37   0.0075   1.7945   0.0000   0.2600   0.0133   0.2442   0.0435   0.9433   0.9433   0.0203   0.0000  -0.0791  -0.3138    0.334
    38   0.0090   1.8455   0.0000   0.2540   0.0130   0.2377   0.0443   0.9398   0.9397   0.0206   0.0000  -0.0789  -0.3126    0.334
    39   0.0110   1.8960   0.0000   0.2470   0.0124   0.2305   0.0448   0.9371   0.9371   0.0205   0.0000  -0.0784  -0.3115    0.334
    40   0.0130   1.9465   0.0000   0.2390   0.0122   0.2225   0.0448   0.9350   0.9350   0.0206   0.0000  -0.0783  -0.3108    0.334
    41   0.0150   1.9970   0.0000   0.2305   0.0115   0.2137   0.0450   0.9312   0.9312   0.0209   0.0000  -0.0781  -0.3097    0.334
    42   0.0175   2.0475   0.0000   0.2210   0.0113   0.2041   0.0457   0.9276   0.9275   0.0207   0.0000  -0.0775  -0.3079    0.334
    43   0.0200   2.0980   0.0000   0.2100   0.0105   0.1933   0.0448   0.9245   0.9241   0.0210   0.0000  -0.0773  -0.3071    0.334
    44   0.0230   2.1485   0.0000   0.1980   0.0101   0.1814   0.0454   0.9201   0.9198   0.0209   0.0000  -0.0768  -0.3048    0.333
    45   0.0265   2.1990   0.0000   0.1845   0.0092   0.1679   0.0454   0.9140   0.9138   0.0206   0.0000  -0.0755  -0.3025    0.333
    46   0.0300   2.2495   0.0000   0.1685   0.0086   0.1524   0.0438   0.9084   0.9084   0.0208   0.0000  -0.0752  -0.3004    0.333
    47   0.0345   2.3005   0.0000   0.1500   0.0077   0.1346   0.0426   0.9008   0.9008   0.0205   0.0000  -0.0739  -0.2968    0.332
    48   0.0405   2.3510   0.0000   0.1280   0.0064   0.1135   0.0414   0.8906   0.8903   0.0191   0.0000  -0.0714  -0.2901    0.330
    49   0.0480   2.4015   0.0000   0.0995   0.0051   0.0866   0.0357   0.8746   0.8745   0.0164   0.0000  -0.0661  -0.2803    0.326
    50   0.0620   2.4520   0.0000   0.0415   0.0021   0.0453  -0.0569   1.1022   1.1019  -0.0238   0.0000  -0.0542  -0.3037    0.299
 ---------------------------------------------------------------
