 ---------------------------------------------------------------
 Surface and Strip Forces by surface

  Sref =  1.2850       Cref = 0.25900       Bref =  4.9540    
  Xref =-0.65000E-01   Yref =  0.0000       Zref =  0.0000    

  Surface # 1     Wing                                    
     # Chordwise = 12   # Spanwise = 50     First strip =  1
     Surface area Ssurf =    0.641762     Ave. chord Cave =    0.259089

 Forces referred to Sref, Cref, Bref about Xref, Yref, Zref
 Standard axis orientation,  X fwd, Z down         
     CLsurf  =   1.99536     Clsurf  =  -0.32846
     CYsurf  =  -0.05166     Cmsurf  =  -0.80504
     CDsurf  =   0.10438     Cnsurf  =  -0.29032
     CDisurf =   0.10438     CDvsurf =   0.00000

 Forces referred to Ssurf, Cave 
     CLsurf  =   3.99530     CDsurf  =   0.20899

 Strip Forces referred to Strip Area, Chord
    j     Xle      Yle      Zle      Chord    Area     c_cl     ai     cl_norm    cl       cd       cdv    cm_c/4     cm_LE   C.P.x/c
     1   0.0000   0.0255   0.0000   0.2900   0.0148   0.8954   0.1030   4.2208   4.2208   0.1590   0.0000  -0.0400  -0.8119    0.259
     2   0.0000   0.0760   0.0000   0.2900   0.0145   0.8953   0.1031   4.2203   4.2203   0.1591   0.0000  -0.0400  -0.8119    0.259
     3   0.0000   0.1265   0.0000   0.2900   0.0148   0.8952   0.1033   4.2192   4.2192   0.1594   0.0000  -0.0400  -0.8117    0.259
     4   0.0000   0.1770   0.0000   0.2900   0.0145   0.8949   0.1037   4.2175   4.2175   0.1599   0.0000  -0.0400  -0.8115    0.259
     5   0.0000   0.2275   0.0000   0.2900   0.0148   0.8946   0.1041   4.2153   4.2153   0.1605   0.0000  -0.0400  -0.8112    0.259
     6   0.0000   0.2780   0.0000   0.2900   0.0145   0.8942   0.1046   4.2125   4.2125   0.1613   0.0000  -0.0399  -0.8108    0.259
     7   0.0000   0.3285   0.0000   0.2900   0.0148   0.8937   0.1053   4.2091   4.2091   0.1622   0.0000  -0.0399  -0.8103    0.259
     8   0.0000   0.3790   0.0000   0.2900   0.0145   0.8931   0.1061   4.2050   4.2050   0.1633   0.0000  -0.0399  -0.8098    0.259
     9   0.0000   0.4295   0.0000   0.2900   0.0148   0.8924   0.1070   4.2003   4.2003   0.1646   0.0000  -0.0398  -0.8091    0.259
    10   0.0000   0.4805   0.0000   0.2900   0.0148   0.8916   0.1081   4.1949   4.1949   0.1661   0.0000  -0.0398  -0.8084    0.259
    11   0.0000   0.5310   0.0000   0.2900   0.0145   0.8907   0.1093   4.1888   4.1888   0.1677   0.0000  -0.0397  -0.8075    0.259
    12   0.0000   0.5815   0.0000   0.2900   0.0148   0.8897   0.1106   4.1819   4.1819   0.1696   0.0000  -0.0396  -0.8066    0.259
    13   0.0000   0.6320   0.0000   0.2900   0.0145   0.8885   0.1121   4.1742   4.1742   0.1717   0.0000  -0.0396  -0.8055    0.259
    14   0.0000   0.6825   0.0000   0.2900   0.0148   0.8872   0.1138   4.1656   4.1656   0.1740   0.0000  -0.0395  -0.8043    0.259
    15   0.0000   0.7330   0.0000   0.2900   0.0145   0.8858   0.1157   4.1561   4.1561   0.1765   0.0000  -0.0394  -0.8030    0.259
    16   0.0000   0.7835   0.0000   0.2900   0.0148   0.8842   0.1177   4.1455   4.1455   0.1793   0.0000  -0.0392  -0.8015    0.259
    17   0.0000   0.8340   0.0000   0.2900   0.0145   0.8824   0.1200   4.1338   4.1338   0.1823   0.0000  -0.0391  -0.7998    0.259
    18   0.0000   0.8845   0.0000   0.2900   0.0148   0.8805   0.1225   4.1209   4.1209   0.1857   0.0000  -0.0390  -0.7980    0.259
    19   0.0000   0.9355   0.0000   0.2900   0.0148   0.8783   0.1252   4.1065   4.1065   0.1894   0.0000  -0.0388  -0.7959    0.259
    20   0.0000   0.9860   0.0000   0.2900   0.0145   0.8759   0.1283   4.0906   4.0906   0.1934   0.0000  -0.0386  -0.7937    0.259
    21   0.0000   1.0365   0.0000   0.2900   0.0148   0.8732   0.1316   4.0731   4.0731   0.1978   0.0000  -0.0384  -0.7911    0.259
    22   0.0000   1.0870   0.0000   0.2900   0.0145   0.8702   0.1353   4.0536   4.0536   0.2027   0.0000  -0.0381  -0.7883    0.259
    23   0.0000   1.1375   0.0000   0.2900   0.0148   0.8669   0.1394   4.0320   4.0320   0.2080   0.0000  -0.0378  -0.7852    0.259
    24   0.0000   1.1880   0.0000   0.2900   0.0145   0.8633   0.1439   4.0081   4.0081   0.2139   0.0000  -0.0375  -0.7817    0.259
    25   0.0000   1.2258   0.0000   0.2900   0.0074   0.8601   0.1477   3.9875   3.9875   0.2189   0.0000  -0.0372  -0.7787    0.259
    26   0.0000   1.2512   0.0000   0.2900   0.0074   0.8573   0.1506   3.9699   3.9699   0.2228   0.0000  -0.0370  -0.7760    0.259
    27   0.0000   1.2890   0.0000   0.2900   0.0145   0.8536   0.1552   3.9459   3.9459   0.2289   0.0000  -0.0366  -0.7725    0.259
    28   0.0000   1.3395   0.0000   0.2895   0.0148   0.8480   0.1595   3.9142   3.9142   0.2400   0.0000  -0.0368  -0.7690    0.259
    29   0.0005   1.3905   0.0000   0.2885   0.0147   0.8413   0.1654   3.8968   3.8964   0.2396   0.0000  -0.0356  -0.7645    0.259
    30   0.0010   1.4410   0.0000   0.2870   0.0144   0.8335   0.1702   3.8762   3.8760   0.2427   0.0000  -0.0349  -0.7609    0.259
    31   0.0015   1.4915   0.0000   0.2845   0.0145   0.8241   0.1715   3.8621   3.8620   0.2463   0.0000  -0.0349  -0.7589    0.259
    32   0.0020   1.5420   0.0000   0.2820   0.0141   0.8137   0.1749   3.8403   3.8401   0.2521   0.0000  -0.0347  -0.7561    0.259
    33   0.0025   1.5925   0.0000   0.2790   0.0142   0.8019   0.1774   3.8149   3.8149   0.2613   0.0000  -0.0350  -0.7534    0.259
    34   0.0035   1.6430   0.0000   0.2750   0.0137   0.7887   0.1789   3.8070   3.8070   0.2603   0.0000  -0.0345  -0.7514    0.259
    35   0.0045   1.6935   0.0000   0.2710   0.0138   0.7742   0.1825   3.7850   3.7850   0.2665   0.0000  -0.0342  -0.7483    0.259
    36   0.0060   1.7440   0.0000   0.2660   0.0133   0.7581   0.1854   3.7794   3.7792   0.2624   0.0000  -0.0331  -0.7449    0.259
    37   0.0075   1.7945   0.0000   0.2600   0.0133   0.7400   0.1851   3.7732   3.7730   0.2633   0.0000  -0.0328  -0.7442    0.259
    38   0.0090   1.8455   0.0000   0.2540   0.0130   0.7202   0.1882   3.7523   3.7521   0.2691   0.0000  -0.0326  -0.7409    0.259
    39   0.0110   1.8960   0.0000   0.2470   0.0124   0.6985   0.1904   3.7457   3.7457   0.2649   0.0000  -0.0313  -0.7377    0.258
    40   0.0130   1.9465   0.0000   0.2390   0.0122   0.6745   0.1907   3.7372   3.7372   0.2651   0.0000  -0.0308  -0.7357    0.258
    41   0.0150   1.9970   0.0000   0.2305   0.0115   0.6480   0.1915   3.7169   3.7169   0.2703   0.0000  -0.0304  -0.7327    0.258
    42   0.0175   2.0475   0.0000   0.2210   0.0113   0.6190   0.1941   3.7062   3.7060   0.2662   0.0000  -0.0289  -0.7279    0.258
    43   0.0200   2.0980   0.0000   0.2100   0.0105   0.5864   0.1914   3.6908   3.6901   0.2698   0.0000  -0.0283  -0.7258    0.258
    44   0.0230   2.1485   0.0000   0.1980   0.0101   0.5505   0.1933   3.6767   3.6760   0.2667   0.0000  -0.0271  -0.7199    0.257
    45   0.0265   2.1990   0.0000   0.1845   0.0092   0.5099   0.1934   3.6598   3.6594   0.2604   0.0000  -0.0239  -0.7136    0.257
    46   0.0300   2.2495   0.0000   0.1685   0.0086   0.4635   0.1877   3.6384   3.6384   0.2626   0.0000  -0.0232  -0.7087    0.256
    47   0.0345   2.3005   0.0000   0.1500   0.0077   0.4097   0.1829   3.6177   3.6177   0.2560   0.0000  -0.0204  -0.6999    0.256
    48   0.0405   2.3510   0.0000   0.1280   0.0064   0.3462   0.1779   3.6054   3.6046   0.2318   0.0000  -0.0141  -0.6837    0.254
    49   0.0480   2.4015   0.0000   0.0995   0.0051   0.2657   0.1554   3.5922   3.5922   0.1954   0.0000  -0.0030  -0.6625    0.251
    50   0.0620   2.4520   0.0000   0.0415   0.0021   0.1430  -0.2034   5.2698   5.2692  -0.3770   0.0000   0.0199  -0.7815    0.246
 ---------------------------------------------------------------
