 ---------------------------------------------------------------
 Surface and Strip Forces by surface

  Sref =  1.2850       Cref = 0.25900       Bref =  4.9540    
  Xref =-0.65000E-01   Yref =  0.0000       Zref =  0.0000    

  Surface # 1     Wing                                    
     # Chordwise = 12   # Spanwise = 50     First strip =  1
     Surface area Ssurf =    0.641762     Ave. chord Cave =    0.259089

 Forces referred to Sref, Cref, Bref about Xref, Yref, Zref
 Standard axis orientation,  X fwd, Z down         
     CLsurf  =   0.38018     Clsurf  =  -0.08419
     CYsurf  =  -0.00069     Cmsurf  =  -0.24398
     CDsurf  =   0.00486     Cnsurf  =  -0.00521
     CDisurf =   0.00486     CDvsurf =   0.00000

 Forces referred to Ssurf, Cave 
     CLsurf  =   0.76123     CDsurf  =   0.00972

 Strip Forces referred to Strip Area, Chord
    j     Xle      Yle      Zle      Chord    Area     c_cl     ai     cl_norm    cl       cd       cdv    cm_c/4     cm_LE   C.P.x/c
     1   0.0000   0.0255   0.0000   0.2900   0.0148   0.2293   0.0186   0.7924   0.7924   0.0074   0.0000  -0.0824  -0.2801    0.354
     2   0.0000   0.0760   0.0000   0.2900   0.0145   0.2293   0.0186   0.7923   0.7923   0.0074   0.0000  -0.0824  -0.2800    0.354
     3   0.0000   0.1265   0.0000   0.2900   0.0148   0.2292   0.0186   0.7922   0.7922   0.0074   0.0000  -0.0824  -0.2800    0.354
     4   0.0000   0.1770   0.0000   0.2900   0.0145   0.2292   0.0187   0.7920   0.7920   0.0074   0.0000  -0.0824  -0.2800    0.354
     5   0.0000   0.2275   0.0000   0.2900   0.0148   0.2291   0.0188   0.7917   0.7917   0.0074   0.0000  -0.0824  -0.2799    0.354
     6   0.0000   0.2780   0.0000   0.2900   0.0145   0.2290   0.0189   0.7913   0.7913   0.0075   0.0000  -0.0824  -0.2798    0.354
     7   0.0000   0.3285   0.0000   0.2900   0.0148   0.2288   0.0190   0.7909   0.7909   0.0075   0.0000  -0.0824  -0.2797    0.354
     8   0.0000   0.3790   0.0000   0.2900   0.0145   0.2287   0.0191   0.7904   0.7904   0.0076   0.0000  -0.0824  -0.2795    0.354
     9   0.0000   0.4295   0.0000   0.2900   0.0148   0.2285   0.0193   0.7898   0.7898   0.0076   0.0000  -0.0824  -0.2794    0.354
    10   0.0000   0.4805   0.0000   0.2900   0.0148   0.2283   0.0195   0.7891   0.7891   0.0077   0.0000  -0.0823  -0.2792    0.354
    11   0.0000   0.5310   0.0000   0.2900   0.0145   0.2281   0.0197   0.7883   0.7883   0.0078   0.0000  -0.0823  -0.2790    0.354
    12   0.0000   0.5815   0.0000   0.2900   0.0148   0.2279   0.0200   0.7874   0.7874   0.0079   0.0000  -0.0823  -0.2787    0.355
    13   0.0000   0.6320   0.0000   0.2900   0.0145   0.2276   0.0202   0.7864   0.7864   0.0080   0.0000  -0.0823  -0.2785    0.355
    14   0.0000   0.6825   0.0000   0.2900   0.0148   0.2273   0.0205   0.7853   0.7853   0.0081   0.0000  -0.0823  -0.2782    0.355
    15   0.0000   0.7330   0.0000   0.2900   0.0145   0.2269   0.0209   0.7841   0.7841   0.0082   0.0000  -0.0822  -0.2779    0.355
    16   0.0000   0.7835   0.0000   0.2900   0.0148   0.2265   0.0212   0.7828   0.7828   0.0083   0.0000  -0.0822  -0.2775    0.355
    17   0.0000   0.8340   0.0000   0.2900   0.0145   0.2261   0.0216   0.7813   0.7813   0.0084   0.0000  -0.0822  -0.2771    0.355
    18   0.0000   0.8845   0.0000   0.2900   0.0148   0.2256   0.0221   0.7796   0.7796   0.0086   0.0000  -0.0821  -0.2766    0.355
    19   0.0000   0.9355   0.0000   0.2900   0.0148   0.2251   0.0226   0.7777   0.7777   0.0088   0.0000  -0.0821  -0.2761    0.356
    20   0.0000   0.9860   0.0000   0.2900   0.0145   0.2245   0.0231   0.7757   0.7757   0.0090   0.0000  -0.0821  -0.2756    0.356
    21   0.0000   1.0365   0.0000   0.2900   0.0148   0.2238   0.0238   0.7734   0.7734   0.0092   0.0000  -0.0820  -0.2750    0.356
    22   0.0000   1.0870   0.0000   0.2900   0.0145   0.2231   0.0244   0.7709   0.7709   0.0094   0.0000  -0.0819  -0.2743    0.356
    23   0.0000   1.1375   0.0000   0.2900   0.0148   0.2223   0.0252   0.7681   0.7681   0.0096   0.0000  -0.0818  -0.2735    0.357
    24   0.0000   1.1880   0.0000   0.2900   0.0145   0.2214   0.0261   0.7651   0.7651   0.0099   0.0000  -0.0817  -0.2726    0.357
    25   0.0000   1.2258   0.0000   0.2900   0.0074   0.2207   0.0268   0.7624   0.7624   0.0101   0.0000  -0.0816  -0.2719    0.357
    26   0.0000   1.2512   0.0000   0.2900   0.0074   0.2200   0.0274   0.7600   0.7600   0.0103   0.0000  -0.0815  -0.2712    0.357
    27   0.0000   1.2890   0.0000   0.2900   0.0145   0.2191   0.0283   0.7570   0.7570   0.0105   0.0000  -0.0814  -0.2703    0.358
    28   0.0000   1.3395   0.0000   0.2895   0.0148   0.2177   0.0291   0.7535   0.7534   0.0109   0.0000  -0.0814  -0.2694    0.358
    29   0.0005   1.3905   0.0000   0.2885   0.0147   0.2161   0.0303   0.7505   0.7503   0.0110   0.0000  -0.0811  -0.2683    0.358
    30   0.0010   1.4410   0.0000   0.2870   0.0144   0.2141   0.0313   0.7475   0.7474   0.0111   0.0000  -0.0809  -0.2674    0.358
    31   0.0015   1.4915   0.0000   0.2845   0.0145   0.2117   0.0314   0.7455   0.7455   0.0114   0.0000  -0.0809  -0.2669    0.359
    32   0.0020   1.5420   0.0000   0.2820   0.0141   0.2091   0.0320   0.7427   0.7426   0.0116   0.0000  -0.0808  -0.2662    0.359
    33   0.0025   1.5925   0.0000   0.2790   0.0142   0.2060   0.0325   0.7397   0.7397   0.0119   0.0000  -0.0809  -0.2654    0.359
    34   0.0035   1.6430   0.0000   0.2750   0.0137   0.2026   0.0327   0.7381   0.7381   0.0120   0.0000  -0.0808  -0.2649    0.359
    35   0.0045   1.6935   0.0000   0.2710   0.0138   0.1989   0.0334   0.7353   0.7353   0.0122   0.0000  -0.0806  -0.2641    0.360
    36   0.0060   1.7440   0.0000   0.2660   0.0133   0.1948   0.0340   0.7336   0.7335   0.0121   0.0000  -0.0803  -0.2632    0.360
    37   0.0075   1.7945   0.0000   0.2600   0.0133   0.1901   0.0337   0.7324   0.7324   0.0122   0.0000  -0.0803  -0.2631    0.360
    38   0.0090   1.8455   0.0000   0.2540   0.0130   0.1850   0.0344   0.7297   0.7296   0.0124   0.0000  -0.0802  -0.2621    0.360
    39   0.0110   1.8960   0.0000   0.2470   0.0124   0.1794   0.0348   0.7276   0.7276   0.0123   0.0000  -0.0798  -0.2612    0.360
    40   0.0130   1.9465   0.0000   0.2390   0.0122   0.1732   0.0348   0.7259   0.7259   0.0124   0.0000  -0.0797  -0.2606    0.360
    41   0.0150   1.9970   0.0000   0.2305   0.0115   0.1664   0.0349   0.7229   0.7229   0.0126   0.0000  -0.0795  -0.2597    0.360
    42   0.0175   2.0475   0.0000   0.2210   0.0113   0.1589   0.0355   0.7200   0.7200   0.0125   0.0000  -0.0790  -0.2583    0.360
    43   0.0200   2.0980   0.0000   0.2100   0.0105   0.1504   0.0347   0.7175   0.7172   0.0127   0.0000  -0.0788  -0.2577    0.360
    44   0.0230   2.1485   0.0000   0.1980   0.0101   0.1411   0.0353   0.7140   0.7138   0.0127   0.0000  -0.0784  -0.2558    0.360
    45   0.0265   2.1990   0.0000   0.1845   0.0092   0.1306   0.0352   0.7091   0.7090   0.0125   0.0000  -0.0774  -0.2539    0.359
    46   0.0300   2.2495   0.0000   0.1685   0.0086   0.1185   0.0339   0.7045   0.7045   0.0127   0.0000  -0.0771  -0.2522    0.359
    47   0.0345   2.3005   0.0000   0.1500   0.0077   0.1046   0.0329   0.6982   0.6982   0.0125   0.0000  -0.0761  -0.2491    0.359
    48   0.0405   2.3510   0.0000   0.1280   0.0064   0.0881   0.0321   0.6898   0.6895   0.0118   0.0000  -0.0739  -0.2436    0.357
    49   0.0480   2.4015   0.0000   0.0995   0.0051   0.0671   0.0275   0.6759   0.6759   0.0102   0.0000  -0.0694  -0.2352    0.353
    50   0.0620   2.4520   0.0000   0.0415   0.0021   0.0347  -0.0467   0.8409   0.8408  -0.0134   0.0000  -0.0589  -0.2491    0.320
 ---------------------------------------------------------------
