 ---------------------------------------------------------------
 Surface and Strip Forces by surface

  Sref =  1.2850       Cref = 0.25900       Bref =  4.9540    
  Xref =-0.65000E-01   Yref =  0.0000       Zref =  0.0000    

  Surface # 1     Wing                                    
     # Chordwise = 12   # Spanwise = 50     First strip =  1
     Surface area Ssurf =    0.641762     Ave. chord Cave =    0.259089

 Forces referred to Sref, Cref, Bref about Xref, Yref, Zref
 Standard axis orientation,  X fwd, Z down         
     CLsurf  =   1.08287     Clsurf  =  -0.22911
     CYsurf  =  -0.01213     Cmsurf  =  -0.58502
     CDsurf  =   0.03802     Cnsurf  =  -0.07090
     CDisurf =   0.03802     CDvsurf =   0.00000

 Forces referred to Ssurf, Cave 
     CLsurf  =   2.16823     CDsurf  =   0.07614

 Strip Forces referred to Strip Area, Chord
    j     Xle      Yle      Zle      Chord    Area     c_cl     ai     cl_norm    cl       cd       cdv    cm_c/4     cm_LE   C.P.x/c
     1   0.0000   0.0255   0.0000   0.2900   0.0148   0.6245   0.0537   2.2657   2.2657   0.0578   0.0000  -0.0729  -0.6112    0.282
     2   0.0000   0.0760   0.0000   0.2900   0.0145   0.6244   0.0538   2.2655   2.2655   0.0579   0.0000  -0.0729  -0.6112    0.282
     3   0.0000   0.1265   0.0000   0.2900   0.0148   0.6243   0.0539   2.2650   2.2650   0.0580   0.0000  -0.0729  -0.6111    0.282
     4   0.0000   0.1770   0.0000   0.2900   0.0145   0.6241   0.0541   2.2643   2.2643   0.0582   0.0000  -0.0729  -0.6109    0.282
     5   0.0000   0.2275   0.0000   0.2900   0.0148   0.6239   0.0543   2.2634   2.2634   0.0584   0.0000  -0.0729  -0.6107    0.282
     6   0.0000   0.2780   0.0000   0.2900   0.0145   0.6236   0.0546   2.2623   2.2623   0.0587   0.0000  -0.0728  -0.6104    0.282
     7   0.0000   0.3285   0.0000   0.2900   0.0148   0.6233   0.0549   2.2609   2.2609   0.0590   0.0000  -0.0728  -0.6101    0.282
     8   0.0000   0.3790   0.0000   0.2900   0.0145   0.6228   0.0553   2.2592   2.2592   0.0594   0.0000  -0.0728  -0.6097    0.282
     9   0.0000   0.4295   0.0000   0.2900   0.0148   0.6224   0.0558   2.2573   2.2573   0.0599   0.0000  -0.0728  -0.6093    0.282
    10   0.0000   0.4805   0.0000   0.2900   0.0148   0.6218   0.0564   2.2550   2.2550   0.0604   0.0000  -0.0727  -0.6088    0.282
    11   0.0000   0.5310   0.0000   0.2900   0.0145   0.6212   0.0570   2.2525   2.2525   0.0610   0.0000  -0.0727  -0.6082    0.282
    12   0.0000   0.5815   0.0000   0.2900   0.0148   0.6205   0.0577   2.2497   2.2497   0.0617   0.0000  -0.0726  -0.6075    0.282
    13   0.0000   0.6320   0.0000   0.2900   0.0145   0.6197   0.0585   2.2465   2.2465   0.0625   0.0000  -0.0726  -0.6068    0.282
    14   0.0000   0.6825   0.0000   0.2900   0.0148   0.6188   0.0594   2.2430   2.2430   0.0633   0.0000  -0.0725  -0.6060    0.282
    15   0.0000   0.7330   0.0000   0.2900   0.0145   0.6178   0.0603   2.2390   2.2390   0.0642   0.0000  -0.0724  -0.6050    0.282
    16   0.0000   0.7835   0.0000   0.2900   0.0148   0.6167   0.0614   2.2347   2.2347   0.0652   0.0000  -0.0724  -0.6040    0.282
    17   0.0000   0.8340   0.0000   0.2900   0.0145   0.6155   0.0626   2.2298   2.2298   0.0664   0.0000  -0.0723  -0.6029    0.282
    18   0.0000   0.8845   0.0000   0.2900   0.0148   0.6141   0.0639   2.2244   2.2244   0.0676   0.0000  -0.0722  -0.6016    0.282
    19   0.0000   0.9355   0.0000   0.2900   0.0148   0.6126   0.0653   2.2184   2.2184   0.0689   0.0000  -0.0721  -0.6002    0.282
    20   0.0000   0.9860   0.0000   0.2900   0.0145   0.6110   0.0669   2.2118   2.2118   0.0704   0.0000  -0.0719  -0.5986    0.283
    21   0.0000   1.0365   0.0000   0.2900   0.0148   0.6091   0.0686   2.2045   2.2045   0.0720   0.0000  -0.0718  -0.5969    0.283
    22   0.0000   1.0870   0.0000   0.2900   0.0145   0.6071   0.0706   2.1964   2.1964   0.0738   0.0000  -0.0716  -0.5949    0.283
    23   0.0000   1.1375   0.0000   0.2900   0.0148   0.6048   0.0727   2.1873   2.1873   0.0757   0.0000  -0.0714  -0.5927    0.283
    24   0.0000   1.1880   0.0000   0.2900   0.0145   0.6023   0.0751   2.1773   2.1773   0.0778   0.0000  -0.0711  -0.5903    0.283
    25   0.0000   1.2258   0.0000   0.2900   0.0074   0.6001   0.0771   2.1687   2.1687   0.0796   0.0000  -0.0709  -0.5882    0.283
    26   0.0000   1.2512   0.0000   0.2900   0.0074   0.5981   0.0787   2.1611   2.1611   0.0810   0.0000  -0.0707  -0.5864    0.283
    27   0.0000   1.2890   0.0000   0.2900   0.0145   0.5956   0.0812   2.1512   2.1512   0.0831   0.0000  -0.0705  -0.5839    0.283
    28   0.0000   1.3395   0.0000   0.2895   0.0148   0.5917   0.0834   2.1393   2.1392   0.0869   0.0000  -0.0705  -0.5815    0.283
    29   0.0005   1.3905   0.0000   0.2885   0.0147   0.5871   0.0866   2.1302   2.1298   0.0870   0.0000  -0.0697  -0.5784    0.283
    30   0.0010   1.4410   0.0000   0.2870   0.0144   0.5817   0.0891   2.1207   2.1205   0.0881   0.0000  -0.0692  -0.5758    0.283
    31   0.0015   1.4915   0.0000   0.2845   0.0145   0.5752   0.0897   2.1147   2.1146   0.0895   0.0000  -0.0692  -0.5745    0.283
    32   0.0020   1.5420   0.0000   0.2820   0.0141   0.5679   0.0915   2.1057   2.1055   0.0916   0.0000  -0.0691  -0.5725    0.283
    33   0.0025   1.5925   0.0000   0.2790   0.0142   0.5597   0.0928   2.0961   2.0961   0.0947   0.0000  -0.0692  -0.5706    0.283
    34   0.0035   1.6430   0.0000   0.2750   0.0137   0.5504   0.0936   2.0915   2.0915   0.0946   0.0000  -0.0689  -0.5692    0.283
    35   0.0045   1.6935   0.0000   0.2710   0.0138   0.5403   0.0955   2.0826   2.0826   0.0966   0.0000  -0.0687  -0.5670    0.283
    36   0.0060   1.7440   0.0000   0.2660   0.0133   0.5291   0.0971   2.0780   2.0778   0.0955   0.0000  -0.0679  -0.5647    0.283
    37   0.0075   1.7945   0.0000   0.2600   0.0133   0.5164   0.0968   2.0750   2.0748   0.0959   0.0000  -0.0677  -0.5642    0.283
    38   0.0090   1.8455   0.0000   0.2540   0.0130   0.5026   0.0984   2.0664   2.0663   0.0978   0.0000  -0.0675  -0.5618    0.283
    39   0.0110   1.8960   0.0000   0.2470   0.0124   0.4875   0.0996   2.0611   2.0611   0.0966   0.0000  -0.0666  -0.5595    0.282
    40   0.0130   1.9465   0.0000   0.2390   0.0122   0.4707   0.0997   2.0565   2.0565   0.0968   0.0000  -0.0662  -0.5581    0.282
    41   0.0150   1.9970   0.0000   0.2305   0.0115   0.4522   0.1001   2.0479   2.0479   0.0985   0.0000  -0.0659  -0.5559    0.282
    42   0.0175   2.0475   0.0000   0.2210   0.0113   0.4319   0.1016   2.0405   2.0403   0.0973   0.0000  -0.0648  -0.5524    0.282
    43   0.0200   2.0980   0.0000   0.2100   0.0105   0.4091   0.1000   2.0339   2.0331   0.0985   0.0000  -0.0644  -0.5509    0.282
    44   0.0230   2.1485   0.0000   0.1980   0.0101   0.3840   0.1011   2.0249   2.0242   0.0976   0.0000  -0.0635  -0.5466    0.281
    45   0.0265   2.1990   0.0000   0.1845   0.0092   0.3556   0.1011   2.0130   2.0126   0.0956   0.0000  -0.0611  -0.5421    0.280
    46   0.0300   2.2495   0.0000   0.1685   0.0086   0.3231   0.0979   2.0018   2.0018   0.0964   0.0000  -0.0606  -0.5383    0.280
    47   0.0345   2.3005   0.0000   0.1500   0.0077   0.2855   0.0953   1.9874   1.9874   0.0943   0.0000  -0.0584  -0.5317    0.279
    48   0.0405   2.3510   0.0000   0.1280   0.0064   0.2411   0.0927   1.9701   1.9694   0.0863   0.0000  -0.0536  -0.5195    0.277
    49   0.0480   2.4015   0.0000   0.0995   0.0051   0.1847   0.0807   1.9453   1.9453   0.0731   0.0000  -0.0449  -0.5029    0.273
    50   0.0620   2.4520   0.0000   0.0415   0.0021   0.0986  -0.1126   2.5686   2.5681  -0.1291   0.0000  -0.0260  -0.5755    0.260
 ---------------------------------------------------------------
