 ---------------------------------------------------------------
 Surface and Strip Forces by surface

  Sref =  1.2850       Cref = 0.25900       Bref =  4.9540    
  Xref =-0.65000E-01   Yref =  0.0000       Zref =  0.0000    

  Surface # 1     Wing                                    
     # Chordwise = 12   # Spanwise = 50     First strip =  1
     Surface area Ssurf =    0.641762     Ave. chord Cave =    0.259089

 Forces referred to Sref, Cref, Bref about Xref, Yref, Zref
 Standard axis orientation,  X fwd, Z down         
     CLsurf  =   0.40277     Clsurf  =  -0.08915
     CYsurf  =  -0.00085     Cmsurf  =  -0.25576
     CDsurf  =   0.00545     Cnsurf  =  -0.00617
     CDisurf =   0.00545     CDvsurf =   0.00000

 Forces referred to Ssurf, Cave 
     CLsurf  =   0.80647     CDsurf  =   0.01091

 Strip Forces referred to Strip Area, Chord
    j     Xle      Yle      Zle      Chord    Area     c_cl     ai     cl_norm    cl       cd       cdv    cm_c/4     cm_LE   C.P.x/c
     1   0.0000   0.0255   0.0000   0.2900   0.0148   0.2428   0.0197   0.8396   0.8396   0.0083   0.0000  -0.0823  -0.2916    0.348
     2   0.0000   0.0760   0.0000   0.2900   0.0145   0.2428   0.0197   0.8395   0.8395   0.0083   0.0000  -0.0823  -0.2916    0.348
     3   0.0000   0.1265   0.0000   0.2900   0.0148   0.2427   0.0198   0.8394   0.8394   0.0083   0.0000  -0.0823  -0.2915    0.348
     4   0.0000   0.1770   0.0000   0.2900   0.0145   0.2427   0.0198   0.8391   0.8391   0.0083   0.0000  -0.0823  -0.2915    0.348
     5   0.0000   0.2275   0.0000   0.2900   0.0148   0.2426   0.0199   0.8388   0.8388   0.0083   0.0000  -0.0823  -0.2914    0.348
     6   0.0000   0.2780   0.0000   0.2900   0.0145   0.2425   0.0200   0.8384   0.8384   0.0084   0.0000  -0.0823  -0.2913    0.348
     7   0.0000   0.3285   0.0000   0.2900   0.0148   0.2423   0.0201   0.8380   0.8380   0.0084   0.0000  -0.0822  -0.2912    0.348
     8   0.0000   0.3790   0.0000   0.2900   0.0145   0.2422   0.0203   0.8374   0.8374   0.0085   0.0000  -0.0822  -0.2910    0.348
     9   0.0000   0.4295   0.0000   0.2900   0.0148   0.2420   0.0205   0.8368   0.8368   0.0086   0.0000  -0.0822  -0.2909    0.348
    10   0.0000   0.4805   0.0000   0.2900   0.0148   0.2418   0.0207   0.8361   0.8361   0.0086   0.0000  -0.0822  -0.2907    0.348
    11   0.0000   0.5310   0.0000   0.2900   0.0145   0.2416   0.0209   0.8352   0.8352   0.0087   0.0000  -0.0822  -0.2904    0.348
    12   0.0000   0.5815   0.0000   0.2900   0.0148   0.2413   0.0212   0.8343   0.8343   0.0088   0.0000  -0.0822  -0.2902    0.349
    13   0.0000   0.6320   0.0000   0.2900   0.0145   0.2410   0.0214   0.8332   0.8332   0.0089   0.0000  -0.0822  -0.2899    0.349
    14   0.0000   0.6825   0.0000   0.2900   0.0148   0.2407   0.0218   0.8321   0.8321   0.0090   0.0000  -0.0821  -0.2896    0.349
    15   0.0000   0.7330   0.0000   0.2900   0.0145   0.2403   0.0221   0.8308   0.8308   0.0092   0.0000  -0.0821  -0.2892    0.349
    16   0.0000   0.7835   0.0000   0.2900   0.0148   0.2399   0.0225   0.8293   0.8293   0.0093   0.0000  -0.0821  -0.2889    0.349
    17   0.0000   0.8340   0.0000   0.2900   0.0145   0.2394   0.0229   0.8277   0.8277   0.0095   0.0000  -0.0820  -0.2884    0.349
    18   0.0000   0.8845   0.0000   0.2900   0.0148   0.2389   0.0234   0.8260   0.8260   0.0097   0.0000  -0.0820  -0.2879    0.349
    19   0.0000   0.9355   0.0000   0.2900   0.0148   0.2383   0.0240   0.8240   0.8240   0.0098   0.0000  -0.0820  -0.2874    0.349
    20   0.0000   0.9860   0.0000   0.2900   0.0145   0.2377   0.0245   0.8218   0.8218   0.0101   0.0000  -0.0819  -0.2868    0.350
    21   0.0000   1.0365   0.0000   0.2900   0.0148   0.2370   0.0252   0.8194   0.8194   0.0103   0.0000  -0.0818  -0.2862    0.350
    22   0.0000   1.0870   0.0000   0.2900   0.0145   0.2363   0.0259   0.8167   0.8167   0.0105   0.0000  -0.0818  -0.2854    0.350
    23   0.0000   1.1375   0.0000   0.2900   0.0148   0.2354   0.0267   0.8138   0.8138   0.0108   0.0000  -0.0817  -0.2846    0.350
    24   0.0000   1.1880   0.0000   0.2900   0.0145   0.2345   0.0276   0.8105   0.8105   0.0111   0.0000  -0.0816  -0.2837    0.351
    25   0.0000   1.2258   0.0000   0.2900   0.0074   0.2337   0.0284   0.8076   0.8076   0.0113   0.0000  -0.0815  -0.2829    0.351
    26   0.0000   1.2512   0.0000   0.2900   0.0074   0.2329   0.0290   0.8051   0.8051   0.0115   0.0000  -0.0814  -0.2822    0.351
    27   0.0000   1.2890   0.0000   0.2900   0.0145   0.2320   0.0300   0.8019   0.8019   0.0118   0.0000  -0.0812  -0.2812    0.351
    28   0.0000   1.3395   0.0000   0.2895   0.0148   0.2305   0.0308   0.7981   0.7981   0.0122   0.0000  -0.0812  -0.2803    0.352
    29   0.0005   1.3905   0.0000   0.2885   0.0147   0.2288   0.0321   0.7950   0.7948   0.0123   0.0000  -0.0809  -0.2791    0.352
    30   0.0010   1.4410   0.0000   0.2870   0.0144   0.2267   0.0331   0.7917   0.7917   0.0125   0.0000  -0.0807  -0.2781    0.352
    31   0.0015   1.4915   0.0000   0.2845   0.0145   0.2242   0.0332   0.7897   0.7897   0.0127   0.0000  -0.0807  -0.2776    0.352
    32   0.0020   1.5420   0.0000   0.2820   0.0141   0.2213   0.0339   0.7867   0.7866   0.0130   0.0000  -0.0806  -0.2769    0.353
    33   0.0025   1.5925   0.0000   0.2790   0.0142   0.2181   0.0344   0.7835   0.7835   0.0134   0.0000  -0.0807  -0.2761    0.353
    34   0.0035   1.6430   0.0000   0.2750   0.0137   0.2145   0.0346   0.7818   0.7818   0.0135   0.0000  -0.0806  -0.2756    0.353
    35   0.0045   1.6935   0.0000   0.2710   0.0138   0.2106   0.0354   0.7788   0.7788   0.0137   0.0000  -0.0804  -0.2747    0.353
    36   0.0060   1.7440   0.0000   0.2660   0.0133   0.2062   0.0360   0.7770   0.7769   0.0136   0.0000  -0.0801  -0.2737    0.353
    37   0.0075   1.7945   0.0000   0.2600   0.0133   0.2013   0.0357   0.7758   0.7757   0.0137   0.0000  -0.0801  -0.2736    0.353
    38   0.0090   1.8455   0.0000   0.2540   0.0130   0.1959   0.0364   0.7729   0.7728   0.0139   0.0000  -0.0799  -0.2725    0.353
    39   0.0110   1.8960   0.0000   0.2470   0.0124   0.1900   0.0369   0.7707   0.7707   0.0139   0.0000  -0.0795  -0.2716    0.353
    40   0.0130   1.9465   0.0000   0.2390   0.0122   0.1834   0.0369   0.7689   0.7689   0.0139   0.0000  -0.0794  -0.2710    0.353
    41   0.0150   1.9970   0.0000   0.2305   0.0115   0.1761   0.0370   0.7657   0.7657   0.0141   0.0000  -0.0792  -0.2701    0.353
    42   0.0175   2.0475   0.0000   0.2210   0.0113   0.1682   0.0376   0.7627   0.7626   0.0141   0.0000  -0.0787  -0.2686    0.353
    43   0.0200   2.0980   0.0000   0.2100   0.0105   0.1592   0.0368   0.7601   0.7598   0.0142   0.0000  -0.0785  -0.2679    0.353
    44   0.0230   2.1485   0.0000   0.1980   0.0101   0.1494   0.0373   0.7564   0.7561   0.0142   0.0000  -0.0781  -0.2660    0.353
    45   0.0265   2.1990   0.0000   0.1845   0.0092   0.1383   0.0373   0.7513   0.7511   0.0140   0.0000  -0.0770  -0.2640    0.353
    46   0.0300   2.2495   0.0000   0.1685   0.0086   0.1255   0.0359   0.7464   0.7464   0.0142   0.0000  -0.0767  -0.2621    0.353
    47   0.0345   2.3005   0.0000   0.1500   0.0077   0.1108   0.0349   0.7398   0.7398   0.0140   0.0000  -0.0756  -0.2590    0.352
    48   0.0405   2.3510   0.0000   0.1280   0.0064   0.0933   0.0340   0.7311   0.7308   0.0132   0.0000  -0.0734  -0.2532    0.350
    49   0.0480   2.4015   0.0000   0.0995   0.0051   0.0712   0.0292   0.7168   0.7167   0.0114   0.0000  -0.0687  -0.2445    0.346
    50   0.0620   2.4520   0.0000   0.0415   0.0021   0.0369  -0.0488   0.8945   0.8943  -0.0153   0.0000  -0.0580  -0.2604    0.315
 ---------------------------------------------------------------
