 ---------------------------------------------------------------
 Surface and Strip Forces by surface

  Sref =  1.2850       Cref = 0.25900       Bref =  4.9540    
  Xref =-0.65000E-01   Yref =  0.0000       Zref =  0.0000    

  Surface # 1     Wing                                    
     # Chordwise = 12   # Spanwise = 50     First strip =  1
     Surface area Ssurf =    0.641762     Ave. chord Cave =    0.259089

 Forces referred to Sref, Cref, Bref about Xref, Yref, Zref
 Standard axis orientation,  X fwd, Z down         
     CLsurf  =   1.10602     Clsurf  =  -0.23336
     CYsurf  =  -0.01275     Cmsurf  =  -0.59489
     CDsurf  =   0.03958     Cnsurf  =  -0.07440
     CDisurf =   0.03958     CDvsurf =   0.00000

 Forces referred to Ssurf, Cave 
     CLsurf  =   2.21458     CDsurf  =   0.07925

 Strip Forces referred to Strip Area, Chord
    j     Xle      Yle      Zle      Chord    Area     c_cl     ai     cl_norm    cl       cd       cdv    cm_c/4     cm_LE   C.P.x/c
     1   0.0000   0.0255   0.0000   0.2900   0.0148   0.6360   0.0549   2.3146   2.3146   0.0602   0.0000  -0.0724  -0.6207    0.281
     2   0.0000   0.0760   0.0000   0.2900   0.0145   0.6360   0.0550   2.3143   2.3143   0.0603   0.0000  -0.0724  -0.6206    0.281
     3   0.0000   0.1265   0.0000   0.2900   0.0148   0.6359   0.0551   2.3139   2.3139   0.0604   0.0000  -0.0724  -0.6205    0.281
     4   0.0000   0.1770   0.0000   0.2900   0.0145   0.6357   0.0552   2.3132   2.3132   0.0606   0.0000  -0.0724  -0.6204    0.281
     5   0.0000   0.2275   0.0000   0.2900   0.0148   0.6355   0.0555   2.3122   2.3122   0.0608   0.0000  -0.0723  -0.6202    0.281
     6   0.0000   0.2780   0.0000   0.2900   0.0145   0.6352   0.0558   2.3110   2.3110   0.0611   0.0000  -0.0723  -0.6199    0.281
     7   0.0000   0.3285   0.0000   0.2900   0.0148   0.6348   0.0561   2.3096   2.3096   0.0614   0.0000  -0.0723  -0.6196    0.281
     8   0.0000   0.3790   0.0000   0.2900   0.0145   0.6344   0.0566   2.3079   2.3079   0.0619   0.0000  -0.0723  -0.6192    0.281
     9   0.0000   0.4295   0.0000   0.2900   0.0148   0.6339   0.0570   2.3059   2.3059   0.0624   0.0000  -0.0722  -0.6187    0.281
    10   0.0000   0.4805   0.0000   0.2900   0.0148   0.6333   0.0576   2.3036   2.3036   0.0629   0.0000  -0.0722  -0.6182    0.281
    11   0.0000   0.5310   0.0000   0.2900   0.0145   0.6327   0.0583   2.3010   2.3010   0.0635   0.0000  -0.0722  -0.6176    0.281
    12   0.0000   0.5815   0.0000   0.2900   0.0148   0.6320   0.0590   2.2981   2.2981   0.0642   0.0000  -0.0721  -0.6169    0.281
    13   0.0000   0.6320   0.0000   0.2900   0.0145   0.6312   0.0598   2.2948   2.2948   0.0650   0.0000  -0.0721  -0.6162    0.281
    14   0.0000   0.6825   0.0000   0.2900   0.0148   0.6303   0.0607   2.2912   2.2912   0.0659   0.0000  -0.0720  -0.6153    0.281
    15   0.0000   0.7330   0.0000   0.2900   0.0145   0.6292   0.0616   2.2872   2.2872   0.0669   0.0000  -0.0719  -0.6144    0.281
    16   0.0000   0.7835   0.0000   0.2900   0.0148   0.6281   0.0627   2.2827   2.2827   0.0679   0.0000  -0.0718  -0.6133    0.281
    17   0.0000   0.8340   0.0000   0.2900   0.0145   0.6269   0.0639   2.2777   2.2777   0.0691   0.0000  -0.0717  -0.6122    0.281
    18   0.0000   0.8845   0.0000   0.2900   0.0148   0.6255   0.0653   2.2722   2.2722   0.0704   0.0000  -0.0716  -0.6109    0.282
    19   0.0000   0.9355   0.0000   0.2900   0.0148   0.6240   0.0668   2.2660   2.2660   0.0718   0.0000  -0.0715  -0.6094    0.282
    20   0.0000   0.9860   0.0000   0.2900   0.0145   0.6223   0.0684   2.2592   2.2592   0.0733   0.0000  -0.0714  -0.6078    0.282
    21   0.0000   1.0365   0.0000   0.2900   0.0148   0.6204   0.0702   2.2517   2.2517   0.0750   0.0000  -0.0712  -0.6061    0.282
    22   0.0000   1.0870   0.0000   0.2900   0.0145   0.6183   0.0721   2.2434   2.2434   0.0768   0.0000  -0.0710  -0.6041    0.282
    23   0.0000   1.1375   0.0000   0.2900   0.0148   0.6160   0.0743   2.2341   2.2341   0.0788   0.0000  -0.0708  -0.6019    0.282
    24   0.0000   1.1880   0.0000   0.2900   0.0145   0.6134   0.0768   2.2238   2.2238   0.0810   0.0000  -0.0706  -0.5994    0.282
    25   0.0000   1.2258   0.0000   0.2900   0.0074   0.6112   0.0788   2.2150   2.2150   0.0829   0.0000  -0.0704  -0.5973    0.282
    26   0.0000   1.2512   0.0000   0.2900   0.0074   0.6092   0.0804   2.2072   2.2072   0.0843   0.0000  -0.0702  -0.5954    0.282
    27   0.0000   1.2890   0.0000   0.2900   0.0145   0.6067   0.0830   2.1970   2.1970   0.0865   0.0000  -0.0699  -0.5929    0.282
    28   0.0000   1.3395   0.0000   0.2895   0.0148   0.6027   0.0852   2.1847   2.1847   0.0905   0.0000  -0.0700  -0.5904    0.282
    29   0.0005   1.3905   0.0000   0.2885   0.0147   0.5980   0.0885   2.1755   2.1751   0.0905   0.0000  -0.0691  -0.5872    0.282
    30   0.0010   1.4410   0.0000   0.2870   0.0144   0.5924   0.0911   2.1658   2.1656   0.0918   0.0000  -0.0686  -0.5846    0.282
    31   0.0015   1.4915   0.0000   0.2845   0.0145   0.5858   0.0917   2.1596   2.1595   0.0932   0.0000  -0.0686  -0.5833    0.282
    32   0.0020   1.5420   0.0000   0.2820   0.0141   0.5784   0.0936   2.1504   2.1502   0.0953   0.0000  -0.0685  -0.5813    0.282
    33   0.0025   1.5925   0.0000   0.2790   0.0142   0.5700   0.0949   2.1405   2.1405   0.0986   0.0000  -0.0687  -0.5793    0.282
    34   0.0035   1.6430   0.0000   0.2750   0.0137   0.5606   0.0956   2.1358   2.1358   0.0985   0.0000  -0.0684  -0.5779    0.282
    35   0.0045   1.6935   0.0000   0.2710   0.0138   0.5503   0.0976   2.1266   2.1266   0.1006   0.0000  -0.0681  -0.5757    0.282
    36   0.0060   1.7440   0.0000   0.2660   0.0133   0.5389   0.0992   2.1220   2.1218   0.0994   0.0000  -0.0673  -0.5733    0.282
    37   0.0075   1.7945   0.0000   0.2600   0.0133   0.5260   0.0989   2.1189   2.1187   0.0998   0.0000  -0.0671  -0.5728    0.282
    38   0.0090   1.8455   0.0000   0.2540   0.0130   0.5119   0.1006   2.1101   2.1099   0.1018   0.0000  -0.0669  -0.5704    0.282
    39   0.0110   1.8960   0.0000   0.2470   0.0124   0.4965   0.1018   2.1047   2.1047   0.1005   0.0000  -0.0659  -0.5680    0.281
    40   0.0130   1.9465   0.0000   0.2390   0.0122   0.4794   0.1019   2.1000   2.1000   0.1007   0.0000  -0.0656  -0.5666    0.281
    41   0.0150   1.9970   0.0000   0.2305   0.0115   0.4606   0.1023   2.0912   2.0912   0.1025   0.0000  -0.0653  -0.5644    0.281
    42   0.0175   2.0475   0.0000   0.2210   0.0113   0.4399   0.1038   2.0837   2.0835   0.1012   0.0000  -0.0642  -0.5608    0.281
    43   0.0200   2.0980   0.0000   0.2100   0.0105   0.4166   0.1022   2.0768   2.0761   0.1025   0.0000  -0.0637  -0.5593    0.281
    44   0.0230   2.1485   0.0000   0.1980   0.0101   0.3911   0.1033   2.0678   2.0671   0.1016   0.0000  -0.0628  -0.5549    0.280
    45   0.0265   2.1990   0.0000   0.1845   0.0092   0.3622   0.1033   2.0556   2.0552   0.0995   0.0000  -0.0604  -0.5503    0.279
    46   0.0300   2.2495   0.0000   0.1685   0.0086   0.3291   0.1001   2.0442   2.0442   0.1004   0.0000  -0.0598  -0.5465    0.279
    47   0.0345   2.3005   0.0000   0.1500   0.0077   0.2908   0.0974   2.0295   2.0295   0.0981   0.0000  -0.0576  -0.5397    0.278
    48   0.0405   2.3510   0.0000   0.1280   0.0064   0.2456   0.0948   2.0121   2.0113   0.0897   0.0000  -0.0528  -0.5274    0.276
    49   0.0480   2.4015   0.0000   0.0995   0.0051   0.1882   0.0825   1.9871   1.9871   0.0761   0.0000  -0.0439  -0.5105    0.272
    50   0.0620   2.4520   0.0000   0.0415   0.0021   0.1004  -0.1148   2.6288   2.6283  -0.1347   0.0000  -0.0249  -0.5849    0.259
 ---------------------------------------------------------------
