 ---------------------------------------------------------------
 Surface and Strip Forces by surface

  Sref =  1.2850       Cref = 0.25900       Bref =  4.9540    
  Xref =-0.65000E-01   Yref =  0.0000       Zref =  0.0000    

  Surface # 1     Wing                                    
     # Chordwise = 12   # Spanwise = 50     First strip =  1
     Surface area Ssurf =    0.641762     Ave. chord Cave =    0.259089

 Forces referred to Sref, Cref, Bref about Xref, Yref, Zref
 Standard axis orientation,  X fwd, Z down         
     CLsurf  =   2.11055     Clsurf  =  -0.32148
     CYsurf  =  -0.05941     Cmsurf  =  -0.78501
     CDsurf  =   0.10888     Cnsurf  =  -0.33288
     CDisurf =   0.10888     CDvsurf =   0.00000

 Forces referred to Ssurf, Cave 
     CLsurf  =   4.22595     CDsurf  =   0.21802

 Strip Forces referred to Strip Area, Chord
    j     Xle      Yle      Zle      Chord    Area     c_cl     ai     cl_norm    cl       cd       cdv    cm_c/4     cm_LE   C.P.x/c
     1   0.0000   0.0255   0.0000   0.2900   0.0148   0.8764   0.1098   4.4742   4.4742   0.1658   0.0000  -0.0336  -0.7891    0.257
     2   0.0000   0.0760   0.0000   0.2900   0.0145   0.8763   0.1099   4.4736   4.4736   0.1660   0.0000  -0.0335  -0.7890    0.257
     3   0.0000   0.1265   0.0000   0.2900   0.0148   0.8762   0.1101   4.4724   4.4724   0.1663   0.0000  -0.0335  -0.7889    0.257
     4   0.0000   0.1770   0.0000   0.2900   0.0145   0.8759   0.1105   4.4705   4.4705   0.1668   0.0000  -0.0335  -0.7886    0.257
     5   0.0000   0.2275   0.0000   0.2900   0.0148   0.8756   0.1110   4.4681   4.4681   0.1674   0.0000  -0.0335  -0.7883    0.257
     6   0.0000   0.2780   0.0000   0.2900   0.0145   0.8752   0.1116   4.4649   4.4649   0.1682   0.0000  -0.0335  -0.7880    0.257
     7   0.0000   0.3285   0.0000   0.2900   0.0148   0.8747   0.1123   4.4611   4.4611   0.1692   0.0000  -0.0334  -0.7875    0.257
     8   0.0000   0.3790   0.0000   0.2900   0.0145   0.8741   0.1131   4.4567   4.4567   0.1704   0.0000  -0.0334  -0.7870    0.257
     9   0.0000   0.4295   0.0000   0.2900   0.0148   0.8734   0.1141   4.4514   4.4514   0.1717   0.0000  -0.0334  -0.7863    0.257
    10   0.0000   0.4805   0.0000   0.2900   0.0148   0.8727   0.1152   4.4454   4.4454   0.1733   0.0000  -0.0333  -0.7856    0.257
    11   0.0000   0.5310   0.0000   0.2900   0.0145   0.8718   0.1165   4.4386   4.4386   0.1750   0.0000  -0.0333  -0.7848    0.257
    12   0.0000   0.5815   0.0000   0.2900   0.0148   0.8708   0.1179   4.4310   4.4310   0.1769   0.0000  -0.0332  -0.7838    0.257
    13   0.0000   0.6320   0.0000   0.2900   0.0145   0.8696   0.1195   4.4225   4.4225   0.1791   0.0000  -0.0331  -0.7828    0.257
    14   0.0000   0.6825   0.0000   0.2900   0.0148   0.8684   0.1213   4.4130   4.4130   0.1815   0.0000  -0.0330  -0.7816    0.257
    15   0.0000   0.7330   0.0000   0.2900   0.0145   0.8670   0.1233   4.4024   4.4024   0.1841   0.0000  -0.0329  -0.7803    0.257
    16   0.0000   0.7835   0.0000   0.2900   0.0148   0.8654   0.1255   4.3907   4.3907   0.1870   0.0000  -0.0328  -0.7789    0.257
    17   0.0000   0.8340   0.0000   0.2900   0.0145   0.8637   0.1279   4.3777   4.3777   0.1902   0.0000  -0.0327  -0.7772    0.257
    18   0.0000   0.8845   0.0000   0.2900   0.0148   0.8618   0.1305   4.3634   4.3634   0.1937   0.0000  -0.0325  -0.7754    0.257
    19   0.0000   0.9355   0.0000   0.2900   0.0148   0.8597   0.1335   4.3475   4.3475   0.1976   0.0000  -0.0324  -0.7734    0.257
    20   0.0000   0.9860   0.0000   0.2900   0.0145   0.8573   0.1367   4.3299   4.3299   0.2018   0.0000  -0.0322  -0.7712    0.257
    21   0.0000   1.0365   0.0000   0.2900   0.0148   0.8547   0.1403   4.3105   4.3105   0.2064   0.0000  -0.0319  -0.7687    0.257
    22   0.0000   1.0870   0.0000   0.2900   0.0145   0.8517   0.1442   4.2890   4.2890   0.2115   0.0000  -0.0317  -0.7660    0.257
    23   0.0000   1.1375   0.0000   0.2900   0.0148   0.8485   0.1486   4.2651   4.2651   0.2170   0.0000  -0.0314  -0.7629    0.257
    24   0.0000   1.1880   0.0000   0.2900   0.0145   0.8449   0.1534   4.2388   4.2388   0.2232   0.0000  -0.0311  -0.7595    0.257
    25   0.0000   1.2258   0.0000   0.2900   0.0074   0.8418   0.1574   4.2160   4.2160   0.2284   0.0000  -0.0308  -0.7565    0.257
    26   0.0000   1.2512   0.0000   0.2900   0.0074   0.8390   0.1605   4.1966   4.1966   0.2324   0.0000  -0.0306  -0.7539    0.257
    27   0.0000   1.2890   0.0000   0.2900   0.0145   0.8355   0.1655   4.1700   4.1700   0.2389   0.0000  -0.0303  -0.7505    0.257
    28   0.0000   1.3395   0.0000   0.2895   0.0148   0.8299   0.1700   4.1344   4.1343   0.2505   0.0000  -0.0304  -0.7471    0.257
    29   0.0005   1.3905   0.0000   0.2885   0.0147   0.8234   0.1763   4.1158   4.1154   0.2500   0.0000  -0.0293  -0.7427    0.257
    30   0.0010   1.4410   0.0000   0.2870   0.0144   0.8157   0.1814   4.0934   4.0933   0.2532   0.0000  -0.0285  -0.7391    0.257
    31   0.0015   1.4915   0.0000   0.2845   0.0145   0.8066   0.1828   4.0778   4.0778   0.2570   0.0000  -0.0286  -0.7372    0.257
    32   0.0020   1.5420   0.0000   0.2820   0.0141   0.7964   0.1864   4.0537   4.0535   0.2631   0.0000  -0.0284  -0.7344    0.257
    33   0.0025   1.5925   0.0000   0.2790   0.0142   0.7848   0.1890   4.0251   4.0251   0.2727   0.0000  -0.0287  -0.7318    0.257
    34   0.0035   1.6430   0.0000   0.2750   0.0137   0.7719   0.1907   4.0170   4.0170   0.2716   0.0000  -0.0282  -0.7298    0.257
    35   0.0045   1.6935   0.0000   0.2710   0.0138   0.7577   0.1945   3.9925   3.9925   0.2781   0.0000  -0.0279  -0.7268    0.257
    36   0.0060   1.7440   0.0000   0.2660   0.0133   0.7419   0.1976   3.9872   3.9871   0.2738   0.0000  -0.0268  -0.7235    0.257
    37   0.0075   1.7945   0.0000   0.2600   0.0133   0.7242   0.1973   3.9805   3.9803   0.2746   0.0000  -0.0266  -0.7228    0.257
    38   0.0090   1.8455   0.0000   0.2540   0.0130   0.7049   0.2005   3.9573   3.9571   0.2808   0.0000  -0.0263  -0.7196    0.257
    39   0.0110   1.8960   0.0000   0.2470   0.0124   0.6836   0.2029   3.9511   3.9511   0.2764   0.0000  -0.0250  -0.7164    0.256
    40   0.0130   1.9465   0.0000   0.2390   0.0122   0.6601   0.2032   3.9419   3.9419   0.2765   0.0000  -0.0245  -0.7145    0.256
    41   0.0150   1.9970   0.0000   0.2305   0.0115   0.6343   0.2041   3.9196   3.9195   0.2819   0.0000  -0.0242  -0.7115    0.256
    42   0.0175   2.0475   0.0000   0.2210   0.0113   0.6058   0.2069   3.9088   3.9087   0.2776   0.0000  -0.0227  -0.7068    0.256
    43   0.0200   2.0980   0.0000   0.2100   0.0105   0.5739   0.2040   3.8918   3.8912   0.2814   0.0000  -0.0222  -0.7048    0.256
    44   0.0230   2.1485   0.0000   0.1980   0.0101   0.5388   0.2060   3.8774   3.8768   0.2781   0.0000  -0.0210  -0.6991    0.255
    45   0.0265   2.1990   0.0000   0.1845   0.0092   0.4991   0.2061   3.8605   3.8602   0.2715   0.0000  -0.0179  -0.6930    0.255
    46   0.0300   2.2495   0.0000   0.1685   0.0086   0.4537   0.2000   3.8376   3.8376   0.2738   0.0000  -0.0172  -0.6882    0.254
    47   0.0345   2.3005   0.0000   0.1500   0.0077   0.4010   0.1950   3.8168   3.8168   0.2668   0.0000  -0.0144  -0.6796    0.254
    48   0.0405   2.3510   0.0000   0.1280   0.0064   0.3389   0.1896   3.8078   3.8071   0.2413   0.0000  -0.0083  -0.6638    0.252
    49   0.0480   2.4015   0.0000   0.0995   0.0051   0.2601   0.1657   3.8002   3.8002   0.2033   0.0000   0.0024  -0.6434    0.249
    50   0.0620   2.4520   0.0000   0.0415   0.0021   0.1401  -0.2156   5.6838   5.6833  -0.3954   0.0000   0.0245  -0.7611    0.246
 ---------------------------------------------------------------
