 ---------------------------------------------------------------
 Surface and Strip Forces by surface

  Sref =  1.2850       Cref = 0.25900       Bref =  4.9540    
  Xref =-0.65000E-01   Yref =  0.0000       Zref =  0.0000    

  Surface # 1     Wing                                    
     # Chordwise = 12   # Spanwise = 50     First strip =  1
     Surface area Ssurf =    0.641762     Ave. chord Cave =    0.259089

 Forces referred to Sref, Cref, Bref about Xref, Yref, Zref
 Standard axis orientation,  X fwd, Z down         
     CLsurf  =   0.64048     Clsurf  =  -0.14052
     CYsurf  =  -0.00332     Cmsurf  =  -0.37735
     CDsurf  =   0.01368     Cnsurf  =  -0.02074
     CDisurf =   0.01368     CDvsurf =   0.00000

 Forces referred to Ssurf, Cave 
     CLsurf  =   1.28243     CDsurf  =   0.02740

 Strip Forces referred to Strip Area, Chord
    j     Xle      Yle      Zle      Chord    Area     c_cl     ai     cl_norm    cl       cd       cdv    cm_c/4     cm_LE   C.P.x/c
     1   0.0000   0.0255   0.0000   0.2900   0.0148   0.3829   0.0315   1.3365   1.3365   0.0208   0.0000  -0.0802  -0.4103    0.310
     2   0.0000   0.0760   0.0000   0.2900   0.0145   0.3829   0.0315   1.3364   1.3364   0.0208   0.0000  -0.0802  -0.4103    0.310
     3   0.0000   0.1265   0.0000   0.2900   0.0148   0.3828   0.0316   1.3362   1.3362   0.0208   0.0000  -0.0802  -0.4102    0.310
     4   0.0000   0.1770   0.0000   0.2900   0.0145   0.3827   0.0317   1.3358   1.3358   0.0209   0.0000  -0.0802  -0.4101    0.310
     5   0.0000   0.2275   0.0000   0.2900   0.0148   0.3825   0.0318   1.3353   1.3353   0.0210   0.0000  -0.0802  -0.4100    0.310
     6   0.0000   0.2780   0.0000   0.2900   0.0145   0.3824   0.0320   1.3347   1.3347   0.0211   0.0000  -0.0802  -0.4098    0.310
     7   0.0000   0.3285   0.0000   0.2900   0.0148   0.3822   0.0322   1.3339   1.3339   0.0212   0.0000  -0.0802  -0.4096    0.310
     8   0.0000   0.3790   0.0000   0.2900   0.0145   0.3819   0.0324   1.3330   1.3330   0.0214   0.0000  -0.0802  -0.4094    0.310
     9   0.0000   0.4295   0.0000   0.2900   0.0148   0.3816   0.0327   1.3319   1.3319   0.0215   0.0000  -0.0801  -0.4091    0.310
    10   0.0000   0.4805   0.0000   0.2900   0.0148   0.3813   0.0330   1.3307   1.3307   0.0217   0.0000  -0.0801  -0.4088    0.310
    11   0.0000   0.5310   0.0000   0.2900   0.0145   0.3809   0.0334   1.3293   1.3293   0.0219   0.0000  -0.0801  -0.4085    0.310
    12   0.0000   0.5815   0.0000   0.2900   0.0148   0.3805   0.0338   1.3278   1.3278   0.0222   0.0000  -0.0801  -0.4081    0.310
    13   0.0000   0.6320   0.0000   0.2900   0.0145   0.3800   0.0342   1.3261   1.3261   0.0225   0.0000  -0.0800  -0.4076    0.310
    14   0.0000   0.6825   0.0000   0.2900   0.0148   0.3795   0.0348   1.3241   1.3241   0.0228   0.0000  -0.0800  -0.4071    0.310
    15   0.0000   0.7330   0.0000   0.2900   0.0145   0.3789   0.0353   1.3220   1.3220   0.0231   0.0000  -0.0800  -0.4066    0.310
    16   0.0000   0.7835   0.0000   0.2900   0.0148   0.3782   0.0359   1.3196   1.3196   0.0234   0.0000  -0.0799  -0.4059    0.311
    17   0.0000   0.8340   0.0000   0.2900   0.0145   0.3775   0.0366   1.3170   1.3170   0.0238   0.0000  -0.0798  -0.4052    0.311
    18   0.0000   0.8845   0.0000   0.2900   0.0148   0.3766   0.0374   1.3140   1.3140   0.0243   0.0000  -0.0798  -0.4045    0.311
    19   0.0000   0.9355   0.0000   0.2900   0.0148   0.3757   0.0382   1.3108   1.3108   0.0248   0.0000  -0.0797  -0.4036    0.311
    20   0.0000   0.9860   0.0000   0.2900   0.0145   0.3747   0.0392   1.3071   1.3071   0.0253   0.0000  -0.0796  -0.4027    0.311
    21   0.0000   1.0365   0.0000   0.2900   0.0148   0.3736   0.0402   1.3031   1.3031   0.0259   0.0000  -0.0795  -0.4016    0.311
    22   0.0000   1.0870   0.0000   0.2900   0.0145   0.3724   0.0413   1.2987   1.2987   0.0265   0.0000  -0.0794  -0.4004    0.311
    23   0.0000   1.1375   0.0000   0.2900   0.0148   0.3710   0.0426   1.2938   1.2938   0.0272   0.0000  -0.0793  -0.3991    0.311
    24   0.0000   1.1880   0.0000   0.2900   0.0145   0.3695   0.0440   1.2883   1.2883   0.0279   0.0000  -0.0791  -0.3976    0.311
    25   0.0000   1.2258   0.0000   0.2900   0.0074   0.3682   0.0453   1.2836   1.2836   0.0286   0.0000  -0.0790  -0.3964    0.312
    26   0.0000   1.2512   0.0000   0.2900   0.0074   0.3670   0.0462   1.2794   1.2794   0.0291   0.0000  -0.0788  -0.3952    0.312
    27   0.0000   1.2890   0.0000   0.2900   0.0145   0.3655   0.0477   1.2740   1.2740   0.0298   0.0000  -0.0787  -0.3937    0.312
    28   0.0000   1.3395   0.0000   0.2895   0.0148   0.3631   0.0490   1.2677   1.2677   0.0310   0.0000  -0.0787  -0.3923    0.312
    29   0.0005   1.3905   0.0000   0.2885   0.0147   0.3603   0.0509   1.2626   1.2623   0.0312   0.0000  -0.0782  -0.3903    0.312
    30   0.0010   1.4410   0.0000   0.2870   0.0144   0.3570   0.0525   1.2572   1.2571   0.0316   0.0000  -0.0778  -0.3888    0.312
    31   0.0015   1.4915   0.0000   0.2845   0.0145   0.3530   0.0527   1.2539   1.2539   0.0321   0.0000  -0.0779  -0.3880    0.312
    32   0.0020   1.5420   0.0000   0.2820   0.0141   0.3486   0.0538   1.2490   1.2489   0.0328   0.0000  -0.0778  -0.3868    0.312
    33   0.0025   1.5925   0.0000   0.2790   0.0142   0.3435   0.0546   1.2438   1.2438   0.0339   0.0000  -0.0779  -0.3856    0.313
    34   0.0035   1.6430   0.0000   0.2750   0.0137   0.3378   0.0550   1.2411   1.2411   0.0339   0.0000  -0.0777  -0.3847    0.313
    35   0.0045   1.6935   0.0000   0.2710   0.0138   0.3317   0.0562   1.2362   1.2362   0.0346   0.0000  -0.0775  -0.3834    0.313
    36   0.0060   1.7440   0.0000   0.2660   0.0133   0.3247   0.0571   1.2333   1.2332   0.0343   0.0000  -0.0770  -0.3819    0.312
    37   0.0075   1.7945   0.0000   0.2600   0.0133   0.3170   0.0568   1.2315   1.2314   0.0345   0.0000  -0.0769  -0.3816    0.312
    38   0.0090   1.8455   0.0000   0.2540   0.0130   0.3085   0.0579   1.2268   1.2267   0.0351   0.0000  -0.0768  -0.3801    0.313
    39   0.0110   1.8960   0.0000   0.2470   0.0124   0.2992   0.0586   1.2234   1.2234   0.0348   0.0000  -0.0762  -0.3787    0.312
    40   0.0130   1.9465   0.0000   0.2390   0.0122   0.2888   0.0586   1.2206   1.2206   0.0349   0.0000  -0.0760  -0.3778    0.312
    41   0.0150   1.9970   0.0000   0.2305   0.0115   0.2775   0.0588   1.2157   1.2157   0.0355   0.0000  -0.0757  -0.3764    0.312
    42   0.0175   2.0475   0.0000   0.2210   0.0113   0.2650   0.0597   1.2111   1.2110   0.0351   0.0000  -0.0750  -0.3741    0.312
    43   0.0200   2.0980   0.0000   0.2100   0.0105   0.2509   0.0586   1.2072   1.2067   0.0356   0.0000  -0.0747  -0.3732    0.312
    44   0.0230   2.1485   0.0000   0.1980   0.0101   0.2355   0.0594   1.2016   1.2012   0.0354   0.0000  -0.0741  -0.3703    0.312
    45   0.0265   2.1990   0.0000   0.1845   0.0092   0.2181   0.0594   1.1939   1.1937   0.0347   0.0000  -0.0726  -0.3674    0.311
    46   0.0300   2.2495   0.0000   0.1685   0.0086   0.1981   0.0574   1.1870   1.1869   0.0351   0.0000  -0.0722  -0.3649    0.311
    47   0.0345   2.3005   0.0000   0.1500   0.0077   0.1749   0.0558   1.1775   1.1775   0.0344   0.0000  -0.0707  -0.3604    0.310
    48   0.0405   2.3510   0.0000   0.1280   0.0064   0.1476   0.0543   1.1652   1.1647   0.0319   0.0000  -0.0675  -0.3523    0.308
    49   0.0480   2.4015   0.0000   0.0995   0.0051   0.1128   0.0470   1.1463   1.1462   0.0272   0.0000  -0.0613  -0.3406    0.303
    50   0.0620   2.4520   0.0000   0.0415   0.0021   0.0595  -0.0709   1.4635   1.4631  -0.0429   0.0000  -0.0475  -0.3770    0.282
 ---------------------------------------------------------------
