 ---------------------------------------------------------------
 Surface and Strip Forces by surface

  Sref =  1.2850       Cref = 0.25900       Bref =  4.9540    
  Xref =-0.65000E-01   Yref =  0.0000       Zref =  0.0000    

  Surface # 1     Wing                                    
     # Chordwise = 12   # Spanwise = 50     First strip =  1
     Surface area Ssurf =    0.641762     Ave. chord Cave =    0.259089

 Forces referred to Sref, Cref, Bref about Xref, Yref, Zref
 Standard axis orientation,  X fwd, Z down         
     CLsurf  =   0.19198     Clsurf  =  -0.04260
     CYsurf  =   0.00010     Cmsurf  =  -0.14504
     CDsurf  =   0.00124     Cnsurf  =  -0.00008
     CDisurf =   0.00124     CDvsurf =   0.00000

 Forces referred to Ssurf, Cave 
     CLsurf  =   0.38439     CDsurf  =   0.00249

 Strip Forces referred to Strip Area, Chord
    j     Xle      Yle      Zle      Chord    Area     c_cl     ai     cl_norm    cl       cd       cdv    cm_c/4     cm_LE   C.P.x/c
     1   0.0000   0.0255   0.0000   0.2900   0.0148   0.1159   0.0093   0.3996   0.3996   0.0019   0.0000  -0.0831  -0.1830    0.458
     2   0.0000   0.0760   0.0000   0.2900   0.0145   0.1159   0.0093   0.3996   0.3996   0.0019   0.0000  -0.0831  -0.1830    0.458
     3   0.0000   0.1265   0.0000   0.2900   0.0148   0.1159   0.0094   0.3995   0.3995   0.0019   0.0000  -0.0831  -0.1829    0.458
     4   0.0000   0.1770   0.0000   0.2900   0.0145   0.1158   0.0094   0.3994   0.3994   0.0019   0.0000  -0.0831  -0.1829    0.458
     5   0.0000   0.2275   0.0000   0.2900   0.0148   0.1158   0.0094   0.3993   0.3993   0.0019   0.0000  -0.0831  -0.1829    0.458
     6   0.0000   0.2780   0.0000   0.2900   0.0145   0.1157   0.0095   0.3991   0.3991   0.0019   0.0000  -0.0831  -0.1828    0.458
     7   0.0000   0.3285   0.0000   0.2900   0.0148   0.1157   0.0095   0.3989   0.3989   0.0019   0.0000  -0.0830  -0.1828    0.458
     8   0.0000   0.3790   0.0000   0.2900   0.0145   0.1156   0.0096   0.3986   0.3986   0.0019   0.0000  -0.0830  -0.1827    0.458
     9   0.0000   0.4295   0.0000   0.2900   0.0148   0.1155   0.0097   0.3983   0.3983   0.0019   0.0000  -0.0830  -0.1826    0.458
    10   0.0000   0.4805   0.0000   0.2900   0.0148   0.1154   0.0098   0.3980   0.3980   0.0020   0.0000  -0.0830  -0.1825    0.459
    11   0.0000   0.5310   0.0000   0.2900   0.0145   0.1153   0.0099   0.3976   0.3976   0.0020   0.0000  -0.0830  -0.1824    0.459
    12   0.0000   0.5815   0.0000   0.2900   0.0148   0.1152   0.0100   0.3972   0.3972   0.0020   0.0000  -0.0830  -0.1823    0.459
    13   0.0000   0.6320   0.0000   0.2900   0.0145   0.1151   0.0102   0.3967   0.3967   0.0020   0.0000  -0.0830  -0.1822    0.459
    14   0.0000   0.6825   0.0000   0.2900   0.0148   0.1149   0.0103   0.3962   0.3962   0.0021   0.0000  -0.0830  -0.1821    0.459
    15   0.0000   0.7330   0.0000   0.2900   0.0145   0.1147   0.0105   0.3956   0.3956   0.0021   0.0000  -0.0830  -0.1819    0.460
    16   0.0000   0.7835   0.0000   0.2900   0.0148   0.1145   0.0107   0.3950   0.3950   0.0021   0.0000  -0.0830  -0.1817    0.460
    17   0.0000   0.8340   0.0000   0.2900   0.0145   0.1143   0.0109   0.3943   0.3943   0.0021   0.0000  -0.0830  -0.1815    0.460
    18   0.0000   0.8845   0.0000   0.2900   0.0148   0.1141   0.0111   0.3935   0.3935   0.0022   0.0000  -0.0829  -0.1813    0.461
    19   0.0000   0.9355   0.0000   0.2900   0.0148   0.1139   0.0113   0.3926   0.3926   0.0022   0.0000  -0.0829  -0.1811    0.461
    20   0.0000   0.9860   0.0000   0.2900   0.0145   0.1136   0.0116   0.3917   0.3917   0.0023   0.0000  -0.0829  -0.1808    0.462
    21   0.0000   1.0365   0.0000   0.2900   0.0148   0.1133   0.0119   0.3906   0.3906   0.0023   0.0000  -0.0829  -0.1805    0.462
    22   0.0000   1.0870   0.0000   0.2900   0.0145   0.1129   0.0123   0.3894   0.3894   0.0024   0.0000  -0.0828  -0.1802    0.463
    23   0.0000   1.1375   0.0000   0.2900   0.0148   0.1126   0.0127   0.3881   0.3881   0.0024   0.0000  -0.0828  -0.1798    0.463
    24   0.0000   1.1880   0.0000   0.2900   0.0145   0.1121   0.0131   0.3867   0.3867   0.0025   0.0000  -0.0827  -0.1794    0.464
    25   0.0000   1.2258   0.0000   0.2900   0.0074   0.1118   0.0135   0.3854   0.3854   0.0026   0.0000  -0.0826  -0.1790    0.464
    26   0.0000   1.2512   0.0000   0.2900   0.0074   0.1115   0.0139   0.3844   0.3844   0.0026   0.0000  -0.0826  -0.1787    0.465
    27   0.0000   1.2890   0.0000   0.2900   0.0145   0.1111   0.0144   0.3829   0.3829   0.0026   0.0000  -0.0825  -0.1782    0.465
    28   0.0000   1.3395   0.0000   0.2895   0.0148   0.1104   0.0148   0.3813   0.3813   0.0027   0.0000  -0.0825  -0.1778    0.466
    29   0.0005   1.3905   0.0000   0.2885   0.0147   0.1096   0.0155   0.3799   0.3798   0.0028   0.0000  -0.0823  -0.1772    0.467
    30   0.0010   1.4410   0.0000   0.2870   0.0144   0.1086   0.0160   0.3785   0.3784   0.0028   0.0000  -0.0821  -0.1768    0.467
    31   0.0015   1.4915   0.0000   0.2845   0.0145   0.1074   0.0160   0.3775   0.3775   0.0029   0.0000  -0.0822  -0.1766    0.468
    32   0.0020   1.5420   0.0000   0.2820   0.0141   0.1061   0.0164   0.3762   0.3761   0.0029   0.0000  -0.0821  -0.1762    0.468
    33   0.0025   1.5925   0.0000   0.2790   0.0142   0.1045   0.0166   0.3747   0.3747   0.0030   0.0000  -0.0821  -0.1758    0.469
    34   0.0035   1.6430   0.0000   0.2750   0.0137   0.1028   0.0166   0.3738   0.3738   0.0030   0.0000  -0.0821  -0.1755    0.470
    35   0.0045   1.6935   0.0000   0.2710   0.0138   0.1009   0.0171   0.3725   0.3725   0.0031   0.0000  -0.0820  -0.1751    0.470
    36   0.0060   1.7440   0.0000   0.2660   0.0133   0.0988   0.0174   0.3716   0.3715   0.0031   0.0000  -0.0818  -0.1746    0.470
    37   0.0075   1.7945   0.0000   0.2600   0.0133   0.0964   0.0171   0.3709   0.3709   0.0031   0.0000  -0.0819  -0.1746    0.471
    38   0.0090   1.8455   0.0000   0.2540   0.0130   0.0939   0.0176   0.3695   0.3695   0.0032   0.0000  -0.0817  -0.1740    0.471
    39   0.0110   1.8960   0.0000   0.2470   0.0124   0.0910   0.0178   0.3684   0.3684   0.0032   0.0000  -0.0815  -0.1735    0.471
    40   0.0130   1.9465   0.0000   0.2390   0.0122   0.0878   0.0177   0.3674   0.3674   0.0032   0.0000  -0.0815  -0.1732    0.472
    41   0.0150   1.9970   0.0000   0.2305   0.0115   0.0843   0.0178   0.3658   0.3658   0.0032   0.0000  -0.0813  -0.1727    0.472
    42   0.0175   2.0475   0.0000   0.2210   0.0113   0.0805   0.0181   0.3643   0.3642   0.0032   0.0000  -0.0811  -0.1718    0.473
    43   0.0200   2.0980   0.0000   0.2100   0.0105   0.0761   0.0176   0.3627   0.3625   0.0033   0.0000  -0.0809  -0.1714    0.473
    44   0.0230   2.1485   0.0000   0.1980   0.0101   0.0714   0.0179   0.3607   0.3606   0.0033   0.0000  -0.0807  -0.1703    0.474
    45   0.0265   2.1990   0.0000   0.1845   0.0092   0.0660   0.0179   0.3579   0.3578   0.0033   0.0000  -0.0800  -0.1692    0.474
    46   0.0300   2.2495   0.0000   0.1685   0.0086   0.0598   0.0171   0.3549   0.3549   0.0034   0.0000  -0.0798  -0.1680    0.475
    47   0.0345   2.3005   0.0000   0.1500   0.0077   0.0527   0.0165   0.3510   0.3510   0.0034   0.0000  -0.0791  -0.1660    0.475
    48   0.0405   2.3510   0.0000   0.1280   0.0064   0.0442   0.0161   0.3456   0.3454   0.0033   0.0000  -0.0777  -0.1625    0.475
    49   0.0480   2.4015   0.0000   0.0995   0.0051   0.0334   0.0136   0.3358   0.3358   0.0030   0.0000  -0.0744  -0.1565    0.472
    50   0.0620   2.4520   0.0000   0.0415   0.0021   0.0165  -0.0291   0.3973   0.3972  -0.0025   0.0000  -0.0665  -0.1540    0.417
 ---------------------------------------------------------------
