 ---------------------------------------------------------------
 Surface and Strip Forces by surface

  Sref =  1.2850       Cref = 0.25900       Bref =  4.9540    
  Xref =-0.65000E-01   Yref =  0.0000       Zref =  0.0000    

  Surface # 1     Wing                                    
     # Chordwise = 12   # Spanwise = 50     First strip =  1
     Surface area Ssurf =    0.641762     Ave. chord Cave =    0.259089

 Forces referred to Sref, Cref, Bref about Xref, Yref, Zref
 Standard axis orientation,  X fwd, Z down         
     CLsurf  =   0.30435     Clsurf  =  -0.06748
     CYsurf  =  -0.00026     Cmsurf  =  -0.20429
     CDsurf  =   0.00312     Cnsurf  =  -0.00254
     CDisurf =   0.00312     CDvsurf =   0.00000

 Forces referred to Ssurf, Cave 
     CLsurf  =   0.60941     CDsurf  =   0.00624

 Strip Forces referred to Strip Area, Chord
    j     Xle      Yle      Zle      Chord    Area     c_cl     ai     cl_norm    cl       cd       cdv    cm_c/4     cm_LE   C.P.x/c
     1   0.0000   0.0255   0.0000   0.2900   0.0148   0.1837   0.0149   0.6341   0.6341   0.0047   0.0000  -0.0828  -0.2412    0.381
     2   0.0000   0.0760   0.0000   0.2900   0.0145   0.1837   0.0149   0.6340   0.6340   0.0047   0.0000  -0.0828  -0.2411    0.381
     3   0.0000   0.1265   0.0000   0.2900   0.0148   0.1837   0.0149   0.6339   0.6339   0.0047   0.0000  -0.0828  -0.2411    0.381
     4   0.0000   0.1770   0.0000   0.2900   0.0145   0.1836   0.0149   0.6338   0.6338   0.0047   0.0000  -0.0828  -0.2411    0.381
     5   0.0000   0.2275   0.0000   0.2900   0.0148   0.1836   0.0150   0.6335   0.6335   0.0048   0.0000  -0.0828  -0.2410    0.381
     6   0.0000   0.2780   0.0000   0.2900   0.0145   0.1835   0.0151   0.6333   0.6333   0.0048   0.0000  -0.0827  -0.2409    0.381
     7   0.0000   0.3285   0.0000   0.2900   0.0148   0.1834   0.0152   0.6329   0.6329   0.0048   0.0000  -0.0827  -0.2408    0.381
     8   0.0000   0.3790   0.0000   0.2900   0.0145   0.1833   0.0153   0.6325   0.6325   0.0048   0.0000  -0.0827  -0.2407    0.381
     9   0.0000   0.4295   0.0000   0.2900   0.0148   0.1831   0.0154   0.6320   0.6320   0.0049   0.0000  -0.0827  -0.2406    0.381
    10   0.0000   0.4805   0.0000   0.2900   0.0148   0.1830   0.0156   0.6315   0.6315   0.0049   0.0000  -0.0827  -0.2405    0.381
    11   0.0000   0.5310   0.0000   0.2900   0.0145   0.1828   0.0158   0.6309   0.6309   0.0050   0.0000  -0.0827  -0.2403    0.381
    12   0.0000   0.5815   0.0000   0.2900   0.0148   0.1826   0.0159   0.6302   0.6302   0.0050   0.0000  -0.0827  -0.2401    0.381
    13   0.0000   0.6320   0.0000   0.2900   0.0145   0.1824   0.0162   0.6294   0.6294   0.0051   0.0000  -0.0827  -0.2399    0.381
    14   0.0000   0.6825   0.0000   0.2900   0.0148   0.1821   0.0164   0.6285   0.6285   0.0052   0.0000  -0.0827  -0.2397    0.382
    15   0.0000   0.7330   0.0000   0.2900   0.0145   0.1818   0.0167   0.6276   0.6276   0.0052   0.0000  -0.0826  -0.2394    0.382
    16   0.0000   0.7835   0.0000   0.2900   0.0148   0.1815   0.0170   0.6265   0.6265   0.0053   0.0000  -0.0826  -0.2391    0.382
    17   0.0000   0.8340   0.0000   0.2900   0.0145   0.1812   0.0173   0.6253   0.6253   0.0054   0.0000  -0.0826  -0.2388    0.382
    18   0.0000   0.8845   0.0000   0.2900   0.0148   0.1808   0.0177   0.6240   0.6240   0.0055   0.0000  -0.0826  -0.2384    0.382
    19   0.0000   0.9355   0.0000   0.2900   0.0148   0.1804   0.0181   0.6226   0.6226   0.0056   0.0000  -0.0825  -0.2380    0.383
    20   0.0000   0.9860   0.0000   0.2900   0.0145   0.1799   0.0185   0.6210   0.6210   0.0057   0.0000  -0.0825  -0.2376    0.383
    21   0.0000   1.0365   0.0000   0.2900   0.0148   0.1794   0.0190   0.6192   0.6192   0.0059   0.0000  -0.0824  -0.2371    0.383
    22   0.0000   1.0870   0.0000   0.2900   0.0145   0.1789   0.0195   0.6172   0.6172   0.0060   0.0000  -0.0824  -0.2366    0.383
    23   0.0000   1.1375   0.0000   0.2900   0.0148   0.1782   0.0202   0.6150   0.6150   0.0062   0.0000  -0.0823  -0.2359    0.384
    24   0.0000   1.1880   0.0000   0.2900   0.0145   0.1775   0.0209   0.6126   0.6126   0.0063   0.0000  -0.0822  -0.2353    0.384
    25   0.0000   1.2258   0.0000   0.2900   0.0074   0.1769   0.0215   0.6105   0.6105   0.0065   0.0000  -0.0821  -0.2347    0.385
    26   0.0000   1.2512   0.0000   0.2900   0.0074   0.1764   0.0219   0.6087   0.6087   0.0066   0.0000  -0.0821  -0.2341    0.385
    27   0.0000   1.2890   0.0000   0.2900   0.0145   0.1757   0.0227   0.6063   0.6063   0.0067   0.0000  -0.0819  -0.2334    0.385
    28   0.0000   1.3395   0.0000   0.2895   0.0148   0.1746   0.0233   0.6035   0.6035   0.0070   0.0000  -0.0819  -0.2327    0.386
    29   0.0005   1.3905   0.0000   0.2885   0.0147   0.1733   0.0243   0.6012   0.6011   0.0070   0.0000  -0.0817  -0.2318    0.386
    30   0.0010   1.4410   0.0000   0.2870   0.0144   0.1717   0.0251   0.5988   0.5988   0.0071   0.0000  -0.0815  -0.2311    0.386
    31   0.0015   1.4915   0.0000   0.2845   0.0145   0.1698   0.0252   0.5973   0.5973   0.0073   0.0000  -0.0815  -0.2307    0.387
    32   0.0020   1.5420   0.0000   0.2820   0.0141   0.1677   0.0257   0.5951   0.5950   0.0074   0.0000  -0.0815  -0.2301    0.387
    33   0.0025   1.5925   0.0000   0.2790   0.0142   0.1653   0.0261   0.5927   0.5927   0.0076   0.0000  -0.0815  -0.2295    0.387
    34   0.0035   1.6430   0.0000   0.2750   0.0137   0.1625   0.0262   0.5914   0.5914   0.0077   0.0000  -0.0814  -0.2291    0.388
    35   0.0045   1.6935   0.0000   0.2710   0.0138   0.1596   0.0268   0.5891   0.5891   0.0078   0.0000  -0.0813  -0.2284    0.388
    36   0.0060   1.7440   0.0000   0.2660   0.0133   0.1562   0.0273   0.5878   0.5877   0.0078   0.0000  -0.0810  -0.2277    0.388
    37   0.0075   1.7945   0.0000   0.2600   0.0133   0.1525   0.0271   0.5868   0.5868   0.0078   0.0000  -0.0810  -0.2276    0.388
    38   0.0090   1.8455   0.0000   0.2540   0.0130   0.1484   0.0276   0.5846   0.5846   0.0080   0.0000  -0.0809  -0.2268    0.388
    39   0.0110   1.8960   0.0000   0.2470   0.0124   0.1439   0.0280   0.5829   0.5829   0.0079   0.0000  -0.0806  -0.2261    0.388
    40   0.0130   1.9465   0.0000   0.2390   0.0122   0.1389   0.0279   0.5815   0.5815   0.0080   0.0000  -0.0805  -0.2256    0.388
    41   0.0150   1.9970   0.0000   0.2305   0.0115   0.1334   0.0280   0.5791   0.5791   0.0081   0.0000  -0.0803  -0.2248    0.389
    42   0.0175   2.0475   0.0000   0.2210   0.0113   0.1274   0.0285   0.5767   0.5767   0.0081   0.0000  -0.0799  -0.2237    0.389
    43   0.0200   2.0980   0.0000   0.2100   0.0105   0.1206   0.0278   0.5746   0.5744   0.0082   0.0000  -0.0798  -0.2231    0.389
    44   0.0230   2.1485   0.0000   0.1980   0.0101   0.1131   0.0283   0.5717   0.5715   0.0082   0.0000  -0.0794  -0.2216    0.389
    45   0.0265   2.1990   0.0000   0.1845   0.0092   0.1047   0.0282   0.5677   0.5675   0.0081   0.0000  -0.0785  -0.2200    0.388
    46   0.0300   2.2495   0.0000   0.1685   0.0086   0.0949   0.0271   0.5637   0.5637   0.0082   0.0000  -0.0783  -0.2184    0.389
    47   0.0345   2.3005   0.0000   0.1500   0.0077   0.0837   0.0263   0.5584   0.5584   0.0082   0.0000  -0.0774  -0.2158    0.389
    48   0.0405   2.3510   0.0000   0.1280   0.0064   0.0705   0.0256   0.5511   0.5509   0.0078   0.0000  -0.0755  -0.2111    0.387
    49   0.0480   2.4015   0.0000   0.0995   0.0051   0.0536   0.0219   0.5389   0.5389   0.0068   0.0000  -0.0715  -0.2037    0.383
    50   0.0620   2.4520   0.0000   0.0415   0.0021   0.0274  -0.0396   0.6618   0.6616  -0.0079   0.0000  -0.0621  -0.2109    0.344
 ---------------------------------------------------------------
