 ---------------------------------------------------------------
 Surface and Strip Forces by surface

  Sref =  1.2850       Cref = 0.25900       Bref =  4.9540    
  Xref =-0.65000E-01   Yref =  0.0000       Zref =  0.0000    

  Surface # 1     Wing                                    
     # Chordwise = 12   # Spanwise = 50     First strip =  1
     Surface area Ssurf =    0.641762     Ave. chord Cave =    0.259089

 Forces referred to Sref, Cref, Bref about Xref, Yref, Zref
 Standard axis orientation,  X fwd, Z down         
     CLsurf  =   0.42681     Clsurf  =  -0.09441
     CYsurf  =  -0.00103     Cmsurf  =  -0.26825
     CDsurf  =   0.00612     Cnsurf  =  -0.00727
     CDisurf =   0.00612     CDvsurf =   0.00000

 Forces referred to Ssurf, Cave 
     CLsurf  =   0.85460     CDsurf  =   0.01224

 Strip Forces referred to Strip Area, Chord
    j     Xle      Yle      Zle      Chord    Area     c_cl     ai     cl_norm    cl       cd       cdv    cm_c/4     cm_LE   C.P.x/c
     1   0.0000   0.0255   0.0000   0.2900   0.0148   0.2572   0.0209   0.8898   0.8898   0.0093   0.0000  -0.0821  -0.3038    0.342
     2   0.0000   0.0760   0.0000   0.2900   0.0145   0.2571   0.0209   0.8897   0.8897   0.0093   0.0000  -0.0821  -0.3038    0.342
     3   0.0000   0.1265   0.0000   0.2900   0.0148   0.2571   0.0209   0.8895   0.8895   0.0093   0.0000  -0.0821  -0.3038    0.342
     4   0.0000   0.1770   0.0000   0.2900   0.0145   0.2570   0.0210   0.8893   0.8893   0.0093   0.0000  -0.0821  -0.3037    0.342
     5   0.0000   0.2275   0.0000   0.2900   0.0148   0.2569   0.0211   0.8890   0.8890   0.0094   0.0000  -0.0821  -0.3036    0.342
     6   0.0000   0.2780   0.0000   0.2900   0.0145   0.2568   0.0212   0.8886   0.8886   0.0094   0.0000  -0.0821  -0.3035    0.342
     7   0.0000   0.3285   0.0000   0.2900   0.0148   0.2567   0.0213   0.8881   0.8881   0.0095   0.0000  -0.0821  -0.3034    0.342
     8   0.0000   0.3790   0.0000   0.2900   0.0145   0.2565   0.0215   0.8875   0.8875   0.0095   0.0000  -0.0821  -0.3032    0.342
     9   0.0000   0.4295   0.0000   0.2900   0.0148   0.2563   0.0217   0.8868   0.8868   0.0096   0.0000  -0.0821  -0.3030    0.343
    10   0.0000   0.4805   0.0000   0.2900   0.0148   0.2561   0.0219   0.8860   0.8860   0.0097   0.0000  -0.0821  -0.3028    0.343
    11   0.0000   0.5310   0.0000   0.2900   0.0145   0.2558   0.0222   0.8852   0.8852   0.0098   0.0000  -0.0820  -0.3026    0.343
    12   0.0000   0.5815   0.0000   0.2900   0.0148   0.2555   0.0224   0.8842   0.8842   0.0099   0.0000  -0.0820  -0.3023    0.343
    13   0.0000   0.6320   0.0000   0.2900   0.0145   0.2552   0.0227   0.8830   0.8830   0.0100   0.0000  -0.0820  -0.3020    0.343
    14   0.0000   0.6825   0.0000   0.2900   0.0148   0.2549   0.0231   0.8818   0.8818   0.0102   0.0000  -0.0820  -0.3017    0.343
    15   0.0000   0.7330   0.0000   0.2900   0.0145   0.2545   0.0234   0.8804   0.8804   0.0103   0.0000  -0.0819  -0.3013    0.343
    16   0.0000   0.7835   0.0000   0.2900   0.0148   0.2540   0.0239   0.8789   0.8789   0.0105   0.0000  -0.0819  -0.3009    0.343
    17   0.0000   0.8340   0.0000   0.2900   0.0145   0.2536   0.0243   0.8772   0.8772   0.0106   0.0000  -0.0819  -0.3005    0.343
    18   0.0000   0.8845   0.0000   0.2900   0.0148   0.2530   0.0248   0.8753   0.8753   0.0108   0.0000  -0.0818  -0.2999    0.343
    19   0.0000   0.9355   0.0000   0.2900   0.0148   0.2524   0.0254   0.8732   0.8732   0.0111   0.0000  -0.0818  -0.2994    0.344
    20   0.0000   0.9860   0.0000   0.2900   0.0145   0.2517   0.0260   0.8709   0.8709   0.0113   0.0000  -0.0817  -0.2988    0.344
    21   0.0000   1.0365   0.0000   0.2900   0.0148   0.2510   0.0267   0.8683   0.8683   0.0115   0.0000  -0.0817  -0.2981    0.344
    22   0.0000   1.0870   0.0000   0.2900   0.0145   0.2502   0.0275   0.8655   0.8655   0.0118   0.0000  -0.0816  -0.2973    0.344
    23   0.0000   1.1375   0.0000   0.2900   0.0148   0.2493   0.0283   0.8623   0.8623   0.0121   0.0000  -0.0815  -0.2964    0.345
    24   0.0000   1.1880   0.0000   0.2900   0.0145   0.2483   0.0293   0.8588   0.8588   0.0125   0.0000  -0.0814  -0.2954    0.345
    25   0.0000   1.2258   0.0000   0.2900   0.0074   0.2474   0.0301   0.8558   0.8558   0.0127   0.0000  -0.0813  -0.2946    0.345
    26   0.0000   1.2512   0.0000   0.2900   0.0074   0.2467   0.0307   0.8531   0.8531   0.0129   0.0000  -0.0812  -0.2938    0.345
    27   0.0000   1.2890   0.0000   0.2900   0.0145   0.2457   0.0318   0.8496   0.8496   0.0133   0.0000  -0.0810  -0.2928    0.345
    28   0.0000   1.3395   0.0000   0.2895   0.0148   0.2441   0.0327   0.8456   0.8456   0.0138   0.0000  -0.0810  -0.2918    0.346
    29   0.0005   1.3905   0.0000   0.2885   0.0147   0.2423   0.0340   0.8423   0.8421   0.0139   0.0000  -0.0807  -0.2905    0.346
    30   0.0010   1.4410   0.0000   0.2870   0.0144   0.2400   0.0351   0.8388   0.8388   0.0140   0.0000  -0.0804  -0.2895    0.346
    31   0.0015   1.4915   0.0000   0.2845   0.0145   0.2374   0.0352   0.8367   0.8366   0.0143   0.0000  -0.0805  -0.2890    0.346
    32   0.0020   1.5420   0.0000   0.2820   0.0141   0.2344   0.0359   0.8335   0.8334   0.0146   0.0000  -0.0804  -0.2882    0.346
    33   0.0025   1.5925   0.0000   0.2790   0.0142   0.2310   0.0364   0.8301   0.8301   0.0150   0.0000  -0.0804  -0.2873    0.347
    34   0.0035   1.6430   0.0000   0.2750   0.0137   0.2272   0.0367   0.8283   0.8283   0.0151   0.0000  -0.0803  -0.2868    0.347
    35   0.0045   1.6935   0.0000   0.2710   0.0138   0.2230   0.0375   0.8251   0.8251   0.0154   0.0000  -0.0802  -0.2858    0.347
    36   0.0060   1.7440   0.0000   0.2660   0.0133   0.2184   0.0381   0.8232   0.8231   0.0153   0.0000  -0.0798  -0.2848    0.347
    37   0.0075   1.7945   0.0000   0.2600   0.0133   0.2131   0.0379   0.8219   0.8219   0.0154   0.0000  -0.0798  -0.2847    0.347
    38   0.0090   1.8455   0.0000   0.2540   0.0130   0.2074   0.0386   0.8188   0.8187   0.0156   0.0000  -0.0797  -0.2836    0.347
    39   0.0110   1.8960   0.0000   0.2470   0.0124   0.2011   0.0391   0.8165   0.8165   0.0155   0.0000  -0.0793  -0.2826    0.347
    40   0.0130   1.9465   0.0000   0.2390   0.0122   0.1942   0.0390   0.8146   0.8146   0.0156   0.0000  -0.0791  -0.2820    0.347
    41   0.0150   1.9970   0.0000   0.2305   0.0115   0.1865   0.0392   0.8113   0.8113   0.0159   0.0000  -0.0789  -0.2810    0.347
    42   0.0175   2.0475   0.0000   0.2210   0.0113   0.1781   0.0399   0.8081   0.8080   0.0158   0.0000  -0.0784  -0.2794    0.347
    43   0.0200   2.0980   0.0000   0.2100   0.0105   0.1686   0.0390   0.8053   0.8050   0.0160   0.0000  -0.0782  -0.2787    0.347
    44   0.0230   2.1485   0.0000   0.1980   0.0101   0.1582   0.0396   0.8015   0.8012   0.0159   0.0000  -0.0778  -0.2767    0.347
    45   0.0265   2.1990   0.0000   0.1845   0.0092   0.1465   0.0396   0.7961   0.7959   0.0157   0.0000  -0.0766  -0.2746    0.346
    46   0.0300   2.2495   0.0000   0.1685   0.0086   0.1330   0.0381   0.7910   0.7910   0.0159   0.0000  -0.0763  -0.2727    0.346
    47   0.0345   2.3005   0.0000   0.1500   0.0077   0.1173   0.0370   0.7841   0.7841   0.0157   0.0000  -0.0752  -0.2694    0.346
    48   0.0405   2.3510   0.0000   0.1280   0.0064   0.0989   0.0360   0.7750   0.7747   0.0147   0.0000  -0.0728  -0.2634    0.344
    49   0.0480   2.4015   0.0000   0.0995   0.0051   0.0754   0.0310   0.7602   0.7602   0.0127   0.0000  -0.0680  -0.2544    0.339
    50   0.0620   2.4520   0.0000   0.0415   0.0021   0.0392  -0.0510   0.9515   0.9513  -0.0174   0.0000  -0.0570  -0.2723    0.310
 ---------------------------------------------------------------
