 ---------------------------------------------------------------
 Surface and Strip Forces by surface

  Sref =  1.2850       Cref = 0.25900       Bref =  4.9540    
  Xref =-0.65000E-01   Yref =  0.0000       Zref =  0.0000    

  Surface # 1     Wing                                    
     # Chordwise = 12   # Spanwise = 50     First strip =  1
     Surface area Ssurf =    0.641762     Ave. chord Cave =    0.259089

 Forces referred to Sref, Cref, Bref about Xref, Yref, Zref
 Standard axis orientation,  X fwd, Z down         
     CLsurf  =   0.53483     Clsurf  =  -0.11790
     CYsurf  =  -0.00204     Cmsurf  =  -0.32388
     CDsurf  =   0.00958     Cnsurf  =  -0.01324
     CDisurf =   0.00958     CDvsurf =   0.00000

 Forces referred to Ssurf, Cave 
     CLsurf  =   1.07089     CDsurf  =   0.01917

 Strip Forces referred to Strip Area, Chord
    j     Xle      Yle      Zle      Chord    Area     c_cl     ai     cl_norm    cl       cd       cdv    cm_c/4     cm_LE   C.P.x/c
     1   0.0000   0.0255   0.0000   0.2900   0.0148   0.3212   0.0262   1.1155   1.1155   0.0145   0.0000  -0.0813  -0.3582    0.323
     2   0.0000   0.0760   0.0000   0.2900   0.0145   0.3212   0.0262   1.1154   1.1154   0.0146   0.0000  -0.0813  -0.3582    0.323
     3   0.0000   0.1265   0.0000   0.2900   0.0148   0.3211   0.0263   1.1152   1.1152   0.0146   0.0000  -0.0813  -0.3581    0.323
     4   0.0000   0.1770   0.0000   0.2900   0.0145   0.3210   0.0264   1.1149   1.1149   0.0146   0.0000  -0.0813  -0.3580    0.323
     5   0.0000   0.2275   0.0000   0.2900   0.0148   0.3209   0.0265   1.1145   1.1145   0.0147   0.0000  -0.0813  -0.3579    0.323
     6   0.0000   0.2780   0.0000   0.2900   0.0145   0.3208   0.0266   1.1140   1.1140   0.0147   0.0000  -0.0813  -0.3578    0.323
     7   0.0000   0.3285   0.0000   0.2900   0.0148   0.3206   0.0268   1.1134   1.1134   0.0148   0.0000  -0.0813  -0.3576    0.323
     8   0.0000   0.3790   0.0000   0.2900   0.0145   0.3204   0.0270   1.1126   1.1126   0.0149   0.0000  -0.0812  -0.3574    0.323
     9   0.0000   0.4295   0.0000   0.2900   0.0148   0.3201   0.0272   1.1117   1.1117   0.0151   0.0000  -0.0812  -0.3572    0.323
    10   0.0000   0.4805   0.0000   0.2900   0.0148   0.3198   0.0275   1.1108   1.1108   0.0152   0.0000  -0.0812  -0.3569    0.323
    11   0.0000   0.5310   0.0000   0.2900   0.0145   0.3195   0.0278   1.1096   1.1096   0.0153   0.0000  -0.0812  -0.3566    0.323
    12   0.0000   0.5815   0.0000   0.2900   0.0148   0.3192   0.0282   1.1084   1.1084   0.0155   0.0000  -0.0812  -0.3563    0.323
    13   0.0000   0.6320   0.0000   0.2900   0.0145   0.3188   0.0285   1.1069   1.1069   0.0157   0.0000  -0.0811  -0.3559    0.323
    14   0.0000   0.6825   0.0000   0.2900   0.0148   0.3183   0.0290   1.1053   1.1053   0.0159   0.0000  -0.0811  -0.3555    0.323
    15   0.0000   0.7330   0.0000   0.2900   0.0145   0.3178   0.0294   1.1036   1.1036   0.0161   0.0000  -0.0811  -0.3551    0.323
    16   0.0000   0.7835   0.0000   0.2900   0.0148   0.3173   0.0300   1.1016   1.1016   0.0164   0.0000  -0.0810  -0.3545    0.324
    17   0.0000   0.8340   0.0000   0.2900   0.0145   0.3167   0.0305   1.0994   1.0994   0.0167   0.0000  -0.0810  -0.3540    0.324
    18   0.0000   0.8845   0.0000   0.2900   0.0148   0.3160   0.0312   1.0970   1.0970   0.0170   0.0000  -0.0809  -0.3533    0.324
    19   0.0000   0.9355   0.0000   0.2900   0.0148   0.3152   0.0319   1.0944   1.0944   0.0173   0.0000  -0.0809  -0.3526    0.324
    20   0.0000   0.9860   0.0000   0.2900   0.0145   0.3144   0.0327   1.0914   1.0914   0.0177   0.0000  -0.0808  -0.3518    0.324
    21   0.0000   1.0365   0.0000   0.2900   0.0148   0.3135   0.0335   1.0881   1.0881   0.0181   0.0000  -0.0807  -0.3509    0.324
    22   0.0000   1.0870   0.0000   0.2900   0.0145   0.3124   0.0345   1.0845   1.0845   0.0185   0.0000  -0.0806  -0.3499    0.324
    23   0.0000   1.1375   0.0000   0.2900   0.0148   0.3113   0.0355   1.0804   1.0804   0.0190   0.0000  -0.0805  -0.3488    0.325
    24   0.0000   1.1880   0.0000   0.2900   0.0145   0.3100   0.0367   1.0760   1.0760   0.0195   0.0000  -0.0804  -0.3476    0.325
    25   0.0000   1.2258   0.0000   0.2900   0.0074   0.3089   0.0377   1.0721   1.0721   0.0200   0.0000  -0.0802  -0.3466    0.325
    26   0.0000   1.2512   0.0000   0.2900   0.0074   0.3080   0.0385   1.0687   1.0687   0.0203   0.0000  -0.0801  -0.3456    0.325
    27   0.0000   1.2890   0.0000   0.2900   0.0145   0.3067   0.0398   1.0642   1.0642   0.0208   0.0000  -0.0800  -0.3444    0.325
    28   0.0000   1.3395   0.0000   0.2895   0.0148   0.3047   0.0409   1.0591   1.0591   0.0217   0.0000  -0.0800  -0.3431    0.326
    29   0.0005   1.3905   0.0000   0.2885   0.0147   0.3024   0.0426   1.0548   1.0546   0.0218   0.0000  -0.0795  -0.3415    0.325
    30   0.0010   1.4410   0.0000   0.2870   0.0144   0.2996   0.0439   1.0504   1.0503   0.0221   0.0000  -0.0792  -0.3402    0.325
    31   0.0015   1.4915   0.0000   0.2845   0.0145   0.2963   0.0440   1.0477   1.0477   0.0225   0.0000  -0.0793  -0.3396    0.326
    32   0.0020   1.5420   0.0000   0.2820   0.0141   0.2925   0.0450   1.0436   1.0435   0.0229   0.0000  -0.0792  -0.3385    0.326
    33   0.0025   1.5925   0.0000   0.2790   0.0142   0.2883   0.0456   1.0394   1.0394   0.0236   0.0000  -0.0793  -0.3375    0.326
    34   0.0035   1.6430   0.0000   0.2750   0.0137   0.2835   0.0459   1.0371   1.0371   0.0237   0.0000  -0.0791  -0.3368    0.326
    35   0.0045   1.6935   0.0000   0.2710   0.0138   0.2783   0.0469   1.0330   1.0330   0.0241   0.0000  -0.0789  -0.3357    0.326
    36   0.0060   1.7440   0.0000   0.2660   0.0133   0.2725   0.0477   1.0306   1.0305   0.0240   0.0000  -0.0785  -0.3344    0.326
    37   0.0075   1.7945   0.0000   0.2600   0.0133   0.2660   0.0474   1.0291   1.0290   0.0241   0.0000  -0.0785  -0.3342    0.326
    38   0.0090   1.8455   0.0000   0.2540   0.0130   0.2589   0.0483   1.0252   1.0251   0.0245   0.0000  -0.0783  -0.3329    0.326
    39   0.0110   1.8960   0.0000   0.2470   0.0124   0.2511   0.0489   1.0223   1.0223   0.0243   0.0000  -0.0778  -0.3317    0.326
    40   0.0130   1.9465   0.0000   0.2390   0.0122   0.2424   0.0489   1.0200   1.0200   0.0244   0.0000  -0.0776  -0.3309    0.326
    41   0.0150   1.9970   0.0000   0.2305   0.0115   0.2328   0.0491   1.0159   1.0159   0.0248   0.0000  -0.0774  -0.3297    0.326
    42   0.0175   2.0475   0.0000   0.2210   0.0113   0.2224   0.0499   1.0120   1.0119   0.0246   0.0000  -0.0768  -0.3278    0.326
    43   0.0200   2.0980   0.0000   0.2100   0.0105   0.2106   0.0489   1.0086   1.0082   0.0249   0.0000  -0.0766  -0.3270    0.326
    44   0.0230   2.1485   0.0000   0.1980   0.0101   0.1976   0.0496   1.0039   1.0035   0.0248   0.0000  -0.0760  -0.3245    0.326
    45   0.0265   2.1990   0.0000   0.1845   0.0092   0.1829   0.0496   0.9973   0.9971   0.0244   0.0000  -0.0747  -0.3220    0.325
    46   0.0300   2.2495   0.0000   0.1685   0.0086   0.1661   0.0478   0.9913   0.9913   0.0247   0.0000  -0.0743  -0.3198    0.325
    47   0.0345   2.3005   0.0000   0.1500   0.0077   0.1466   0.0465   0.9831   0.9831   0.0243   0.0000  -0.0730  -0.3159    0.324
    48   0.0405   2.3510   0.0000   0.1280   0.0064   0.1237   0.0452   0.9723   0.9719   0.0226   0.0000  -0.0702  -0.3088    0.322
    49   0.0480   2.4015   0.0000   0.0995   0.0051   0.0945   0.0391   0.9554   0.9554   0.0194   0.0000  -0.0647  -0.2985    0.318
    50   0.0620   2.4520   0.0000   0.0415   0.0021   0.0496  -0.0611   1.2091   1.2088  -0.0289   0.0000  -0.0523  -0.3257    0.293
 ---------------------------------------------------------------
