 ---------------------------------------------------------------
 Surface and Strip Forces by surface

  Sref =  1.2850       Cref = 0.25900       Bref =  4.9540    
  Xref =-0.65000E-01   Yref =  0.0000       Zref =  0.0000    

  Surface # 1     Wing                                    
     # Chordwise = 12   # Spanwise = 50     First strip =  1
     Surface area Ssurf =    0.641762     Ave. chord Cave =    0.259089

 Forces referred to Sref, Cref, Bref about Xref, Yref, Zref
 Standard axis orientation,  X fwd, Z down         
     CLsurf  =   1.80209     Clsurf  =  -0.32505
     CYsurf  =  -0.04032     Cmsurf  =  -0.80182
     CDsurf  =   0.09226     Cnsurf  =  -0.22785
     CDisurf =   0.09226     CDvsurf =   0.00000

 Forces referred to Ssurf, Cave 
     CLsurf  =   3.60832     CDsurf  =   0.18473

 Strip Forces referred to Strip Area, Chord
    j     Xle      Yle      Zle      Chord    Area     c_cl     ai     cl_norm    cl       cd       cdv    cm_c/4     cm_LE   C.P.x/c
     1   0.0000   0.0255   0.0000   0.2900   0.0148   0.8861   0.0920   3.8000   3.8000   0.1405   0.0000  -0.0494  -0.8133    0.263
     2   0.0000   0.0760   0.0000   0.2900   0.0145   0.8860   0.0921   3.7996   3.7996   0.1406   0.0000  -0.0494  -0.8133    0.263
     3   0.0000   0.1265   0.0000   0.2900   0.0148   0.8859   0.0923   3.7986   3.7986   0.1409   0.0000  -0.0494  -0.8131    0.263
     4   0.0000   0.1770   0.0000   0.2900   0.0145   0.8856   0.0926   3.7972   3.7972   0.1413   0.0000  -0.0494  -0.8129    0.263
     5   0.0000   0.2275   0.0000   0.2900   0.0148   0.8853   0.0930   3.7954   3.7954   0.1418   0.0000  -0.0494  -0.8126    0.263
     6   0.0000   0.2780   0.0000   0.2900   0.0145   0.8849   0.0934   3.7930   3.7930   0.1425   0.0000  -0.0494  -0.8122    0.263
     7   0.0000   0.3285   0.0000   0.2900   0.0148   0.8844   0.0940   3.7901   3.7901   0.1433   0.0000  -0.0493  -0.8117    0.263
     8   0.0000   0.3790   0.0000   0.2900   0.0145   0.8838   0.0948   3.7867   3.7867   0.1443   0.0000  -0.0493  -0.8112    0.263
     9   0.0000   0.4295   0.0000   0.2900   0.0148   0.8831   0.0956   3.7828   3.7828   0.1455   0.0000  -0.0493  -0.8106    0.263
    10   0.0000   0.4805   0.0000   0.2900   0.0148   0.8823   0.0965   3.7782   3.7782   0.1468   0.0000  -0.0492  -0.8098    0.263
    11   0.0000   0.5310   0.0000   0.2900   0.0145   0.8814   0.0976   3.7731   3.7731   0.1482   0.0000  -0.0491  -0.8090    0.263
    12   0.0000   0.5815   0.0000   0.2900   0.0148   0.8804   0.0988   3.7673   3.7673   0.1499   0.0000  -0.0491  -0.8080    0.263
    13   0.0000   0.6320   0.0000   0.2900   0.0145   0.8793   0.1001   3.7608   3.7608   0.1517   0.0000  -0.0490  -0.8070    0.263
    14   0.0000   0.6825   0.0000   0.2900   0.0148   0.8780   0.1016   3.7536   3.7536   0.1537   0.0000  -0.0489  -0.8058    0.263
    15   0.0000   0.7330   0.0000   0.2900   0.0145   0.8766   0.1033   3.7456   3.7456   0.1560   0.0000  -0.0488  -0.8045    0.263
    16   0.0000   0.7835   0.0000   0.2900   0.0148   0.8750   0.1051   3.7367   3.7367   0.1584   0.0000  -0.0487  -0.8030    0.263
    17   0.0000   0.8340   0.0000   0.2900   0.0145   0.8733   0.1071   3.7269   3.7269   0.1611   0.0000  -0.0486  -0.8014    0.263
    18   0.0000   0.8845   0.0000   0.2900   0.0148   0.8713   0.1094   3.7160   3.7160   0.1641   0.0000  -0.0484  -0.7996    0.263
    19   0.0000   0.9355   0.0000   0.2900   0.0148   0.8692   0.1118   3.7038   3.7038   0.1674   0.0000  -0.0482  -0.7975    0.263
    20   0.0000   0.9860   0.0000   0.2900   0.0145   0.8668   0.1145   3.6905   3.6905   0.1709   0.0000  -0.0480  -0.7953    0.263
    21   0.0000   1.0365   0.0000   0.2900   0.0148   0.8642   0.1175   3.6757   3.6757   0.1748   0.0000  -0.0478  -0.7928    0.263
    22   0.0000   1.0870   0.0000   0.2900   0.0145   0.8612   0.1208   3.6592   3.6592   0.1791   0.0000  -0.0476  -0.7900    0.263
    23   0.0000   1.1375   0.0000   0.2900   0.0148   0.8579   0.1245   3.6410   3.6410   0.1838   0.0000  -0.0473  -0.7869    0.263
    24   0.0000   1.1880   0.0000   0.2900   0.0145   0.8543   0.1285   3.6209   3.6209   0.1891   0.0000  -0.0470  -0.7835    0.263
    25   0.0000   1.2258   0.0000   0.2900   0.0074   0.8512   0.1319   3.6035   3.6035   0.1934   0.0000  -0.0467  -0.7805    0.263
    26   0.0000   1.2512   0.0000   0.2900   0.0074   0.8484   0.1345   3.5885   3.5885   0.1969   0.0000  -0.0464  -0.7778    0.263
    27   0.0000   1.2890   0.0000   0.2900   0.0145   0.8448   0.1387   3.5683   3.5683   0.2022   0.0000  -0.0461  -0.7744    0.263
    28   0.0000   1.3395   0.0000   0.2895   0.0148   0.8392   0.1425   3.5423   3.5422   0.2120   0.0000  -0.0462  -0.7709    0.263
    29   0.0005   1.3905   0.0000   0.2885   0.0147   0.8326   0.1478   3.5267   3.5262   0.2116   0.0000  -0.0451  -0.7665    0.263
    30   0.0010   1.4410   0.0000   0.2870   0.0144   0.8249   0.1521   3.5089   3.5087   0.2144   0.0000  -0.0443  -0.7629    0.263
    31   0.0015   1.4915   0.0000   0.2845   0.0145   0.8156   0.1532   3.4969   3.4968   0.2177   0.0000  -0.0444  -0.7610    0.263
    32   0.0020   1.5420   0.0000   0.2820   0.0141   0.8053   0.1563   3.4786   3.4784   0.2227   0.0000  -0.0442  -0.7581    0.263
    33   0.0025   1.5925   0.0000   0.2790   0.0142   0.7936   0.1585   3.4577   3.4577   0.2308   0.0000  -0.0445  -0.7555    0.263
    34   0.0035   1.6430   0.0000   0.2750   0.0137   0.7806   0.1598   3.4504   3.4504   0.2299   0.0000  -0.0440  -0.7534    0.263
    35   0.0045   1.6935   0.0000   0.2710   0.0138   0.7662   0.1631   3.4320   3.4320   0.2354   0.0000  -0.0437  -0.7504    0.263
    36   0.0060   1.7440   0.0000   0.2660   0.0133   0.7503   0.1657   3.4262   3.4260   0.2319   0.0000  -0.0425  -0.7471    0.262
    37   0.0075   1.7945   0.0000   0.2600   0.0133   0.7324   0.1654   3.4207   3.4205   0.2327   0.0000  -0.0423  -0.7464    0.262
    38   0.0090   1.8455   0.0000   0.2540   0.0130   0.7128   0.1681   3.4033   3.4031   0.2378   0.0000  -0.0421  -0.7431    0.262
    39   0.0110   1.8960   0.0000   0.2470   0.0124   0.6913   0.1701   3.3964   3.3964   0.2342   0.0000  -0.0407  -0.7399    0.262
    40   0.0130   1.9465   0.0000   0.2390   0.0122   0.6675   0.1703   3.3887   3.3887   0.2344   0.0000  -0.0402  -0.7379    0.262
    41   0.0150   1.9970   0.0000   0.2305   0.0115   0.6414   0.1711   3.3717   3.3716   0.2389   0.0000  -0.0399  -0.7349    0.262
    42   0.0175   2.0475   0.0000   0.2210   0.0113   0.6126   0.1734   3.3612   3.3610   0.2354   0.0000  -0.0384  -0.7301    0.261
    43   0.0200   2.0980   0.0000   0.2100   0.0105   0.5803   0.1710   3.3482   3.3474   0.2386   0.0000  -0.0378  -0.7281    0.261
    44   0.0230   2.1485   0.0000   0.1980   0.0101   0.5448   0.1727   3.3349   3.3341   0.2359   0.0000  -0.0366  -0.7222    0.261
    45   0.0265   2.1990   0.0000   0.1845   0.0092   0.5046   0.1728   3.3183   3.3179   0.2304   0.0000  -0.0334  -0.7159    0.260
    46   0.0300   2.2495   0.0000   0.1685   0.0086   0.4587   0.1676   3.2994   3.2994   0.2324   0.0000  -0.0327  -0.7110    0.260
    47   0.0345   2.3005   0.0000   0.1500   0.0077   0.4054   0.1633   3.2793   3.2793   0.2267   0.0000  -0.0298  -0.7021    0.259
    48   0.0405   2.3510   0.0000   0.1280   0.0064   0.3426   0.1588   3.2632   3.2624   0.2056   0.0000  -0.0235  -0.6859    0.257
    49   0.0480   2.4015   0.0000   0.0995   0.0051   0.2628   0.1387   3.2435   3.2434   0.1734   0.0000  -0.0123  -0.6646    0.254
    50   0.0620   2.4520   0.0000   0.0415   0.0021   0.1413  -0.1833   4.6236   4.6229  -0.3301   0.0000   0.0110  -0.7800    0.248
 ---------------------------------------------------------------
