 ---------------------------------------------------------------
 Surface and Strip Forces by surface

  Sref =  1.2850       Cref = 0.25900       Bref =  4.9540    
  Xref =-0.65000E-01   Yref =  0.0000       Zref =  0.0000    

  Surface # 1     Wing                                    
     # Chordwise = 12   # Spanwise = 50     First strip =  1
     Surface area Ssurf =    0.641762     Ave. chord Cave =    0.259089

 Forces referred to Sref, Cref, Bref about Xref, Yref, Zref
 Standard axis orientation,  X fwd, Z down         
     CLsurf  =   0.29737     Clsurf  =  -0.06594
     CYsurf  =  -0.00023     Cmsurf  =  -0.20062
     CDsurf  =   0.00298     Cnsurf  =  -0.00233
     CDisurf =   0.00298     CDvsurf =   0.00000

 Forces referred to Ssurf, Cave 
     CLsurf  =   0.59543     CDsurf  =   0.00596

 Strip Forces referred to Strip Area, Chord
    j     Xle      Yle      Zle      Chord    Area     c_cl     ai     cl_norm    cl       cd       cdv    cm_c/4     cm_LE   C.P.x/c
     1   0.0000   0.0255   0.0000   0.2900   0.0148   0.1795   0.0145   0.6195   0.6195   0.0045   0.0000  -0.0828  -0.2376    0.384
     2   0.0000   0.0760   0.0000   0.2900   0.0145   0.1795   0.0145   0.6195   0.6195   0.0045   0.0000  -0.0828  -0.2375    0.384
     3   0.0000   0.1265   0.0000   0.2900   0.0148   0.1795   0.0146   0.6194   0.6194   0.0045   0.0000  -0.0828  -0.2375    0.384
     4   0.0000   0.1770   0.0000   0.2900   0.0145   0.1794   0.0146   0.6192   0.6192   0.0045   0.0000  -0.0828  -0.2375    0.384
     5   0.0000   0.2275   0.0000   0.2900   0.0148   0.1794   0.0147   0.6190   0.6190   0.0045   0.0000  -0.0828  -0.2374    0.384
     6   0.0000   0.2780   0.0000   0.2900   0.0145   0.1793   0.0147   0.6187   0.6187   0.0046   0.0000  -0.0828  -0.2373    0.384
     7   0.0000   0.3285   0.0000   0.2900   0.0148   0.1792   0.0148   0.6184   0.6184   0.0046   0.0000  -0.0828  -0.2372    0.384
     8   0.0000   0.3790   0.0000   0.2900   0.0145   0.1791   0.0149   0.6180   0.6180   0.0046   0.0000  -0.0828  -0.2371    0.384
     9   0.0000   0.4295   0.0000   0.2900   0.0148   0.1789   0.0151   0.6175   0.6175   0.0047   0.0000  -0.0828  -0.2370    0.384
    10   0.0000   0.4805   0.0000   0.2900   0.0148   0.1788   0.0152   0.6170   0.6170   0.0047   0.0000  -0.0827  -0.2369    0.384
    11   0.0000   0.5310   0.0000   0.2900   0.0145   0.1786   0.0154   0.6164   0.6164   0.0048   0.0000  -0.0827  -0.2367    0.384
    12   0.0000   0.5815   0.0000   0.2900   0.0148   0.1784   0.0156   0.6157   0.6157   0.0048   0.0000  -0.0827  -0.2365    0.384
    13   0.0000   0.6320   0.0000   0.2900   0.0145   0.1782   0.0158   0.6149   0.6149   0.0049   0.0000  -0.0827  -0.2363    0.384
    14   0.0000   0.6825   0.0000   0.2900   0.0148   0.1780   0.0160   0.6141   0.6141   0.0049   0.0000  -0.0827  -0.2361    0.385
    15   0.0000   0.7330   0.0000   0.2900   0.0145   0.1777   0.0163   0.6132   0.6132   0.0050   0.0000  -0.0827  -0.2358    0.385
    16   0.0000   0.7835   0.0000   0.2900   0.0148   0.1774   0.0166   0.6121   0.6121   0.0051   0.0000  -0.0826  -0.2356    0.385
    17   0.0000   0.8340   0.0000   0.2900   0.0145   0.1771   0.0169   0.6110   0.6110   0.0052   0.0000  -0.0826  -0.2353    0.385
    18   0.0000   0.8845   0.0000   0.2900   0.0148   0.1767   0.0172   0.6097   0.6097   0.0053   0.0000  -0.0826  -0.2349    0.385
    19   0.0000   0.9355   0.0000   0.2900   0.0148   0.1763   0.0176   0.6083   0.6083   0.0054   0.0000  -0.0826  -0.2345    0.386
    20   0.0000   0.9860   0.0000   0.2900   0.0145   0.1758   0.0181   0.6067   0.6067   0.0055   0.0000  -0.0825  -0.2341    0.386
    21   0.0000   1.0365   0.0000   0.2900   0.0148   0.1753   0.0186   0.6050   0.6050   0.0056   0.0000  -0.0825  -0.2336    0.386
    22   0.0000   1.0870   0.0000   0.2900   0.0145   0.1748   0.0191   0.6031   0.6031   0.0057   0.0000  -0.0824  -0.2331    0.387
    23   0.0000   1.1375   0.0000   0.2900   0.0148   0.1742   0.0197   0.6009   0.6009   0.0059   0.0000  -0.0823  -0.2325    0.387
    24   0.0000   1.1880   0.0000   0.2900   0.0145   0.1735   0.0204   0.5986   0.5986   0.0060   0.0000  -0.0823  -0.2318    0.387
    25   0.0000   1.2258   0.0000   0.2900   0.0074   0.1729   0.0210   0.5965   0.5965   0.0062   0.0000  -0.0822  -0.2312    0.388
    26   0.0000   1.2512   0.0000   0.2900   0.0074   0.1724   0.0214   0.5948   0.5948   0.0063   0.0000  -0.0821  -0.2307    0.388
    27   0.0000   1.2890   0.0000   0.2900   0.0145   0.1717   0.0222   0.5924   0.5924   0.0064   0.0000  -0.0820  -0.2300    0.388
    28   0.0000   1.3395   0.0000   0.2895   0.0148   0.1706   0.0228   0.5897   0.5897   0.0066   0.0000  -0.0820  -0.2293    0.389
    29   0.0005   1.3905   0.0000   0.2885   0.0147   0.1694   0.0238   0.5875   0.5874   0.0067   0.0000  -0.0817  -0.2284    0.389
    30   0.0010   1.4410   0.0000   0.2870   0.0144   0.1678   0.0246   0.5851   0.5851   0.0068   0.0000  -0.0815  -0.2277    0.389
    31   0.0015   1.4915   0.0000   0.2845   0.0145   0.1660   0.0246   0.5836   0.5836   0.0069   0.0000  -0.0816  -0.2274    0.390
    32   0.0020   1.5420   0.0000   0.2820   0.0141   0.1639   0.0251   0.5815   0.5814   0.0071   0.0000  -0.0815  -0.2268    0.390
    33   0.0025   1.5925   0.0000   0.2790   0.0142   0.1615   0.0255   0.5792   0.5792   0.0073   0.0000  -0.0815  -0.2262    0.391
    34   0.0035   1.6430   0.0000   0.2750   0.0137   0.1588   0.0256   0.5779   0.5779   0.0073   0.0000  -0.0815  -0.2258    0.391
    35   0.0045   1.6935   0.0000   0.2710   0.0138   0.1559   0.0262   0.5757   0.5757   0.0074   0.0000  -0.0813  -0.2251    0.391
    36   0.0060   1.7440   0.0000   0.2660   0.0133   0.1527   0.0267   0.5743   0.5743   0.0074   0.0000  -0.0811  -0.2244    0.391
    37   0.0075   1.7945   0.0000   0.2600   0.0133   0.1490   0.0264   0.5734   0.5734   0.0075   0.0000  -0.0811  -0.2243    0.391
    38   0.0090   1.8455   0.0000   0.2540   0.0130   0.1450   0.0270   0.5713   0.5712   0.0076   0.0000  -0.0810  -0.2235    0.392
    39   0.0110   1.8960   0.0000   0.2470   0.0124   0.1406   0.0273   0.5696   0.5696   0.0076   0.0000  -0.0807  -0.2228    0.392
    40   0.0130   1.9465   0.0000   0.2390   0.0122   0.1357   0.0273   0.5682   0.5682   0.0076   0.0000  -0.0806  -0.2224    0.392
    41   0.0150   1.9970   0.0000   0.2305   0.0115   0.1304   0.0274   0.5658   0.5658   0.0077   0.0000  -0.0804  -0.2216    0.392
    42   0.0175   2.0475   0.0000   0.2210   0.0113   0.1245   0.0279   0.5635   0.5635   0.0077   0.0000  -0.0800  -0.2204    0.392
    43   0.0200   2.0980   0.0000   0.2100   0.0105   0.1178   0.0272   0.5615   0.5612   0.0078   0.0000  -0.0798  -0.2199    0.392
    44   0.0230   2.1485   0.0000   0.1980   0.0101   0.1105   0.0276   0.5586   0.5584   0.0078   0.0000  -0.0795  -0.2184    0.392
    45   0.0265   2.1990   0.0000   0.1845   0.0092   0.1023   0.0276   0.5546   0.5545   0.0077   0.0000  -0.0786  -0.2168    0.392
    46   0.0300   2.2495   0.0000   0.1685   0.0086   0.0928   0.0265   0.5508   0.5507   0.0079   0.0000  -0.0784  -0.2153    0.392
    47   0.0345   2.3005   0.0000   0.1500   0.0077   0.0818   0.0257   0.5455   0.5455   0.0078   0.0000  -0.0775  -0.2128    0.392
    48   0.0405   2.3510   0.0000   0.1280   0.0064   0.0689   0.0250   0.5384   0.5381   0.0074   0.0000  -0.0756  -0.2081    0.391
    49   0.0480   2.4015   0.0000   0.0995   0.0051   0.0523   0.0214   0.5263   0.5263   0.0065   0.0000  -0.0717  -0.2007    0.386
    50   0.0620   2.4520   0.0000   0.0415   0.0021   0.0267  -0.0389   0.6453   0.6452  -0.0075   0.0000  -0.0623  -0.2074    0.347
 ---------------------------------------------------------------
