 ---------------------------------------------------------------
 Surface and Strip Forces by surface

  Sref =  1.2850       Cref = 0.25900       Bref =  4.9540    
  Xref =-0.65000E-01   Yref =  0.0000       Zref =  0.0000    

  Surface # 1     Wing                                    
     # Chordwise = 12   # Spanwise = 50     First strip =  1
     Surface area Ssurf =    0.641762     Ave. chord Cave =    0.259089

 Forces referred to Sref, Cref, Bref about Xref, Yref, Zref
 Standard axis orientation,  X fwd, Z down         
     CLsurf  =   0.37007     Clsurf  =  -0.08197
     CYsurf  =  -0.00063     Cmsurf  =  -0.23871
     CDsurf  =   0.00460     Cnsurf  =  -0.00481
     CDisurf =   0.00460     CDvsurf =   0.00000

 Forces referred to Ssurf, Cave 
     CLsurf  =   0.74100     CDsurf  =   0.00922

 Strip Forces referred to Strip Area, Chord
    j     Xle      Yle      Zle      Chord    Area     c_cl     ai     cl_norm    cl       cd       cdv    cm_c/4     cm_LE   C.P.x/c
     1   0.0000   0.0255   0.0000   0.2900   0.0148   0.2232   0.0181   0.7713   0.7713   0.0070   0.0000  -0.0825  -0.2749    0.357
     2   0.0000   0.0760   0.0000   0.2900   0.0145   0.2232   0.0181   0.7712   0.7712   0.0070   0.0000  -0.0825  -0.2749    0.357
     3   0.0000   0.1265   0.0000   0.2900   0.0148   0.2232   0.0181   0.7711   0.7711   0.0070   0.0000  -0.0825  -0.2748    0.357
     4   0.0000   0.1770   0.0000   0.2900   0.0145   0.2231   0.0182   0.7709   0.7709   0.0070   0.0000  -0.0825  -0.2748    0.357
     5   0.0000   0.2275   0.0000   0.2900   0.0148   0.2230   0.0183   0.7706   0.7706   0.0070   0.0000  -0.0825  -0.2747    0.357
     6   0.0000   0.2780   0.0000   0.2900   0.0145   0.2229   0.0184   0.7703   0.7703   0.0071   0.0000  -0.0824  -0.2746    0.357
     7   0.0000   0.3285   0.0000   0.2900   0.0148   0.2228   0.0185   0.7698   0.7698   0.0071   0.0000  -0.0824  -0.2745    0.357
     8   0.0000   0.3790   0.0000   0.2900   0.0145   0.2227   0.0186   0.7693   0.7693   0.0072   0.0000  -0.0824  -0.2744    0.357
     9   0.0000   0.4295   0.0000   0.2900   0.0148   0.2225   0.0188   0.7688   0.7688   0.0072   0.0000  -0.0824  -0.2742    0.357
    10   0.0000   0.4805   0.0000   0.2900   0.0148   0.2223   0.0190   0.7681   0.7681   0.0073   0.0000  -0.0824  -0.2740    0.357
    11   0.0000   0.5310   0.0000   0.2900   0.0145   0.2221   0.0192   0.7673   0.7673   0.0074   0.0000  -0.0824  -0.2738    0.357
    12   0.0000   0.5815   0.0000   0.2900   0.0148   0.2218   0.0194   0.7665   0.7665   0.0074   0.0000  -0.0824  -0.2736    0.357
    13   0.0000   0.6320   0.0000   0.2900   0.0145   0.2216   0.0197   0.7655   0.7655   0.0075   0.0000  -0.0824  -0.2734    0.358
    14   0.0000   0.6825   0.0000   0.2900   0.0148   0.2213   0.0200   0.7644   0.7644   0.0076   0.0000  -0.0823  -0.2731    0.358
    15   0.0000   0.7330   0.0000   0.2900   0.0145   0.2209   0.0203   0.7633   0.7633   0.0077   0.0000  -0.0823  -0.2727    0.358
    16   0.0000   0.7835   0.0000   0.2900   0.0148   0.2205   0.0207   0.7619   0.7619   0.0079   0.0000  -0.0823  -0.2724    0.358
    17   0.0000   0.8340   0.0000   0.2900   0.0145   0.2201   0.0211   0.7605   0.7605   0.0080   0.0000  -0.0822  -0.2720    0.358
    18   0.0000   0.8845   0.0000   0.2900   0.0148   0.2197   0.0215   0.7589   0.7589   0.0082   0.0000  -0.0822  -0.2716    0.358
    19   0.0000   0.9355   0.0000   0.2900   0.0148   0.2191   0.0220   0.7571   0.7571   0.0083   0.0000  -0.0822  -0.2711    0.359
    20   0.0000   0.9860   0.0000   0.2900   0.0145   0.2186   0.0225   0.7551   0.7551   0.0085   0.0000  -0.0821  -0.2705    0.359
    21   0.0000   1.0365   0.0000   0.2900   0.0148   0.2179   0.0231   0.7529   0.7529   0.0087   0.0000  -0.0821  -0.2699    0.359
    22   0.0000   1.0870   0.0000   0.2900   0.0145   0.2172   0.0238   0.7504   0.7504   0.0089   0.0000  -0.0820  -0.2693    0.359
    23   0.0000   1.1375   0.0000   0.2900   0.0148   0.2165   0.0245   0.7477   0.7477   0.0091   0.0000  -0.0819  -0.2685    0.360
    24   0.0000   1.1880   0.0000   0.2900   0.0145   0.2156   0.0254   0.7447   0.7447   0.0094   0.0000  -0.0818  -0.2677    0.360
    25   0.0000   1.2258   0.0000   0.2900   0.0074   0.2149   0.0261   0.7422   0.7422   0.0096   0.0000  -0.0817  -0.2669    0.360
    26   0.0000   1.2512   0.0000   0.2900   0.0074   0.2142   0.0267   0.7399   0.7399   0.0097   0.0000  -0.0816  -0.2663    0.360
    27   0.0000   1.2890   0.0000   0.2900   0.0145   0.2133   0.0276   0.7369   0.7369   0.0100   0.0000  -0.0815  -0.2654    0.361
    28   0.0000   1.3395   0.0000   0.2895   0.0148   0.2120   0.0283   0.7335   0.7335   0.0103   0.0000  -0.0815  -0.2645    0.361
    29   0.0005   1.3905   0.0000   0.2885   0.0147   0.2104   0.0295   0.7306   0.7305   0.0104   0.0000  -0.0812  -0.2634    0.361
    30   0.0010   1.4410   0.0000   0.2870   0.0144   0.2085   0.0305   0.7276   0.7276   0.0105   0.0000  -0.0809  -0.2625    0.361
    31   0.0015   1.4915   0.0000   0.2845   0.0145   0.2061   0.0305   0.7258   0.7258   0.0108   0.0000  -0.0810  -0.2621    0.362
    32   0.0020   1.5420   0.0000   0.2820   0.0141   0.2036   0.0312   0.7230   0.7230   0.0110   0.0000  -0.0809  -0.2614    0.362
    33   0.0025   1.5925   0.0000   0.2790   0.0142   0.2006   0.0316   0.7202   0.7202   0.0113   0.0000  -0.0809  -0.2607    0.362
    34   0.0035   1.6430   0.0000   0.2750   0.0137   0.1973   0.0318   0.7186   0.7186   0.0114   0.0000  -0.0809  -0.2602    0.363
    35   0.0045   1.6935   0.0000   0.2710   0.0138   0.1937   0.0325   0.7158   0.7158   0.0115   0.0000  -0.0807  -0.2594    0.363
    36   0.0060   1.7440   0.0000   0.2660   0.0133   0.1897   0.0331   0.7141   0.7141   0.0115   0.0000  -0.0804  -0.2585    0.363
    37   0.0075   1.7945   0.0000   0.2600   0.0133   0.1851   0.0329   0.7130   0.7130   0.0116   0.0000  -0.0804  -0.2584    0.363
    38   0.0090   1.8455   0.0000   0.2540   0.0130   0.1801   0.0335   0.7103   0.7103   0.0118   0.0000  -0.0803  -0.2574    0.363
    39   0.0110   1.8960   0.0000   0.2470   0.0124   0.1747   0.0339   0.7083   0.7083   0.0117   0.0000  -0.0799  -0.2565    0.363
    40   0.0130   1.9465   0.0000   0.2390   0.0122   0.1686   0.0339   0.7066   0.7066   0.0118   0.0000  -0.0798  -0.2560    0.363
    41   0.0150   1.9970   0.0000   0.2305   0.0115   0.1620   0.0340   0.7037   0.7037   0.0119   0.0000  -0.0796  -0.2551    0.363
    42   0.0175   2.0475   0.0000   0.2210   0.0113   0.1547   0.0346   0.7009   0.7009   0.0119   0.0000  -0.0792  -0.2537    0.363
    43   0.0200   2.0980   0.0000   0.2100   0.0105   0.1464   0.0338   0.6985   0.6982   0.0120   0.0000  -0.0790  -0.2531    0.363
    44   0.0230   2.1485   0.0000   0.1980   0.0101   0.1374   0.0343   0.6951   0.6948   0.0120   0.0000  -0.0786  -0.2513    0.363
    45   0.0265   2.1990   0.0000   0.1845   0.0092   0.1271   0.0343   0.6903   0.6901   0.0119   0.0000  -0.0776  -0.2494    0.362
    46   0.0300   2.2495   0.0000   0.1685   0.0086   0.1154   0.0330   0.6857   0.6857   0.0120   0.0000  -0.0772  -0.2477    0.363
    47   0.0345   2.3005   0.0000   0.1500   0.0077   0.1018   0.0320   0.6796   0.6796   0.0119   0.0000  -0.0762  -0.2447    0.362
    48   0.0405   2.3510   0.0000   0.1280   0.0064   0.0858   0.0312   0.6713   0.6710   0.0112   0.0000  -0.0741  -0.2393    0.360
    49   0.0480   2.4015   0.0000   0.0995   0.0051   0.0653   0.0268   0.6577   0.6576   0.0097   0.0000  -0.0697  -0.2310    0.356
    50   0.0620   2.4520   0.0000   0.0415   0.0021   0.0338  -0.0457   0.8170   0.8168  -0.0125   0.0000  -0.0594  -0.2440    0.323
 ---------------------------------------------------------------
