 ---------------------------------------------------------------
 Surface and Strip Forces by surface

  Sref =  1.2850       Cref = 0.25900       Bref =  4.9540    
  Xref =-0.65000E-01   Yref =  0.0000       Zref =  0.0000    

  Surface # 1     Wing                                    
     # Chordwise = 12   # Spanwise = 50     First strip =  1
     Surface area Ssurf =    0.641762     Ave. chord Cave =    0.259089

 Forces referred to Sref, Cref, Bref about Xref, Yref, Zref
 Standard axis orientation,  X fwd, Z down         
     CLsurf  =   2.05592     Clsurf  =  -0.32584
     CYsurf  =  -0.05563     Cmsurf  =  -0.79705
     CDsurf  =   0.10710     Cnsurf  =  -0.31215
     CDisurf =   0.10710     CDvsurf =   0.00000

 Forces referred to Ssurf, Cave 
     CLsurf  =   4.11656     CDsurf  =   0.21445

 Strip Forces referred to Strip Area, Chord
    j     Xle      Yle      Zle      Chord    Area     c_cl     ai     cl_norm    cl       cd       cdv    cm_c/4     cm_LE   C.P.x/c
     1   0.0000   0.0255   0.0000   0.2900   0.0148   0.8883   0.1065   4.3538   4.3538   0.1631   0.0000  -0.0367  -0.8025    0.258
     2   0.0000   0.0760   0.0000   0.2900   0.0145   0.8882   0.1067   4.3532   4.3532   0.1633   0.0000  -0.0367  -0.8024    0.258
     3   0.0000   0.1265   0.0000   0.2900   0.0148   0.8881   0.1069   4.3520   4.3520   0.1636   0.0000  -0.0367  -0.8022    0.258
     4   0.0000   0.1770   0.0000   0.2900   0.0145   0.8878   0.1072   4.3503   4.3503   0.1641   0.0000  -0.0367  -0.8020    0.258
     5   0.0000   0.2275   0.0000   0.2900   0.0148   0.8875   0.1077   4.3479   4.3479   0.1647   0.0000  -0.0366  -0.8017    0.258
     6   0.0000   0.2780   0.0000   0.2900   0.0145   0.8871   0.1083   4.3449   4.3449   0.1655   0.0000  -0.0366  -0.8013    0.258
     7   0.0000   0.3285   0.0000   0.2900   0.0148   0.8866   0.1089   4.3413   4.3413   0.1664   0.0000  -0.0366  -0.8009    0.258
     8   0.0000   0.3790   0.0000   0.2900   0.0145   0.8860   0.1098   4.3371   4.3371   0.1676   0.0000  -0.0366  -0.8003    0.258
     9   0.0000   0.4295   0.0000   0.2900   0.0148   0.8853   0.1107   4.3321   4.3321   0.1689   0.0000  -0.0365  -0.7997    0.258
    10   0.0000   0.4805   0.0000   0.2900   0.0148   0.8845   0.1118   4.3264   4.3264   0.1704   0.0000  -0.0365  -0.7989    0.258
    11   0.0000   0.5310   0.0000   0.2900   0.0145   0.8836   0.1131   4.3199   4.3199   0.1721   0.0000  -0.0364  -0.7981    0.258
    12   0.0000   0.5815   0.0000   0.2900   0.0148   0.8826   0.1145   4.3126   4.3126   0.1740   0.0000  -0.0363  -0.7972    0.258
    13   0.0000   0.6320   0.0000   0.2900   0.0145   0.8814   0.1160   4.3045   4.3045   0.1762   0.0000  -0.0362  -0.7961    0.258
    14   0.0000   0.6825   0.0000   0.2900   0.0148   0.8801   0.1177   4.2955   4.2955   0.1785   0.0000  -0.0362  -0.7949    0.258
    15   0.0000   0.7330   0.0000   0.2900   0.0145   0.8787   0.1197   4.2854   4.2854   0.1811   0.0000  -0.0361  -0.7936    0.258
    16   0.0000   0.7835   0.0000   0.2900   0.0148   0.8772   0.1218   4.2742   4.2742   0.1840   0.0000  -0.0359  -0.7921    0.258
    17   0.0000   0.8340   0.0000   0.2900   0.0145   0.8754   0.1241   4.2619   4.2619   0.1871   0.0000  -0.0358  -0.7905    0.258
    18   0.0000   0.8845   0.0000   0.2900   0.0148   0.8735   0.1267   4.2483   4.2483   0.1905   0.0000  -0.0357  -0.7886    0.258
    19   0.0000   0.9355   0.0000   0.2900   0.0148   0.8713   0.1296   4.2331   4.2331   0.1944   0.0000  -0.0355  -0.7866    0.258
    20   0.0000   0.9860   0.0000   0.2900   0.0145   0.8689   0.1327   4.2163   4.2163   0.1985   0.0000  -0.0353  -0.7844    0.258
    21   0.0000   1.0365   0.0000   0.2900   0.0148   0.8663   0.1361   4.1979   4.1979   0.2030   0.0000  -0.0351  -0.7818    0.258
    22   0.0000   1.0870   0.0000   0.2900   0.0145   0.8633   0.1399   4.1773   4.1773   0.2080   0.0000  -0.0348  -0.7790    0.258
    23   0.0000   1.1375   0.0000   0.2900   0.0148   0.8600   0.1442   4.1546   4.1546   0.2135   0.0000  -0.0345  -0.7759    0.258
    24   0.0000   1.1880   0.0000   0.2900   0.0145   0.8564   0.1489   4.1294   4.1294   0.2196   0.0000  -0.0342  -0.7725    0.258
    25   0.0000   1.2258   0.0000   0.2900   0.0074   0.8532   0.1528   4.1077   4.1077   0.2247   0.0000  -0.0339  -0.7694    0.258
    26   0.0000   1.2512   0.0000   0.2900   0.0074   0.8504   0.1558   4.0892   4.0892   0.2286   0.0000  -0.0337  -0.7668    0.258
    27   0.0000   1.2890   0.0000   0.2900   0.0145   0.8468   0.1606   4.0638   4.0638   0.2349   0.0000  -0.0334  -0.7634    0.258
    28   0.0000   1.3395   0.0000   0.2895   0.0148   0.8412   0.1650   4.0301   4.0301   0.2464   0.0000  -0.0335  -0.7599    0.258
    29   0.0005   1.3905   0.0000   0.2885   0.0147   0.8346   0.1711   4.0121   4.0117   0.2459   0.0000  -0.0324  -0.7554    0.258
    30   0.0010   1.4410   0.0000   0.2870   0.0144   0.8268   0.1760   3.9906   3.9904   0.2491   0.0000  -0.0316  -0.7518    0.258
    31   0.0015   1.4915   0.0000   0.2845   0.0145   0.8175   0.1774   3.9757   3.9756   0.2528   0.0000  -0.0316  -0.7499    0.258
    32   0.0020   1.5420   0.0000   0.2820   0.0141   0.8072   0.1809   3.9527   3.9525   0.2587   0.0000  -0.0315  -0.7470    0.258
    33   0.0025   1.5925   0.0000   0.2790   0.0142   0.7955   0.1835   3.9257   3.9257   0.2682   0.0000  -0.0318  -0.7444    0.258
    34   0.0035   1.6430   0.0000   0.2750   0.0137   0.7824   0.1851   3.9177   3.9177   0.2671   0.0000  -0.0313  -0.7424    0.258
    35   0.0045   1.6935   0.0000   0.2710   0.0138   0.7680   0.1888   3.8944   3.8944   0.2735   0.0000  -0.0310  -0.7393    0.258
    36   0.0060   1.7440   0.0000   0.2660   0.0133   0.7520   0.1918   3.8890   3.8888   0.2693   0.0000  -0.0298  -0.7360    0.258
    37   0.0075   1.7945   0.0000   0.2600   0.0133   0.7341   0.1915   3.8825   3.8823   0.2702   0.0000  -0.0296  -0.7353    0.258
    38   0.0090   1.8455   0.0000   0.2540   0.0130   0.7145   0.1946   3.8604   3.8602   0.2762   0.0000  -0.0294  -0.7320    0.258
    39   0.0110   1.8960   0.0000   0.2470   0.0124   0.6929   0.1969   3.8540   3.8540   0.2719   0.0000  -0.0280  -0.7288    0.257
    40   0.0130   1.9465   0.0000   0.2390   0.0122   0.6691   0.1972   3.8451   3.8451   0.2720   0.0000  -0.0275  -0.7269    0.257
    41   0.0150   1.9970   0.0000   0.2305   0.0115   0.6429   0.1981   3.8238   3.8237   0.2773   0.0000  -0.0272  -0.7239    0.257
    42   0.0175   2.0475   0.0000   0.2210   0.0113   0.6140   0.2008   3.8130   3.8129   0.2731   0.0000  -0.0257  -0.7191    0.257
    43   0.0200   2.0980   0.0000   0.2100   0.0105   0.5817   0.1980   3.7968   3.7961   0.2768   0.0000  -0.0252  -0.7171    0.257
    44   0.0230   2.1485   0.0000   0.1980   0.0101   0.5461   0.1999   3.7825   3.7819   0.2736   0.0000  -0.0239  -0.7112    0.256
    45   0.0265   2.1990   0.0000   0.1845   0.0092   0.5059   0.2001   3.7656   3.7652   0.2671   0.0000  -0.0208  -0.7050    0.256
    46   0.0300   2.2495   0.0000   0.1685   0.0086   0.4598   0.1941   3.7435   3.7434   0.2694   0.0000  -0.0201  -0.7002    0.255
    47   0.0345   2.3005   0.0000   0.1500   0.0077   0.4065   0.1892   3.7227   3.7227   0.2626   0.0000  -0.0173  -0.6914    0.255
    48   0.0405   2.3510   0.0000   0.1280   0.0064   0.3435   0.1840   3.7119   3.7113   0.2376   0.0000  -0.0110  -0.6754    0.253
    49   0.0480   2.4015   0.0000   0.0995   0.0051   0.2636   0.1607   3.7016   3.7015   0.2002   0.0000  -0.0001  -0.6545    0.250
    50   0.0620   2.4520   0.0000   0.0415   0.0021   0.1420  -0.2098   5.4844   5.4839  -0.3880   0.0000   0.0224  -0.7732    0.246
 ---------------------------------------------------------------
