 ---------------------------------------------------------------
 Surface and Strip Forces by surface

  Sref =  1.2850       Cref = 0.25900       Bref =  4.9540    
  Xref =-0.65000E-01   Yref =  0.0000       Zref =  0.0000    

  Surface # 1     Wing                                    
     # Chordwise = 12   # Spanwise = 50     First strip =  1
     Surface area Ssurf =    0.641762     Ave. chord Cave =    0.259089

 Forces referred to Sref, Cref, Bref about Xref, Yref, Zref
 Standard axis orientation,  X fwd, Z down         
     CLsurf  =   0.66406     Clsurf  =  -0.14552
     CYsurf  =  -0.00365     Cmsurf  =  -0.38913
     CDsurf  =   0.01469     Cnsurf  =  -0.02264
     CDisurf =   0.01469     CDvsurf =   0.00000

 Forces referred to Ssurf, Cave 
     CLsurf  =   1.32964     CDsurf  =   0.02942

 Strip Forces referred to Strip Area, Chord
    j     Xle      Yle      Zle      Chord    Area     c_cl     ai     cl_norm    cl       cd       cdv    cm_c/4     cm_LE   C.P.x/c
     1   0.0000   0.0255   0.0000   0.2900   0.0148   0.3965   0.0326   1.3859   1.3859   0.0223   0.0000  -0.0800  -0.4218    0.308
     2   0.0000   0.0760   0.0000   0.2900   0.0145   0.3965   0.0327   1.3858   1.3858   0.0223   0.0000  -0.0800  -0.4217    0.308
     3   0.0000   0.1265   0.0000   0.2900   0.0148   0.3964   0.0327   1.3855   1.3855   0.0224   0.0000  -0.0799  -0.4217    0.308
     4   0.0000   0.1770   0.0000   0.2900   0.0145   0.3963   0.0328   1.3851   1.3851   0.0225   0.0000  -0.0799  -0.4216    0.308
     5   0.0000   0.2275   0.0000   0.2900   0.0148   0.3962   0.0330   1.3846   1.3846   0.0225   0.0000  -0.0799  -0.4214    0.308
     6   0.0000   0.2780   0.0000   0.2900   0.0145   0.3960   0.0331   1.3839   1.3839   0.0226   0.0000  -0.0799  -0.4213    0.308
     7   0.0000   0.3285   0.0000   0.2900   0.0148   0.3958   0.0334   1.3831   1.3831   0.0228   0.0000  -0.0799  -0.4211    0.308
     8   0.0000   0.3790   0.0000   0.2900   0.0145   0.3955   0.0336   1.3822   1.3822   0.0229   0.0000  -0.0799  -0.4208    0.308
     9   0.0000   0.4295   0.0000   0.2900   0.0148   0.3952   0.0339   1.3811   1.3811   0.0231   0.0000  -0.0799  -0.4205    0.308
    10   0.0000   0.4805   0.0000   0.2900   0.0148   0.3948   0.0342   1.3798   1.3798   0.0233   0.0000  -0.0798  -0.4202    0.308
    11   0.0000   0.5310   0.0000   0.2900   0.0145   0.3944   0.0346   1.3784   1.3784   0.0236   0.0000  -0.0798  -0.4199    0.308
    12   0.0000   0.5815   0.0000   0.2900   0.0148   0.3940   0.0350   1.3768   1.3768   0.0238   0.0000  -0.0798  -0.4194    0.308
    13   0.0000   0.6320   0.0000   0.2900   0.0145   0.3935   0.0355   1.3750   1.3750   0.0241   0.0000  -0.0798  -0.4190    0.308
    14   0.0000   0.6825   0.0000   0.2900   0.0148   0.3929   0.0360   1.3730   1.3730   0.0244   0.0000  -0.0797  -0.4185    0.308
    15   0.0000   0.7330   0.0000   0.2900   0.0145   0.3923   0.0366   1.3708   1.3708   0.0248   0.0000  -0.0797  -0.4179    0.308
    16   0.0000   0.7835   0.0000   0.2900   0.0148   0.3916   0.0373   1.3683   1.3683   0.0252   0.0000  -0.0796  -0.4172    0.308
    17   0.0000   0.8340   0.0000   0.2900   0.0145   0.3909   0.0380   1.3655   1.3655   0.0256   0.0000  -0.0796  -0.4165    0.308
    18   0.0000   0.8845   0.0000   0.2900   0.0148   0.3900   0.0388   1.3625   1.3625   0.0261   0.0000  -0.0795  -0.4157    0.308
    19   0.0000   0.9355   0.0000   0.2900   0.0148   0.3891   0.0397   1.3591   1.3591   0.0266   0.0000  -0.0794  -0.4148    0.308
    20   0.0000   0.9860   0.0000   0.2900   0.0145   0.3880   0.0406   1.3553   1.3553   0.0272   0.0000  -0.0793  -0.4138    0.309
    21   0.0000   1.0365   0.0000   0.2900   0.0148   0.3869   0.0417   1.3512   1.3512   0.0278   0.0000  -0.0792  -0.4128    0.309
    22   0.0000   1.0870   0.0000   0.2900   0.0145   0.3856   0.0429   1.3465   1.3465   0.0285   0.0000  -0.0791  -0.4115    0.309
    23   0.0000   1.1375   0.0000   0.2900   0.0148   0.3842   0.0442   1.3414   1.3414   0.0292   0.0000  -0.0790  -0.4102    0.309
    24   0.0000   1.1880   0.0000   0.2900   0.0145   0.3826   0.0457   1.3357   1.3357   0.0300   0.0000  -0.0788  -0.4086    0.309
    25   0.0000   1.2258   0.0000   0.2900   0.0074   0.3812   0.0469   1.3308   1.3308   0.0307   0.0000  -0.0787  -0.4073    0.309
    26   0.0000   1.2512   0.0000   0.2900   0.0074   0.3800   0.0479   1.3265   1.3265   0.0312   0.0000  -0.0785  -0.4061    0.309
    27   0.0000   1.2890   0.0000   0.2900   0.0145   0.3785   0.0495   1.3208   1.3208   0.0320   0.0000  -0.0783  -0.4046    0.309
    28   0.0000   1.3395   0.0000   0.2895   0.0148   0.3760   0.0508   1.3143   1.3143   0.0334   0.0000  -0.0784  -0.4031    0.310
    29   0.0005   1.3905   0.0000   0.2885   0.0147   0.3731   0.0528   1.3089   1.3086   0.0335   0.0000  -0.0778  -0.4011    0.309
    30   0.0010   1.4410   0.0000   0.2870   0.0144   0.3697   0.0544   1.3034   1.3032   0.0339   0.0000  -0.0775  -0.3995    0.309
    31   0.0015   1.4915   0.0000   0.2845   0.0145   0.3655   0.0547   1.2999   1.2999   0.0345   0.0000  -0.0775  -0.3987    0.310
    32   0.0020   1.5420   0.0000   0.2820   0.0141   0.3609   0.0558   1.2948   1.2947   0.0353   0.0000  -0.0774  -0.3974    0.310
    33   0.0025   1.5925   0.0000   0.2790   0.0142   0.3557   0.0566   1.2894   1.2894   0.0364   0.0000  -0.0775  -0.3962    0.310
    34   0.0035   1.6430   0.0000   0.2750   0.0137   0.3498   0.0570   1.2866   1.2866   0.0364   0.0000  -0.0773  -0.3953    0.310
    35   0.0045   1.6935   0.0000   0.2710   0.0138   0.3434   0.0583   1.2815   1.2815   0.0372   0.0000  -0.0771  -0.3939    0.310
    36   0.0060   1.7440   0.0000   0.2660   0.0133   0.3363   0.0592   1.2785   1.2784   0.0368   0.0000  -0.0766  -0.3923    0.310
    37   0.0075   1.7945   0.0000   0.2600   0.0133   0.3282   0.0589   1.2766   1.2765   0.0370   0.0000  -0.0766  -0.3921    0.310
    38   0.0090   1.8455   0.0000   0.2540   0.0130   0.3194   0.0600   1.2717   1.2716   0.0377   0.0000  -0.0764  -0.3905    0.310
    39   0.0110   1.8960   0.0000   0.2470   0.0124   0.3098   0.0607   1.2682   1.2682   0.0373   0.0000  -0.0758  -0.3890    0.310
    40   0.0130   1.9465   0.0000   0.2390   0.0122   0.2991   0.0607   1.2654   1.2654   0.0375   0.0000  -0.0755  -0.3881    0.310
    41   0.0150   1.9970   0.0000   0.2305   0.0115   0.2873   0.0610   1.2603   1.2603   0.0381   0.0000  -0.0753  -0.3866    0.310
    42   0.0175   2.0475   0.0000   0.2210   0.0113   0.2744   0.0619   1.2555   1.2554   0.0377   0.0000  -0.0746  -0.3843    0.309
    43   0.0200   2.0980   0.0000   0.2100   0.0105   0.2599   0.0608   1.2514   1.2510   0.0382   0.0000  -0.0743  -0.3833    0.309
    44   0.0230   2.1485   0.0000   0.1980   0.0101   0.2439   0.0616   1.2457   1.2452   0.0380   0.0000  -0.0737  -0.3804    0.309
    45   0.0265   2.1990   0.0000   0.1845   0.0092   0.2258   0.0616   1.2378   1.2375   0.0373   0.0000  -0.0721  -0.3774    0.308
    46   0.0300   2.2495   0.0000   0.1685   0.0086   0.2051   0.0595   1.2306   1.2306   0.0376   0.0000  -0.0716  -0.3748    0.308
    47   0.0345   2.3005   0.0000   0.1500   0.0077   0.1811   0.0579   1.2208   1.2208   0.0369   0.0000  -0.0701  -0.3702    0.307
    48   0.0405   2.3510   0.0000   0.1280   0.0064   0.1528   0.0563   1.2082   1.2077   0.0342   0.0000  -0.0668  -0.3619    0.305
    49   0.0480   2.4015   0.0000   0.0995   0.0051   0.1169   0.0488   1.1889   1.1888   0.0292   0.0000  -0.0605  -0.3499    0.301
    50   0.0620   2.4520   0.0000   0.0415   0.0021   0.0617  -0.0731   1.5206   1.5203  -0.0464   0.0000  -0.0464  -0.3883    0.281
 ---------------------------------------------------------------
