 ---------------------------------------------------------------
 Surface and Strip Forces by surface

  Sref =  1.2850       Cref = 0.25900       Bref =  4.9540    
  Xref =-0.65000E-01   Yref =  0.0000       Zref =  0.0000    

  Surface # 1     Wing                                    
     # Chordwise = 12   # Spanwise = 50     First strip =  1
     Surface area Ssurf =    0.641762     Ave. chord Cave =    0.259089

 Forces referred to Sref, Cref, Bref about Xref, Yref, Zref
 Standard axis orientation,  X fwd, Z down         
     CLsurf  =   0.67300     Clsurf  =  -0.14741
     CYsurf  =  -0.00378     Cmsurf  =  -0.39358
     CDsurf  =   0.01509     Cnsurf  =  -0.02338
     CDisurf =   0.01509     CDvsurf =   0.00000

 Forces referred to Ssurf, Cave 
     CLsurf  =   1.34755     CDsurf  =   0.03021

 Strip Forces referred to Strip Area, Chord
    j     Xle      Yle      Zle      Chord    Area     c_cl     ai     cl_norm    cl       cd       cdv    cm_c/4     cm_LE   C.P.x/c
     1   0.0000   0.0255   0.0000   0.2900   0.0148   0.4017   0.0331   1.4046   1.4046   0.0229   0.0000  -0.0798  -0.4261    0.307
     2   0.0000   0.0760   0.0000   0.2900   0.0145   0.4016   0.0331   1.4045   1.4045   0.0229   0.0000  -0.0798  -0.4261    0.307
     3   0.0000   0.1265   0.0000   0.2900   0.0148   0.4016   0.0332   1.4042   1.4042   0.0230   0.0000  -0.0798  -0.4260    0.307
     4   0.0000   0.1770   0.0000   0.2900   0.0145   0.4014   0.0333   1.4038   1.4038   0.0231   0.0000  -0.0798  -0.4259    0.307
     5   0.0000   0.2275   0.0000   0.2900   0.0148   0.4013   0.0334   1.4033   1.4033   0.0231   0.0000  -0.0798  -0.4258    0.307
     6   0.0000   0.2780   0.0000   0.2900   0.0145   0.4011   0.0336   1.4026   1.4026   0.0233   0.0000  -0.0798  -0.4256    0.307
     7   0.0000   0.3285   0.0000   0.2900   0.0148   0.4009   0.0338   1.4018   1.4018   0.0234   0.0000  -0.0798  -0.4254    0.307
     8   0.0000   0.3790   0.0000   0.2900   0.0145   0.4006   0.0341   1.4009   1.4009   0.0236   0.0000  -0.0798  -0.4251    0.307
     9   0.0000   0.4295   0.0000   0.2900   0.0148   0.4003   0.0344   1.3998   1.3998   0.0237   0.0000  -0.0798  -0.4249    0.307
    10   0.0000   0.4805   0.0000   0.2900   0.0148   0.4000   0.0347   1.3985   1.3985   0.0240   0.0000  -0.0797  -0.4245    0.307
    11   0.0000   0.5310   0.0000   0.2900   0.0145   0.3996   0.0351   1.3970   1.3970   0.0242   0.0000  -0.0797  -0.4242    0.307
    12   0.0000   0.5815   0.0000   0.2900   0.0148   0.3991   0.0355   1.3954   1.3954   0.0245   0.0000  -0.0797  -0.4237    0.307
    13   0.0000   0.6320   0.0000   0.2900   0.0145   0.3986   0.0360   1.3936   1.3936   0.0248   0.0000  -0.0796  -0.4233    0.307
    14   0.0000   0.6825   0.0000   0.2900   0.0148   0.3980   0.0365   1.3915   1.3915   0.0251   0.0000  -0.0796  -0.4227    0.307
    15   0.0000   0.7330   0.0000   0.2900   0.0145   0.3974   0.0371   1.3893   1.3893   0.0255   0.0000  -0.0796  -0.4222    0.307
    16   0.0000   0.7835   0.0000   0.2900   0.0148   0.3967   0.0378   1.3867   1.3867   0.0259   0.0000  -0.0795  -0.4215    0.307
    17   0.0000   0.8340   0.0000   0.2900   0.0145   0.3959   0.0385   1.3839   1.3839   0.0263   0.0000  -0.0794  -0.4208    0.307
    18   0.0000   0.8845   0.0000   0.2900   0.0148   0.3951   0.0393   1.3809   1.3809   0.0268   0.0000  -0.0794  -0.4200    0.307
    19   0.0000   0.9355   0.0000   0.2900   0.0148   0.3941   0.0402   1.3774   1.3774   0.0273   0.0000  -0.0793  -0.4191    0.308
    20   0.0000   0.9860   0.0000   0.2900   0.0145   0.3931   0.0412   1.3736   1.3736   0.0279   0.0000  -0.0792  -0.4181    0.308
    21   0.0000   1.0365   0.0000   0.2900   0.0148   0.3919   0.0423   1.3694   1.3694   0.0285   0.0000  -0.0791  -0.4170    0.308
    22   0.0000   1.0870   0.0000   0.2900   0.0145   0.3906   0.0435   1.3647   1.3647   0.0292   0.0000  -0.0790  -0.4157    0.308
    23   0.0000   1.1375   0.0000   0.2900   0.0148   0.3892   0.0448   1.3595   1.3595   0.0300   0.0000  -0.0789  -0.4143    0.308
    24   0.0000   1.1880   0.0000   0.2900   0.0145   0.3876   0.0463   1.3537   1.3537   0.0308   0.0000  -0.0787  -0.4128    0.308
    25   0.0000   1.2258   0.0000   0.2900   0.0074   0.3862   0.0476   1.3487   1.3487   0.0315   0.0000  -0.0785  -0.4115    0.308
    26   0.0000   1.2512   0.0000   0.2900   0.0074   0.3850   0.0485   1.3443   1.3443   0.0321   0.0000  -0.0784  -0.4103    0.308
    27   0.0000   1.2890   0.0000   0.2900   0.0145   0.3834   0.0501   1.3386   1.3386   0.0329   0.0000  -0.0782  -0.4087    0.308
    28   0.0000   1.3395   0.0000   0.2895   0.0148   0.3809   0.0515   1.3319   1.3319   0.0343   0.0000  -0.0782  -0.4072    0.309
    29   0.0005   1.3905   0.0000   0.2885   0.0147   0.3779   0.0535   1.3265   1.3262   0.0344   0.0000  -0.0777  -0.4051    0.309
    30   0.0010   1.4410   0.0000   0.2870   0.0144   0.3745   0.0551   1.3209   1.3207   0.0348   0.0000  -0.0773  -0.4035    0.309
    31   0.0015   1.4915   0.0000   0.2845   0.0145   0.3703   0.0554   1.3173   1.3173   0.0354   0.0000  -0.0774  -0.4027    0.309
    32   0.0020   1.5420   0.0000   0.2820   0.0141   0.3656   0.0566   1.3122   1.3120   0.0362   0.0000  -0.0773  -0.4014    0.309
    33   0.0025   1.5925   0.0000   0.2790   0.0142   0.3603   0.0574   1.3067   1.3067   0.0374   0.0000  -0.0774  -0.4002    0.309
    34   0.0035   1.6430   0.0000   0.2750   0.0137   0.3544   0.0578   1.3038   1.3038   0.0374   0.0000  -0.0772  -0.3993    0.309
    35   0.0045   1.6935   0.0000   0.2710   0.0138   0.3479   0.0590   1.2986   1.2986   0.0382   0.0000  -0.0770  -0.3978    0.309
    36   0.0060   1.7440   0.0000   0.2660   0.0133   0.3406   0.0600   1.2956   1.2955   0.0378   0.0000  -0.0765  -0.3963    0.309
    37   0.0075   1.7945   0.0000   0.2600   0.0133   0.3325   0.0597   1.2938   1.2936   0.0380   0.0000  -0.0764  -0.3960    0.309
    38   0.0090   1.8455   0.0000   0.2540   0.0130   0.3236   0.0608   1.2888   1.2887   0.0387   0.0000  -0.0762  -0.3944    0.309
    39   0.0110   1.8960   0.0000   0.2470   0.0124   0.3138   0.0616   1.2852   1.2852   0.0383   0.0000  -0.0756  -0.3929    0.309
    40   0.0130   1.9465   0.0000   0.2390   0.0122   0.3030   0.0616   1.2823   1.2823   0.0385   0.0000  -0.0754  -0.3920    0.309
    41   0.0150   1.9970   0.0000   0.2305   0.0115   0.2911   0.0618   1.2772   1.2772   0.0391   0.0000  -0.0752  -0.3905    0.309
    42   0.0175   2.0475   0.0000   0.2210   0.0113   0.2780   0.0628   1.2723   1.2722   0.0387   0.0000  -0.0744  -0.3882    0.308
    43   0.0200   2.0980   0.0000   0.2100   0.0105   0.2632   0.0616   1.2682   1.2677   0.0392   0.0000  -0.0741  -0.3872    0.308
    44   0.0230   2.1485   0.0000   0.1980   0.0101   0.2470   0.0624   1.2624   1.2619   0.0390   0.0000  -0.0735  -0.3842    0.308
    45   0.0265   2.1990   0.0000   0.1845   0.0092   0.2288   0.0624   1.2544   1.2541   0.0382   0.0000  -0.0719  -0.3812    0.307
    46   0.0300   2.2495   0.0000   0.1685   0.0086   0.2078   0.0603   1.2471   1.2471   0.0386   0.0000  -0.0714  -0.3785    0.307
    47   0.0345   2.3005   0.0000   0.1500   0.0077   0.1835   0.0587   1.2373   1.2373   0.0379   0.0000  -0.0699  -0.3739    0.306
    48   0.0405   2.3510   0.0000   0.1280   0.0064   0.1548   0.0571   1.2245   1.2240   0.0351   0.0000  -0.0666  -0.3655    0.304
    49   0.0480   2.4015   0.0000   0.0995   0.0051   0.1184   0.0495   1.2050   1.2050   0.0299   0.0000  -0.0602  -0.3534    0.300
    50   0.0620   2.4520   0.0000   0.0415   0.0021   0.0625  -0.0740   1.5423   1.5420  -0.0477   0.0000  -0.0460  -0.3925    0.280
 ---------------------------------------------------------------
