 ---------------------------------------------------------------
 Vortex Lattice Output -- Total Forces

 Configuration: MACE 1                                                      
     # Surfaces =   1
     # Strips   =  50
     # Vortices = 600

  Sref =  1.2850       Cref = 0.25900       Bref =  4.9540    
  Xref =-0.65000E-01   Yref =  0.0000       Zref =  0.0000    

 Standard axis orientation,  X fwd, Z down         

 Run case:  -unnamed-                              

  Alpha =  19.84708     pb/2V =  -0.00000     p'b/2V =  -0.00000
  Beta  =   0.00000     qc/2V =   0.00000
  Mach  =     0.000     rb/2V =  -0.00000     r'b/2V =  -0.00000

  CXtot =   0.66863     Cltot =  -0.00000     Cl'tot =  -0.00000
  CYtot =   0.00000     Cmtot =  -1.17757
  CZtot =  -2.07988     Cntot =  -0.00000     Cn'tot =  -0.00000

  CLtot =   2.18335
  CDtot =   0.07723
  CDvis =   0.00000     CDind = 0.0772264
  CLff  =   2.21122     CDff  = 0.0821779    | Trefftz
  CYff  =   0.00000         e =    0.9916    | Plane  


 ---------------------------------------------------------------
