 ---------------------------------------------------------------
 Vortex Lattice Output -- Total Forces

 Configuration: MACE 1                                                      
     # Surfaces =   1
     # Strips   =  50
     # Vortices = 600

  Sref =  1.2850       Cref = 0.25900       Bref =  4.9540    
  Xref =-0.65000E-01   Yref =  0.0000       Zref =  0.0000    

 Standard axis orientation,  X fwd, Z down         

 Run case:  -unnamed-                              

  Alpha =  42.17538     pb/2V =  -0.00000     p'b/2V =  -0.00000
  Beta  =   0.00000     qc/2V =   0.00000
  Mach  =     0.000     rb/2V =  -0.00000     r'b/2V =  -0.00000

  CXtot =   2.41733     Cltot =  -0.00000     Cl'tot =  -0.00000
  CYtot =   0.00000     Cmtot =  -1.61671
  CZtot =  -2.96474     Cntot =  -0.00000     Cn'tot =  -0.00000

  CLtot =   3.82015
  CDtot =   0.19907
  CDvis =   0.00000     CDind = 0.1990688
  CLff  =   4.00050     CDff  = 0.2689015    | Trefftz
  CYff  =   0.00000         e =    0.9919    | Plane  


 ---------------------------------------------------------------
