 ---------------------------------------------------------------
 Vortex Lattice Output -- Total Forces

 Configuration: MACE 1                                                      
     # Surfaces =   1
     # Strips   =  50
     # Vortices = 600

  Sref =  1.2850       Cref = 0.25900       Bref =  4.9540    
  Xref =-0.65000E-01   Yref =  0.0000       Zref =  0.0000    

 Standard axis orientation,  X fwd, Z down         

 Run case:  -unnamed-                              

  Alpha =   8.80962     pb/2V =  -0.00000     p'b/2V =  -0.00000
  Beta  =   0.00000     qc/2V =   0.00000
  Mach  =     0.000     rb/2V =  -0.00000     r'b/2V =  -0.00000

  CXtot =   0.15790     Cltot =  -0.00000     Cl'tot =  -0.00000
  CYtot =   0.00000     Cmtot =  -0.70462
  CZtot =  -1.17111     Cntot =  -0.00000     Cn'tot =  -0.00000

  CLtot =   1.18148
  CDtot =   0.02332
  CDvis =   0.00000     CDind = 0.0233222
  CLff  =   1.18509     CDff  = 0.0236166    | Trefftz
  CYff  =   0.00000         e =    0.9911    | Plane  


 ---------------------------------------------------------------
