 ---------------------------------------------------------------
 Vortex Lattice Output -- Total Forces

 Configuration: MACE 1                                                      
     # Surfaces =   1
     # Strips   =  50
     # Vortices = 600

  Sref =  1.2850       Cref = 0.25900       Bref =  4.9540    
  Xref =-0.65000E-01   Yref =  0.0000       Zref =  0.0000    

 Standard axis orientation,  X fwd, Z down         

 Run case:  -unnamed-                              

  Alpha =   5.52889     pb/2V =  -0.00000     p'b/2V =  -0.00000
  Beta  =   0.00000     qc/2V =   0.00000
  Mach  =     0.000     rb/2V =  -0.00000     r'b/2V =  -0.00000

  CXtot =   0.07109     Cltot =  -0.00000     Cl'tot =  -0.00000
  CYtot =   0.00000     Cmtot =  -0.54428
  CZtot =  -0.86582     Cntot =  -0.00000     Cn'tot =  -0.00000

  CLtot =   0.86864
  CDtot =   0.01266
  CDvis =   0.00000     CDind = 0.0126631
  CLff  =   0.86987     CDff  = 0.0127290    | Trefftz
  CYff  =   0.00000         e =    0.9907    | Plane  


 ---------------------------------------------------------------
