 ---------------------------------------------------------------
 Vortex Lattice Output -- Total Forces

 Configuration: MACE 1                                                      
     # Surfaces =   1
     # Strips   =  50
     # Vortices = 600

  Sref =  1.2850       Cref = 0.25900       Bref =  4.9540    
  Xref =-0.65000E-01   Yref =  0.0000       Zref =  0.0000    

 Standard axis orientation,  X fwd, Z down         

 Run case:  -unnamed-                              

  Alpha =   9.11535     pb/2V =  -0.00000     p'b/2V =  -0.00000
  Beta  =   0.00000     qc/2V =   0.00000
  Mach  =     0.000     rb/2V =  -0.00000     r'b/2V =  -0.00000

  CXtot =   0.16759     Cltot =  -0.00000     Cl'tot =  -0.00000
  CYtot =   0.00000     Cmtot =  -0.71921
  CZtot =  -1.19895     Cntot =  -0.00000     Cn'tot =  -0.00000

  CLtot =   1.21036
  CDtot =   0.02446
  CDvis =   0.00000     CDind = 0.0244639
  CLff  =   1.21429     CDff  = 0.0247938    | Trefftz
  CYff  =   0.00000         e =    0.9912    | Plane  


 ---------------------------------------------------------------
