 ---------------------------------------------------------------
 Vortex Lattice Output -- Total Forces

 Configuration: MACE 1                                                      
     # Surfaces =   1
     # Strips   =  50
     # Vortices = 600

  Sref =  1.2850       Cref = 0.25900       Bref =  4.9540    
  Xref =-0.65000E-01   Yref =  0.0000       Zref =  0.0000    

 Standard axis orientation,  X fwd, Z down         

 Run case:  -unnamed-                              

  Alpha =  27.60099     pb/2V =  -0.00000     p'b/2V =  -0.00000
  Beta  =   0.00000     qc/2V =   0.00000
  Mach  =     0.000     rb/2V =  -0.00000     r'b/2V =  -0.00000

  CXtot =   1.19704     Cltot =  -0.00000     Cl'tot =  -0.00000
  CYtot =   0.00000     Cmtot =  -1.42141
  CZtot =  -2.55695     Cntot =  -0.00000     Cn'tot =  -0.00000

  CLtot =   2.82055
  CDtot =   0.12386
  CDvis =   0.00000     CDind = 0.1238552
  CLff  =   2.88531     CDff  = 0.1398983    | Trefftz
  CYff  =   0.00000         e =    0.9918    | Plane  


 ---------------------------------------------------------------
